Loading miniconda version 22.11.1-1
/work/bjzhang_umass_edu/generative_tmula/ffjord-master/train_toy.py
import matplotlib
matplotlib.use('Agg')
import matplotlib.pyplot as plt

import argparse
import os
import time

import torch
import torch.optim as optim

import lib.toy_data as toy_data
import lib.utils as utils
from lib.visualize_flow import visualize_transform
import lib.layers.odefunc as odefunc

from train_misc import standard_normal_logprob
from train_misc import set_cnf_options, count_nfe, count_parameters, count_total_time
from train_misc import add_spectral_norm, spectral_norm_power_iteration
from train_misc import create_regularization_fns, get_regularization, append_regularization_to_log
from train_misc import build_model_tabular

from diagnostics.viz_toy import save_trajectory, trajectory_to_video

SOLVERS = ["dopri5", "bdf", "rk4", "midpoint", 'adams', 'explicit_adams', 'fixed_adams']
parser = argparse.ArgumentParser('Continuous Normalizing Flow')
parser.add_argument(
    '--data', choices=['swissroll', '8gaussians', 'pinwheel', 'circles', 'moons', '2spirals', 'checkerboard', 'rings'],
    type=str, default='pinwheel'
)
parser.add_argument(
    "--layer_type", type=str, default="concatsquash",
    choices=["ignore", "concat", "concat_v2", "squash", "concatsquash", "concatcoord", "hyper", "blend"]
)
parser.add_argument('--dims', type=str, default='64-64-64')
parser.add_argument("--num_blocks", type=int, default=1, help='Number of stacked CNFs.')
parser.add_argument('--time_length', type=float, default=0.5)
parser.add_argument('--train_T', type=eval, default=True)
parser.add_argument("--divergence_fn", type=str, default="brute_force", choices=["brute_force", "approximate"])
parser.add_argument("--nonlinearity", type=str, default="tanh", choices=odefunc.NONLINEARITIES)

parser.add_argument('--solver', type=str, default='dopri5', choices=SOLVERS)
parser.add_argument('--atol', type=float, default=1e-5)
parser.add_argument('--rtol', type=float, default=1e-5)
parser.add_argument("--step_size", type=float, default=None, help="Optional fixed step size.")

parser.add_argument('--test_solver', type=str, default=None, choices=SOLVERS + [None])
parser.add_argument('--test_atol', type=float, default=None)
parser.add_argument('--test_rtol', type=float, default=None)

parser.add_argument('--residual', type=eval, default=False, choices=[True, False])
parser.add_argument('--rademacher', type=eval, default=False, choices=[True, False])
parser.add_argument('--spectral_norm', type=eval, default=False, choices=[True, False])
parser.add_argument('--batch_norm', type=eval, default=False, choices=[True, False])
parser.add_argument('--bn_lag', type=float, default=0)

parser.add_argument('--niters', type=int, default=10000)
parser.add_argument('--batch_size', type=int, default=100)
parser.add_argument('--test_batch_size', type=int, default=1000)
parser.add_argument('--lr', type=float, default=1e-3)
parser.add_argument('--weight_decay', type=float, default=1e-5)

# Track quantities
parser.add_argument('--l1int', type=float, default=None, help="int_t ||f||_1")
parser.add_argument('--l2int', type=float, default=None, help="int_t ||f||_2")
parser.add_argument('--dl2int', type=float, default=None, help="int_t ||f^T df/dt||_2")
parser.add_argument('--JFrobint', type=float, default=None, help="int_t ||df/dx||_F")
parser.add_argument('--JdiagFrobint', type=float, default=None, help="int_t ||df_i/dx_i||_F")
parser.add_argument('--JoffdiagFrobint', type=float, default=None, help="int_t ||df/dx - df_i/dx_i||_F")

parser.add_argument('--save', type=str, default='experiments/cnf')
parser.add_argument('--viz_freq', type=int, default=1000)
parser.add_argument('--val_freq', type=int, default=100)
parser.add_argument('--log_freq', type=int, default=10)
parser.add_argument('--gpu', type=int, default=0)
args = parser.parse_args()

# logger
utils.makedirs(args.save)
logger = utils.get_logger(logpath=os.path.join(args.save, 'logs'), filepath=os.path.abspath(__file__))

if args.layer_type == "blend":
    logger.info("!! Setting time_length from None to 1.0 due to use of Blend layers.")
    args.time_length = 1.0

logger.info(args)

device = torch.device('cuda:' + str(args.gpu) if torch.cuda.is_available() else 'cpu')


def get_transforms(model):

    def sample_fn(z, logpz=None):
        if logpz is not None:
            return model(z, logpz, reverse=True)
        else:
            return model(z, reverse=True)

    def density_fn(x, logpx=None):
        if logpx is not None:
            return model(x, logpx, reverse=False)
        else:
            return model(x, reverse=False)

    return sample_fn, density_fn


def compute_loss(args, model, batch_size=None):
    if batch_size is None: batch_size = args.batch_size

    # load data
    x = toy_data.inf_train_gen(args.data, batch_size=batch_size)
    x = torch.from_numpy(x).type(torch.float32).to(device)
    zero = torch.zeros(x.shape[0], 1).to(x)

    # transform to z
    z, delta_logp = model(x, zero)

    # compute log q(z)
    logpz = standard_normal_logprob(z).sum(1, keepdim=True)

    logpx = logpz - delta_logp
    loss = -torch.mean(logpx)
    return loss


if __name__ == '__main__':

    regularization_fns, regularization_coeffs = create_regularization_fns(args)
    model = build_model_tabular(args, 2, regularization_fns).to(device)
    if args.spectral_norm: add_spectral_norm(model)
    set_cnf_options(args, model)

    logger.info(model)
    logger.info("Number of trainable parameters: {}".format(count_parameters(model)))

    optimizer = optim.Adam(model.parameters(), lr=args.lr, weight_decay=args.weight_decay)

    time_meter = utils.RunningAverageMeter(0.93)
    loss_meter = utils.RunningAverageMeter(0.93)
    nfef_meter = utils.RunningAverageMeter(0.93)
    nfeb_meter = utils.RunningAverageMeter(0.93)
    tt_meter = utils.RunningAverageMeter(0.93)

    end = time.time()
    best_loss = float('inf')
    model.train()
    for itr in range(1, args.niters + 1):
        optimizer.zero_grad()
        if args.spectral_norm: spectral_norm_power_iteration(model, 1)

        loss = compute_loss(args, model)
        loss_meter.update(loss.item())

        if len(regularization_coeffs) > 0:
            reg_states = get_regularization(model, regularization_coeffs)
            reg_loss = sum(
                reg_state * coeff for reg_state, coeff in zip(reg_states, regularization_coeffs) if coeff != 0
            )
            loss = loss + reg_loss

        total_time = count_total_time(model)
        nfe_forward = count_nfe(model)

        loss.backward()
        optimizer.step()

        nfe_total = count_nfe(model)
        nfe_backward = nfe_total - nfe_forward
        nfef_meter.update(nfe_forward)
        nfeb_meter.update(nfe_backward)

        time_meter.update(time.time() - end)
        tt_meter.update(total_time)

        log_message = (
            'Iter {:04d} | Time {:.4f}({:.4f}) | Loss {:.6f}({:.6f}) | NFE Forward {:.0f}({:.1f})'
            ' | NFE Backward {:.0f}({:.1f}) | CNF Time {:.4f}({:.4f})'.format(
                itr, time_meter.val, time_meter.avg, loss_meter.val, loss_meter.avg, nfef_meter.val, nfef_meter.avg,
                nfeb_meter.val, nfeb_meter.avg, tt_meter.val, tt_meter.avg
            )
        )
        if len(regularization_coeffs) > 0:
            log_message = append_regularization_to_log(log_message, regularization_fns, reg_states)

        logger.info(log_message)

        if itr % args.val_freq == 0 or itr == args.niters:
            with torch.no_grad():
                model.eval()
                test_loss = compute_loss(args, model, batch_size=args.test_batch_size)
                test_nfe = count_nfe(model)
                log_message = '[TEST] Iter {:04d} | Test Loss {:.6f} | NFE {:.0f}'.format(itr, test_loss, test_nfe)
                logger.info(log_message)

                if test_loss.item() < best_loss:
                    best_loss = test_loss.item()
                    utils.makedirs(args.save)
                    torch.save({
                        'args': args,
                        'state_dict': model.state_dict(),
                    }, os.path.join(args.save, 'checkpt.pth'))
                model.train()

        if itr % args.viz_freq == 0:
            with torch.no_grad():
                model.eval()
                p_samples = toy_data.inf_train_gen(args.data, batch_size=2000)

                sample_fn, density_fn = get_transforms(model)

                plt.figure(figsize=(9, 3))
                visualize_transform(
                    p_samples, torch.randn, standard_normal_logprob, transform=sample_fn, inverse_transform=density_fn,
                    samples=True, npts=800, device=device
                )
                fig_filename = os.path.join(args.save, 'figs', '{:04d}.jpg'.format(itr))
                utils.makedirs(os.path.dirname(fig_filename))
                plt.savefig(fig_filename)

                ## Pushforward distribution

                pushforward_samps = model(torch.tensor(p_samples).to(dtype=torch.float32),None,reverse = False).detach().numpy()
                plt.clf()
                plt.grid(False)
                plt.scatter(pushforward_samps[:,0],pushforward_samps[:,1],s = 0.1)
                plt.axis('square')
                fig_filename_pushforward = os.path.join(args.save,'figs','pushforward{:04d}.jpg'.format(itr))
                plt.savefig(fig_filename_pushforward)

                plt.close()
                model.train()

        end = time.time()

    logger.info('Training has finished.')

    save_traj_dir = os.path.join(args.save, 'trajectory')
    logger.info('Plotting trajectory to {}'.format(save_traj_dir))
    data_samples = toy_data.inf_train_gen(args.data, batch_size=2000)
    save_trajectory(model, data_samples, save_traj_dir, device=device)
    trajectory_to_video(save_traj_dir)

Namespace(data='2spirals', layer_type='concatsquash', dims='8-8-8', num_blocks=1, time_length=0.5, train_T=True, divergence_fn='brute_force', nonlinearity='tanh', solver='dopri5', atol=1e-05, rtol=1e-05, step_size=None, test_solver=None, test_atol=None, test_rtol=None, residual=False, rademacher=False, spectral_norm=False, batch_norm=False, bn_lag=0, niters=10000, batch_size=100, test_batch_size=1000, lr=0.001, weight_decay=1e-05, l1int=None, l2int=None, dl2int=None, JFrobint=None, JdiagFrobint=None, JoffdiagFrobint=None, save='experiments/ffjord/2spirals', viz_freq=1000, val_freq=100, log_freq=10, gpu=0)
SequentialFlow(
  (chain): ModuleList(
    (0): CNF(
      (odefunc): RegularizedODEfunc(
        (odefunc): ODEfunc(
          (diffeq): ODEnet(
            (layers): ModuleList(
              (0): ConcatSquashLinear(
                (_layer): Linear(in_features=2, out_features=8, bias=True)
                (_hyper_bias): Linear(in_features=1, out_features=8, bias=False)
                (_hyper_gate): Linear(in_features=1, out_features=8, bias=True)
              )
              (1): ConcatSquashLinear(
                (_layer): Linear(in_features=8, out_features=8, bias=True)
                (_hyper_bias): Linear(in_features=1, out_features=8, bias=False)
                (_hyper_gate): Linear(in_features=1, out_features=8, bias=True)
              )
              (2): ConcatSquashLinear(
                (_layer): Linear(in_features=8, out_features=8, bias=True)
                (_hyper_bias): Linear(in_features=1, out_features=8, bias=False)
                (_hyper_gate): Linear(in_features=1, out_features=8, bias=True)
              )
              (3): ConcatSquashLinear(
                (_layer): Linear(in_features=8, out_features=2, bias=True)
                (_hyper_bias): Linear(in_features=1, out_features=2, bias=False)
                (_hyper_gate): Linear(in_features=1, out_features=2, bias=True)
              )
            )
            (activation_fns): ModuleList(
              (0): Tanh()
              (1): Tanh()
              (2): Tanh()
            )
          )
        )
      )
    )
  )
)
Number of trainable parameters: 265
/work/bjzhang_umass_edu/generative_tmula/ffjord-master/lib/layers/odefunc.py:288: UserWarning: To copy construct from a tensor, it is recommended to use sourceTensor.clone().detach() or sourceTensor.clone().detach().requires_grad_(True), rather than torch.tensor(sourceTensor).
  t = torch.tensor(t).type_as(y)
Iter 0001 | Time 0.3885(0.3885) | Loss 4.583292(4.583292) | NFE Forward 14(14.0) | NFE Backward 14(14.0) | CNF Time 0.5000(0.5000)
Iter 0002 | Time 0.0661(0.3660) | Loss 3.874622(4.533685) | NFE Forward 14(14.0) | NFE Backward 14(14.0) | CNF Time 0.5000(0.5000)
Iter 0003 | Time 0.0665(0.3450) | Loss 4.158763(4.507440) | NFE Forward 14(14.0) | NFE Backward 14(14.0) | CNF Time 0.5000(0.5000)
Iter 0004 | Time 0.0657(0.3255) | Loss 4.017660(4.473156) | NFE Forward 14(14.0) | NFE Backward 14(14.0) | CNF Time 0.5000(0.5000)
Iter 0005 | Time 0.0650(0.3072) | Loss 4.707345(4.489549) | NFE Forward 14(14.0) | NFE Backward 14(14.0) | CNF Time 0.5000(0.5000)
Iter 0006 | Time 0.0657(0.2903) | Loss 4.367134(4.480980) | NFE Forward 14(14.0) | NFE Backward 14(14.0) | CNF Time 0.5000(0.5000)
Iter 0007 | Time 0.0653(0.2746) | Loss 4.579946(4.487907) | NFE Forward 14(14.0) | NFE Backward 14(14.0) | CNF Time 0.5000(0.5000)
Iter 0008 | Time 0.0649(0.2599) | Loss 4.183732(4.466615) | NFE Forward 14(14.0) | NFE Backward 14(14.0) | CNF Time 0.5000(0.5000)
Iter 0009 | Time 0.0667(0.2464) | Loss 4.387155(4.461053) | NFE Forward 14(14.0) | NFE Backward 14(14.0) | CNF Time 0.5000(0.5000)
Iter 0010 | Time 0.0645(0.2336) | Loss 4.166642(4.440444) | NFE Forward 14(14.0) | NFE Backward 14(14.0) | CNF Time 0.5000(0.5000)
Iter 0011 | Time 0.0646(0.2218) | Loss 4.224490(4.425327) | NFE Forward 14(14.0) | NFE Backward 14(14.0) | CNF Time 0.5000(0.5000)
Iter 0012 | Time 0.0649(0.2108) | Loss 4.327127(4.418453) | NFE Forward 14(14.0) | NFE Backward 14(14.0) | CNF Time 0.5000(0.5000)
Iter 0013 | Time 0.0650(0.2006) | Loss 4.423439(4.418802) | NFE Forward 14(14.0) | NFE Backward 14(14.0) | CNF Time 0.5000(0.5000)
Iter 0014 | Time 0.0645(0.1911) | Loss 4.573394(4.429624) | NFE Forward 14(14.0) | NFE Backward 14(14.0) | CNF Time 0.5000(0.5000)
Iter 0015 | Time 0.0654(0.1823) | Loss 4.599761(4.441533) | NFE Forward 14(14.0) | NFE Backward 14(14.0) | CNF Time 0.5000(0.5000)
Iter 0016 | Time 0.0649(0.1741) | Loss 4.315642(4.432721) | NFE Forward 14(14.0) | NFE Backward 14(14.0) | CNF Time 0.5000(0.5000)
Iter 0017 | Time 0.0648(0.1664) | Loss 4.337492(4.426055) | NFE Forward 14(14.0) | NFE Backward 14(14.0) | CNF Time 0.5000(0.5000)
Iter 0018 | Time 0.0663(0.1594) | Loss 4.054949(4.400077) | NFE Forward 14(14.0) | NFE Backward 14(14.0) | CNF Time 0.5000(0.5000)
Iter 0019 | Time 0.0672(0.1530) | Loss 4.585693(4.413071) | NFE Forward 14(14.0) | NFE Backward 14(14.0) | CNF Time 0.5000(0.5000)
Iter 0020 | Time 0.0668(0.1469) | Loss 4.656490(4.430110) | NFE Forward 14(14.0) | NFE Backward 14(14.0) | CNF Time 0.5000(0.5000)
Iter 0021 | Time 0.0719(0.1417) | Loss 4.300132(4.421011) | NFE Forward 14(14.0) | NFE Backward 14(14.0) | CNF Time 0.5000(0.5000)
Iter 0022 | Time 0.0668(0.1364) | Loss 4.519301(4.427892) | NFE Forward 14(14.0) | NFE Backward 14(14.0) | CNF Time 0.5000(0.5000)
Iter 0023 | Time 0.0653(0.1315) | Loss 4.859010(4.458070) | NFE Forward 14(14.0) | NFE Backward 14(14.0) | CNF Time 0.5000(0.5000)
Iter 0024 | Time 0.0666(0.1269) | Loss 4.556943(4.464991) | NFE Forward 14(14.0) | NFE Backward 14(14.0) | CNF Time 0.5000(0.5000)
Iter 0025 | Time 0.0664(0.1227) | Loss 4.261000(4.450712) | NFE Forward 14(14.0) | NFE Backward 14(14.0) | CNF Time 0.5000(0.5000)
Iter 0026 | Time 0.0674(0.1188) | Loss 4.546954(4.457449) | NFE Forward 14(14.0) | NFE Backward 14(14.0) | CNF Time 0.5000(0.5000)
Iter 0027 | Time 0.0683(0.1153) | Loss 4.112221(4.433283) | NFE Forward 14(14.0) | NFE Backward 14(14.0) | CNF Time 0.5000(0.5000)
Iter 0028 | Time 0.0670(0.1119) | Loss 4.371628(4.428967) | NFE Forward 14(14.0) | NFE Backward 14(14.0) | CNF Time 0.5000(0.5000)
Iter 0029 | Time 0.0663(0.1087) | Loss 4.203033(4.413152) | NFE Forward 14(14.0) | NFE Backward 14(14.0) | CNF Time 0.5000(0.5000)
Iter 0030 | Time 0.0662(0.1057) | Loss 4.798299(4.440112) | NFE Forward 14(14.0) | NFE Backward 14(14.0) | CNF Time 0.5000(0.5000)
Iter 0031 | Time 0.0662(0.1030) | Loss 4.814988(4.466353) | NFE Forward 14(14.0) | NFE Backward 14(14.0) | CNF Time 0.5000(0.5000)
Iter 0032 | Time 0.0665(0.1004) | Loss 4.605743(4.476111) | NFE Forward 14(14.0) | NFE Backward 14(14.0) | CNF Time 0.5000(0.5000)
Iter 0033 | Time 0.0650(0.0979) | Loss 4.521593(4.479294) | NFE Forward 14(14.0) | NFE Backward 14(14.0) | CNF Time 0.5000(0.5000)
Iter 0034 | Time 0.0659(0.0957) | Loss 4.197371(4.459560) | NFE Forward 14(14.0) | NFE Backward 14(14.0) | CNF Time 0.5000(0.5000)
Iter 0035 | Time 0.0653(0.0936) | Loss 4.578745(4.467903) | NFE Forward 14(14.0) | NFE Backward 14(14.0) | CNF Time 0.5000(0.5000)
Iter 0036 | Time 0.0644(0.0915) | Loss 3.917007(4.429340) | NFE Forward 14(14.0) | NFE Backward 14(14.0) | CNF Time 0.5000(0.5000)
Iter 0037 | Time 0.0648(0.0897) | Loss 4.193499(4.412831) | NFE Forward 14(14.0) | NFE Backward 14(14.0) | CNF Time 0.5000(0.5000)
Iter 0038 | Time 0.0650(0.0879) | Loss 4.561644(4.423248) | NFE Forward 14(14.0) | NFE Backward 14(14.0) | CNF Time 0.5000(0.5000)
Iter 0039 | Time 0.0647(0.0863) | Loss 4.275949(4.412937) | NFE Forward 14(14.0) | NFE Backward 14(14.0) | CNF Time 0.5000(0.5000)
Iter 0040 | Time 0.0647(0.0848) | Loss 4.267313(4.402743) | NFE Forward 14(14.0) | NFE Backward 14(14.0) | CNF Time 0.5000(0.5000)
Iter 0041 | Time 0.0652(0.0834) | Loss 4.364408(4.400060) | NFE Forward 14(14.0) | NFE Backward 14(14.0) | CNF Time 0.5000(0.5000)
Iter 0042 | Time 0.0649(0.0821) | Loss 4.550723(4.410606) | NFE Forward 14(14.0) | NFE Backward 14(14.0) | CNF Time 0.5000(0.5000)
Iter 0043 | Time 0.0648(0.0809) | Loss 4.619947(4.425260) | NFE Forward 14(14.0) | NFE Backward 14(14.0) | CNF Time 0.5000(0.5000)
Iter 0044 | Time 0.0649(0.0798) | Loss 4.497992(4.430351) | NFE Forward 14(14.0) | NFE Backward 14(14.0) | CNF Time 0.5000(0.5000)
Iter 0045 | Time 0.0653(0.0788) | Loss 4.520007(4.436627) | NFE Forward 14(14.0) | NFE Backward 14(14.0) | CNF Time 0.5000(0.5000)
Iter 0046 | Time 0.0650(0.0778) | Loss 4.512113(4.441911) | NFE Forward 14(14.0) | NFE Backward 14(14.0) | CNF Time 0.5000(0.5000)
Iter 0047 | Time 0.0651(0.0769) | Loss 4.365063(4.436532) | NFE Forward 14(14.0) | NFE Backward 14(14.0) | CNF Time 0.5000(0.5000)
Iter 0048 | Time 0.0653(0.0761) | Loss 4.516522(4.442131) | NFE Forward 14(14.0) | NFE Backward 14(14.0) | CNF Time 0.5000(0.5000)
Iter 0049 | Time 0.0651(0.0753) | Loss 4.058315(4.415264) | NFE Forward 14(14.0) | NFE Backward 14(14.0) | CNF Time 0.5000(0.5000)
Iter 0050 | Time 0.0653(0.0746) | Loss 4.391848(4.413625) | NFE Forward 14(14.0) | NFE Backward 14(14.0) | CNF Time 0.5000(0.5000)
Iter 0051 | Time 0.0650(0.0740) | Loss 4.646847(4.429951) | NFE Forward 14(14.0) | NFE Backward 14(14.0) | CNF Time 0.5000(0.5000)
Iter 0052 | Time 0.0653(0.0733) | Loss 4.354796(4.424690) | NFE Forward 14(14.0) | NFE Backward 14(14.0) | CNF Time 0.5000(0.5000)
Iter 0053 | Time 0.0652(0.0728) | Loss 4.283323(4.414794) | NFE Forward 14(14.0) | NFE Backward 14(14.0) | CNF Time 0.5000(0.5000)
Iter 0054 | Time 0.0650(0.0722) | Loss 3.988415(4.384948) | NFE Forward 14(14.0) | NFE Backward 14(14.0) | CNF Time 0.5000(0.5000)
Iter 0055 | Time 0.0655(0.0718) | Loss 4.372902(4.384104) | NFE Forward 14(14.0) | NFE Backward 14(14.0) | CNF Time 0.5000(0.5000)
Iter 0056 | Time 0.0652(0.0713) | Loss 4.489022(4.391449) | NFE Forward 14(14.0) | NFE Backward 14(14.0) | CNF Time 0.5000(0.5000)
Iter 0057 | Time 0.0650(0.0709) | Loss 4.232439(4.380318) | NFE Forward 14(14.0) | NFE Backward 14(14.0) | CNF Time 0.5000(0.5000)
Iter 0058 | Time 0.0652(0.0705) | Loss 4.371017(4.379667) | NFE Forward 14(14.0) | NFE Backward 14(14.0) | CNF Time 0.5000(0.5000)
Iter 0059 | Time 0.0656(0.0701) | Loss 4.397879(4.380942) | NFE Forward 14(14.0) | NFE Backward 14(14.0) | CNF Time 0.5000(0.5000)
Iter 0060 | Time 0.0690(0.0700) | Loss 4.225317(4.370048) | NFE Forward 14(14.0) | NFE Backward 14(14.0) | CNF Time 0.5000(0.5000)
Iter 0061 | Time 0.0661(0.0698) | Loss 4.458965(4.376272) | NFE Forward 14(14.0) | NFE Backward 14(14.0) | CNF Time 0.5000(0.5000)
Iter 0062 | Time 0.0657(0.0695) | Loss 4.341628(4.373847) | NFE Forward 14(14.0) | NFE Backward 14(14.0) | CNF Time 0.5000(0.5000)
Iter 0063 | Time 0.0651(0.0692) | Loss 4.288083(4.367844) | NFE Forward 14(14.0) | NFE Backward 14(14.0) | CNF Time 0.5000(0.5000)
Iter 0064 | Time 0.0652(0.0689) | Loss 4.475369(4.375370) | NFE Forward 14(14.0) | NFE Backward 14(14.0) | CNF Time 0.5000(0.5000)
Iter 0065 | Time 0.0654(0.0687) | Loss 4.538261(4.386773) | NFE Forward 14(14.0) | NFE Backward 14(14.0) | CNF Time 0.5000(0.5000)
Iter 0066 | Time 0.0657(0.0684) | Loss 4.180767(4.372352) | NFE Forward 14(14.0) | NFE Backward 14(14.0) | CNF Time 0.5000(0.5000)
Iter 0067 | Time 0.0653(0.0682) | Loss 4.281549(4.365996) | NFE Forward 14(14.0) | NFE Backward 14(14.0) | CNF Time 0.5000(0.5000)
Iter 0068 | Time 0.0654(0.0680) | Loss 4.313429(4.362316) | NFE Forward 14(14.0) | NFE Backward 14(14.0) | CNF Time 0.5000(0.5000)
Iter 0069 | Time 0.0655(0.0678) | Loss 4.364592(4.362476) | NFE Forward 14(14.0) | NFE Backward 14(14.0) | CNF Time 0.5000(0.5000)
Iter 0070 | Time 0.0651(0.0677) | Loss 4.432678(4.367390) | NFE Forward 14(14.0) | NFE Backward 14(14.0) | CNF Time 0.5000(0.5000)
Iter 0071 | Time 0.0650(0.0675) | Loss 4.680308(4.389294) | NFE Forward 14(14.0) | NFE Backward 14(14.0) | CNF Time 0.5000(0.5000)
Iter 0072 | Time 0.0652(0.0673) | Loss 4.297256(4.382851) | NFE Forward 14(14.0) | NFE Backward 14(14.0) | CNF Time 0.5000(0.5000)
Iter 0073 | Time 0.0654(0.0672) | Loss 4.429968(4.386150) | NFE Forward 14(14.0) | NFE Backward 14(14.0) | CNF Time 0.5000(0.5000)
Iter 0074 | Time 0.0651(0.0670) | Loss 4.551143(4.397699) | NFE Forward 14(14.0) | NFE Backward 14(14.0) | CNF Time 0.5000(0.5000)
Iter 0075 | Time 0.0654(0.0669) | Loss 4.557240(4.408867) | NFE Forward 14(14.0) | NFE Backward 14(14.0) | CNF Time 0.5000(0.5000)
Iter 0076 | Time 0.0654(0.0668) | Loss 4.367273(4.405955) | NFE Forward 14(14.0) | NFE Backward 14(14.0) | CNF Time 0.5000(0.5000)
Iter 0077 | Time 0.0651(0.0667) | Loss 4.322248(4.400096) | NFE Forward 14(14.0) | NFE Backward 14(14.0) | CNF Time 0.5000(0.5000)
Iter 0078 | Time 0.0656(0.0666) | Loss 4.339146(4.395829) | NFE Forward 14(14.0) | NFE Backward 14(14.0) | CNF Time 0.5000(0.5000)
Iter 0079 | Time 0.0649(0.0665) | Loss 4.852104(4.427769) | NFE Forward 14(14.0) | NFE Backward 14(14.0) | CNF Time 0.5000(0.5000)
Iter 0080 | Time 0.0654(0.0664) | Loss 4.705451(4.447206) | NFE Forward 14(14.0) | NFE Backward 14(14.0) | CNF Time 0.5000(0.5000)
Iter 0081 | Time 0.0651(0.0663) | Loss 4.442780(4.446897) | NFE Forward 14(14.0) | NFE Backward 14(14.0) | CNF Time 0.5000(0.5000)
Iter 0082 | Time 0.0651(0.0662) | Loss 4.204688(4.429942) | NFE Forward 14(14.0) | NFE Backward 14(14.0) | CNF Time 0.5000(0.5000)
Iter 0083 | Time 0.0673(0.0663) | Loss 4.651134(4.445425) | NFE Forward 14(14.0) | NFE Backward 14(14.0) | CNF Time 0.5000(0.5000)
Iter 0084 | Time 0.0674(0.0664) | Loss 4.439463(4.445008) | NFE Forward 14(14.0) | NFE Backward 14(14.0) | CNF Time 0.5000(0.5000)
Iter 0085 | Time 0.0673(0.0665) | Loss 4.510090(4.449564) | NFE Forward 14(14.0) | NFE Backward 14(14.0) | CNF Time 0.5000(0.5000)
Iter 0086 | Time 0.0670(0.0665) | Loss 4.321281(4.440584) | NFE Forward 14(14.0) | NFE Backward 14(14.0) | CNF Time 0.5000(0.5000)
Iter 0087 | Time 0.0662(0.0665) | Loss 4.353409(4.434482) | NFE Forward 14(14.0) | NFE Backward 14(14.0) | CNF Time 0.5000(0.5000)
Iter 0088 | Time 0.0664(0.0665) | Loss 4.361489(4.429372) | NFE Forward 14(14.0) | NFE Backward 14(14.0) | CNF Time 0.5000(0.5000)
Iter 0089 | Time 0.0663(0.0665) | Loss 4.249408(4.416775) | NFE Forward 14(14.0) | NFE Backward 14(14.0) | CNF Time 0.5000(0.5000)
Iter 0090 | Time 0.0658(0.0664) | Loss 4.241909(4.404534) | NFE Forward 14(14.0) | NFE Backward 14(14.0) | CNF Time 0.5000(0.5000)
Iter 0091 | Time 0.0656(0.0664) | Loss 4.417593(4.405448) | NFE Forward 14(14.0) | NFE Backward 14(14.0) | CNF Time 0.5000(0.5000)
Iter 0092 | Time 0.0654(0.0663) | Loss 4.063964(4.381544) | NFE Forward 14(14.0) | NFE Backward 14(14.0) | CNF Time 0.5000(0.5000)
Iter 0093 | Time 0.0654(0.0662) | Loss 4.221251(4.370324) | NFE Forward 14(14.0) | NFE Backward 14(14.0) | CNF Time 0.5000(0.5000)
Iter 0094 | Time 0.0657(0.0662) | Loss 4.169277(4.356251) | NFE Forward 14(14.0) | NFE Backward 14(14.0) | CNF Time 0.5000(0.5000)
Iter 0095 | Time 0.0652(0.0661) | Loss 4.279861(4.350903) | NFE Forward 14(14.0) | NFE Backward 14(14.0) | CNF Time 0.5000(0.5000)
Iter 0096 | Time 0.0654(0.0661) | Loss 4.231171(4.342522) | NFE Forward 14(14.0) | NFE Backward 14(14.0) | CNF Time 0.5000(0.5000)
Iter 0097 | Time 0.0654(0.0660) | Loss 4.199081(4.332481) | NFE Forward 14(14.0) | NFE Backward 14(14.0) | CNF Time 0.5000(0.5000)
Iter 0098 | Time 0.0653(0.0660) | Loss 4.074043(4.314390) | NFE Forward 14(14.0) | NFE Backward 14(14.0) | CNF Time 0.5000(0.5000)
Iter 0099 | Time 0.0654(0.0659) | Loss 4.393062(4.319897) | NFE Forward 14(14.0) | NFE Backward 14(14.0) | CNF Time 0.5000(0.5000)
Iter 0100 | Time 0.0655(0.0659) | Loss 4.376750(4.323877) | NFE Forward 14(14.0) | NFE Backward 14(14.0) | CNF Time 0.5000(0.5000)
[TEST] Iter 0100 | Test Loss 4.265934 | NFE 14
Iter 0101 | Time 0.0689(0.0661) | Loss 4.312706(4.323095) | NFE Forward 14(14.0) | NFE Backward 14(14.0) | CNF Time 0.5000(0.5000)
Iter 0102 | Time 0.0651(0.0660) | Loss 4.415161(4.329540) | NFE Forward 14(14.0) | NFE Backward 14(14.0) | CNF Time 0.5000(0.5000)
Iter 0103 | Time 0.0653(0.0660) | Loss 4.689620(4.354745) | NFE Forward 14(14.0) | NFE Backward 14(14.0) | CNF Time 0.5000(0.5000)
Iter 0104 | Time 0.0651(0.0659) | Loss 4.423402(4.359551) | NFE Forward 14(14.0) | NFE Backward 14(14.0) | CNF Time 0.5000(0.5000)
Iter 0105 | Time 0.0652(0.0659) | Loss 4.535002(4.371833) | NFE Forward 14(14.0) | NFE Backward 14(14.0) | CNF Time 0.5000(0.5000)
Iter 0106 | Time 0.0661(0.0659) | Loss 4.377358(4.372220) | NFE Forward 14(14.0) | NFE Backward 14(14.0) | CNF Time 0.5000(0.5000)
Iter 0107 | Time 0.0657(0.0659) | Loss 4.331211(4.369349) | NFE Forward 14(14.0) | NFE Backward 14(14.0) | CNF Time 0.5000(0.5000)
Iter 0108 | Time 0.0670(0.0660) | Loss 4.843984(4.402573) | NFE Forward 14(14.0) | NFE Backward 14(14.0) | CNF Time 0.5000(0.5000)
Iter 0109 | Time 0.0675(0.0661) | Loss 4.305863(4.395804) | NFE Forward 14(14.0) | NFE Backward 14(14.0) | CNF Time 0.5000(0.5000)
Iter 0110 | Time 0.0677(0.0662) | Loss 4.251644(4.385713) | NFE Forward 14(14.0) | NFE Backward 14(14.0) | CNF Time 0.5000(0.5000)
Iter 0111 | Time 0.0717(0.0666) | Loss 4.421431(4.388213) | NFE Forward 14(14.0) | NFE Backward 14(14.0) | CNF Time 0.5000(0.5000)
Iter 0112 | Time 0.0675(0.0666) | Loss 4.401833(4.389166) | NFE Forward 14(14.0) | NFE Backward 14(14.0) | CNF Time 0.5000(0.5000)
Iter 0113 | Time 0.0657(0.0666) | Loss 4.107326(4.369437) | NFE Forward 14(14.0) | NFE Backward 14(14.0) | CNF Time 0.5000(0.5000)
Iter 0114 | Time 0.0673(0.0666) | Loss 4.341061(4.367451) | NFE Forward 14(14.0) | NFE Backward 14(14.0) | CNF Time 0.5000(0.5000)
Iter 0115 | Time 0.0655(0.0665) | Loss 4.131221(4.350915) | NFE Forward 14(14.0) | NFE Backward 14(14.0) | CNF Time 0.5000(0.5000)
Iter 0116 | Time 0.0655(0.0665) | Loss 4.276191(4.345684) | NFE Forward 14(14.0) | NFE Backward 14(14.0) | CNF Time 0.5000(0.5000)
Iter 0117 | Time 0.0661(0.0664) | Loss 4.520257(4.357904) | NFE Forward 14(14.0) | NFE Backward 14(14.0) | CNF Time 0.5000(0.5000)
Iter 0118 | Time 0.0652(0.0664) | Loss 4.092246(4.339308) | NFE Forward 14(14.0) | NFE Backward 14(14.0) | CNF Time 0.5000(0.5000)
Iter 0119 | Time 0.0650(0.0663) | Loss 4.149380(4.326013) | NFE Forward 14(14.0) | NFE Backward 14(14.0) | CNF Time 0.5000(0.5000)
Iter 0120 | Time 0.0654(0.0662) | Loss 4.612231(4.346049) | NFE Forward 14(14.0) | NFE Backward 14(14.0) | CNF Time 0.5000(0.5000)
Iter 0121 | Time 0.0658(0.0662) | Loss 4.323682(4.344483) | NFE Forward 14(14.0) | NFE Backward 14(14.0) | CNF Time 0.5000(0.5000)
Iter 0122 | Time 0.0655(0.0661) | Loss 4.399364(4.348325) | NFE Forward 14(14.0) | NFE Backward 14(14.0) | CNF Time 0.5000(0.5000)
Iter 0123 | Time 0.0652(0.0661) | Loss 4.010774(4.324696) | NFE Forward 14(14.0) | NFE Backward 14(14.0) | CNF Time 0.5000(0.5000)
Iter 0124 | Time 0.0659(0.0661) | Loss 4.271910(4.321001) | NFE Forward 14(14.0) | NFE Backward 14(14.0) | CNF Time 0.5000(0.5000)
Iter 0125 | Time 0.0655(0.0660) | Loss 4.233985(4.314910) | NFE Forward 14(14.0) | NFE Backward 14(14.0) | CNF Time 0.5000(0.5000)
Iter 0126 | Time 0.0657(0.0660) | Loss 4.545589(4.331057) | NFE Forward 14(14.0) | NFE Backward 14(14.0) | CNF Time 0.5000(0.5000)
Iter 0127 | Time 0.0652(0.0659) | Loss 4.413395(4.336821) | NFE Forward 14(14.0) | NFE Backward 14(14.0) | CNF Time 0.5000(0.5000)
Iter 0128 | Time 0.0660(0.0659) | Loss 4.424155(4.342934) | NFE Forward 14(14.0) | NFE Backward 14(14.0) | CNF Time 0.5000(0.5000)
Iter 0129 | Time 0.0674(0.0660) | Loss 4.013082(4.319845) | NFE Forward 14(14.0) | NFE Backward 14(14.0) | CNF Time 0.5000(0.5000)
Iter 0130 | Time 0.0672(0.0661) | Loss 4.273965(4.316633) | NFE Forward 14(14.0) | NFE Backward 14(14.0) | CNF Time 0.5000(0.5000)
Iter 0131 | Time 0.0678(0.0662) | Loss 4.145273(4.304638) | NFE Forward 14(14.0) | NFE Backward 14(14.0) | CNF Time 0.5000(0.5000)
Iter 0132 | Time 0.0672(0.0663) | Loss 4.418701(4.312622) | NFE Forward 14(14.0) | NFE Backward 14(14.0) | CNF Time 0.5000(0.5000)
Iter 0133 | Time 0.0666(0.0663) | Loss 4.145649(4.300934) | NFE Forward 14(14.0) | NFE Backward 14(14.0) | CNF Time 0.5000(0.5000)
Iter 0134 | Time 0.0663(0.0663) | Loss 4.091410(4.286268) | NFE Forward 14(14.0) | NFE Backward 14(14.0) | CNF Time 0.5000(0.5000)
Iter 0135 | Time 0.0677(0.0664) | Loss 4.417883(4.295481) | NFE Forward 14(14.0) | NFE Backward 14(14.0) | CNF Time 0.5000(0.5000)
Iter 0136 | Time 0.0668(0.0665) | Loss 4.291080(4.295173) | NFE Forward 14(14.0) | NFE Backward 14(14.0) | CNF Time 0.5000(0.5000)
Iter 0137 | Time 0.0680(0.0666) | Loss 4.008451(4.275102) | NFE Forward 14(14.0) | NFE Backward 14(14.0) | CNF Time 0.5000(0.5000)
Iter 0138 | Time 0.0681(0.0667) | Loss 4.320505(4.278280) | NFE Forward 14(14.0) | NFE Backward 14(14.0) | CNF Time 0.5000(0.5000)
Iter 0139 | Time 0.0673(0.0667) | Loss 4.529625(4.295874) | NFE Forward 14(14.0) | NFE Backward 14(14.0) | CNF Time 0.5000(0.5000)
Iter 0140 | Time 0.0670(0.0667) | Loss 4.018659(4.276469) | NFE Forward 14(14.0) | NFE Backward 14(14.0) | CNF Time 0.5000(0.5000)
Iter 0141 | Time 0.0648(0.0666) | Loss 4.046236(4.260353) | NFE Forward 14(14.0) | NFE Backward 14(14.0) | CNF Time 0.5000(0.5000)
Iter 0142 | Time 0.0663(0.0666) | Loss 4.382639(4.268913) | NFE Forward 14(14.0) | NFE Backward 14(14.0) | CNF Time 0.5000(0.5000)
Iter 0143 | Time 0.0674(0.0666) | Loss 4.303185(4.271312) | NFE Forward 14(14.0) | NFE Backward 14(14.0) | CNF Time 0.5000(0.5000)
Iter 0144 | Time 0.0654(0.0666) | Loss 4.285450(4.272302) | NFE Forward 14(14.0) | NFE Backward 14(14.0) | CNF Time 0.5000(0.5000)
Iter 0145 | Time 0.0658(0.0665) | Loss 4.197603(4.267073) | NFE Forward 14(14.0) | NFE Backward 14(14.0) | CNF Time 0.5000(0.5000)
Iter 0146 | Time 0.0665(0.0665) | Loss 4.175072(4.260633) | NFE Forward 14(14.0) | NFE Backward 14(14.0) | CNF Time 0.5000(0.5000)
Iter 0147 | Time 0.0662(0.0665) | Loss 4.188123(4.255557) | NFE Forward 14(14.0) | NFE Backward 14(14.0) | CNF Time 0.5000(0.5000)
Iter 0148 | Time 0.0657(0.0664) | Loss 4.365991(4.263288) | NFE Forward 14(14.0) | NFE Backward 14(14.0) | CNF Time 0.5000(0.5000)
Iter 0149 | Time 0.0661(0.0664) | Loss 3.692732(4.223349) | NFE Forward 14(14.0) | NFE Backward 14(14.0) | CNF Time 0.5000(0.5000)
Iter 0150 | Time 0.0655(0.0663) | Loss 3.770032(4.191616) | NFE Forward 14(14.0) | NFE Backward 14(14.0) | CNF Time 0.5000(0.5000)
Iter 0151 | Time 0.0659(0.0663) | Loss 3.980909(4.176867) | NFE Forward 14(14.0) | NFE Backward 14(14.0) | CNF Time 0.5000(0.5000)
Iter 0152 | Time 0.0659(0.0663) | Loss 4.198174(4.178358) | NFE Forward 14(14.0) | NFE Backward 14(14.0) | CNF Time 0.5000(0.5000)
Iter 0153 | Time 0.0657(0.0662) | Loss 3.977620(4.164307) | NFE Forward 14(14.0) | NFE Backward 14(14.0) | CNF Time 0.5000(0.5000)
Iter 0154 | Time 0.0657(0.0662) | Loss 3.865550(4.143394) | NFE Forward 14(14.0) | NFE Backward 14(14.0) | CNF Time 0.5000(0.5000)
Iter 0155 | Time 0.0656(0.0662) | Loss 4.258742(4.151468) | NFE Forward 14(14.0) | NFE Backward 14(14.0) | CNF Time 0.5000(0.5000)
Iter 0156 | Time 0.0663(0.0662) | Loss 4.308802(4.162482) | NFE Forward 14(14.0) | NFE Backward 14(14.0) | CNF Time 0.5000(0.5000)
Iter 0157 | Time 0.0659(0.0661) | Loss 3.705907(4.130521) | NFE Forward 14(14.0) | NFE Backward 14(14.0) | CNF Time 0.5000(0.5000)
Iter 0158 | Time 0.0658(0.0661) | Loss 4.273624(4.140539) | NFE Forward 14(14.0) | NFE Backward 14(14.0) | CNF Time 0.5000(0.5000)
Iter 0159 | Time 0.0659(0.0661) | Loss 4.167952(4.142457) | NFE Forward 14(14.0) | NFE Backward 14(14.0) | CNF Time 0.5000(0.5000)
Iter 0160 | Time 0.0661(0.0661) | Loss 4.059495(4.136650) | NFE Forward 14(14.0) | NFE Backward 14(14.0) | CNF Time 0.5000(0.5000)
Iter 0161 | Time 0.0658(0.0661) | Loss 4.013171(4.128007) | NFE Forward 14(14.0) | NFE Backward 14(14.0) | CNF Time 0.5000(0.5000)
Iter 0162 | Time 0.0657(0.0661) | Loss 4.036867(4.121627) | NFE Forward 14(14.0) | NFE Backward 14(14.0) | CNF Time 0.5000(0.5000)
Iter 0163 | Time 0.0663(0.0661) | Loss 3.905689(4.106511) | NFE Forward 14(14.0) | NFE Backward 14(14.0) | CNF Time 0.5000(0.5000)
Iter 0164 | Time 0.0658(0.0661) | Loss 4.215945(4.114172) | NFE Forward 14(14.0) | NFE Backward 14(14.0) | CNF Time 0.5000(0.5000)
Iter 0165 | Time 0.0657(0.0660) | Loss 4.389641(4.133454) | NFE Forward 14(14.0) | NFE Backward 14(14.0) | CNF Time 0.5000(0.5000)
Iter 0166 | Time 0.0663(0.0661) | Loss 4.101941(4.131248) | NFE Forward 14(14.0) | NFE Backward 14(14.0) | CNF Time 0.5000(0.5000)
Iter 0167 | Time 0.0659(0.0660) | Loss 4.226772(4.137935) | NFE Forward 14(14.0) | NFE Backward 14(14.0) | CNF Time 0.5000(0.5000)
Iter 0168 | Time 0.0658(0.0660) | Loss 4.189909(4.141573) | NFE Forward 14(14.0) | NFE Backward 14(14.0) | CNF Time 0.5000(0.5000)
Iter 0169 | Time 0.0655(0.0660) | Loss 3.773027(4.115775) | NFE Forward 14(14.0) | NFE Backward 14(14.0) | CNF Time 0.5000(0.5000)
Iter 0170 | Time 0.0923(0.0678) | Loss 3.753262(4.090399) | NFE Forward 20(14.4) | NFE Backward 20(14.4) | CNF Time 0.5000(0.5000)
Iter 0171 | Time 0.0655(0.0677) | Loss 4.278151(4.103542) | NFE Forward 14(14.4) | NFE Backward 14(14.4) | CNF Time 0.5000(0.5000)
Iter 0172 | Time 0.0917(0.0693) | Loss 3.958371(4.093380) | NFE Forward 20(14.8) | NFE Backward 20(14.8) | CNF Time 0.5000(0.5000)
Iter 0173 | Time 0.0916(0.0709) | Loss 3.710855(4.066603) | NFE Forward 20(15.1) | NFE Backward 20(15.1) | CNF Time 0.5000(0.5000)
Iter 0174 | Time 0.0660(0.0706) | Loss 3.862373(4.052307) | NFE Forward 14(15.1) | NFE Backward 14(15.1) | CNF Time 0.5000(0.5000)
Iter 0175 | Time 0.0743(0.0708) | Loss 4.047239(4.051952) | NFE Forward 20(15.4) | NFE Backward 14(15.0) | CNF Time 0.5000(0.5000)
Iter 0176 | Time 0.0879(0.0720) | Loss 4.244591(4.065437) | NFE Forward 14(15.3) | NFE Backward 20(15.3) | CNF Time 0.5000(0.5000)
Iter 0177 | Time 0.0926(0.0735) | Loss 3.897410(4.053675) | NFE Forward 20(15.6) | NFE Backward 20(15.7) | CNF Time 0.5000(0.5000)
Iter 0178 | Time 0.0741(0.0735) | Loss 4.300304(4.070939) | NFE Forward 20(15.9) | NFE Backward 14(15.6) | CNF Time 0.5000(0.5000)
Iter 0179 | Time 0.0740(0.0735) | Loss 4.090569(4.072313) | NFE Forward 20(16.2) | NFE Backward 14(15.4) | CNF Time 0.5000(0.5000)
Iter 0180 | Time 0.0742(0.0736) | Loss 3.973141(4.065371) | NFE Forward 20(16.5) | NFE Backward 14(15.3) | CNF Time 0.5000(0.5000)
Iter 0181 | Time 0.0918(0.0749) | Loss 3.932645(4.056080) | NFE Forward 20(16.7) | NFE Backward 20(15.7) | CNF Time 0.5000(0.5000)
Iter 0182 | Time 0.0916(0.0760) | Loss 4.042644(4.055140) | NFE Forward 20(17.0) | NFE Backward 20(16.0) | CNF Time 0.5000(0.5000)
Iter 0183 | Time 0.0914(0.0771) | Loss 4.029877(4.053371) | NFE Forward 20(17.2) | NFE Backward 20(16.3) | CNF Time 0.5000(0.5000)
Iter 0184 | Time 0.0920(0.0782) | Loss 3.855162(4.039497) | NFE Forward 20(17.4) | NFE Backward 20(16.5) | CNF Time 0.5000(0.5000)
Iter 0185 | Time 0.0913(0.0791) | Loss 3.826687(4.024600) | NFE Forward 20(17.6) | NFE Backward 20(16.8) | CNF Time 0.5000(0.5000)
Iter 0186 | Time 0.0919(0.0800) | Loss 4.125707(4.031678) | NFE Forward 20(17.7) | NFE Backward 20(17.0) | CNF Time 0.5000(0.5000)
Iter 0187 | Time 0.0917(0.0808) | Loss 4.009228(4.030106) | NFE Forward 20(17.9) | NFE Backward 20(17.2) | CNF Time 0.5000(0.5000)
Iter 0188 | Time 0.0941(0.0817) | Loss 3.790862(4.013359) | NFE Forward 20(18.0) | NFE Backward 20(17.4) | CNF Time 0.5000(0.5000)
Iter 0189 | Time 0.0954(0.0827) | Loss 4.111708(4.020243) | NFE Forward 20(18.2) | NFE Backward 20(17.6) | CNF Time 0.5000(0.5000)
Iter 0190 | Time 0.0949(0.0835) | Loss 4.082690(4.024615) | NFE Forward 20(18.3) | NFE Backward 20(17.7) | CNF Time 0.5000(0.5000)
Iter 0191 | Time 0.0927(0.0842) | Loss 3.746169(4.005123) | NFE Forward 20(18.4) | NFE Backward 20(17.9) | CNF Time 0.5000(0.5000)
Iter 0192 | Time 0.0934(0.0848) | Loss 3.999407(4.004723) | NFE Forward 20(18.5) | NFE Backward 20(18.1) | CNF Time 0.5000(0.5000)
Iter 0193 | Time 0.0920(0.0853) | Loss 4.006133(4.004822) | NFE Forward 20(18.6) | NFE Backward 20(18.2) | CNF Time 0.5000(0.5000)
Iter 0194 | Time 0.0928(0.0858) | Loss 4.036819(4.007062) | NFE Forward 20(18.7) | NFE Backward 20(18.3) | CNF Time 0.5000(0.5000)
Iter 0195 | Time 0.0915(0.0862) | Loss 3.867848(3.997317) | NFE Forward 20(18.8) | NFE Backward 20(18.4) | CNF Time 0.5000(0.5000)
Iter 0196 | Time 0.0924(0.0867) | Loss 3.967993(3.995264) | NFE Forward 20(18.9) | NFE Backward 20(18.5) | CNF Time 0.5000(0.5000)
Iter 0197 | Time 0.0924(0.0871) | Loss 3.625234(3.969362) | NFE Forward 20(19.0) | NFE Backward 20(18.6) | CNF Time 0.5000(0.5000)
Iter 0198 | Time 0.0920(0.0874) | Loss 4.022655(3.973093) | NFE Forward 20(19.1) | NFE Backward 20(18.7) | CNF Time 0.5000(0.5000)
Iter 0199 | Time 0.0923(0.0878) | Loss 4.149405(3.985434) | NFE Forward 20(19.1) | NFE Backward 20(18.8) | CNF Time 0.5000(0.5000)
Iter 0200 | Time 0.0918(0.0880) | Loss 4.140874(3.996315) | NFE Forward 20(19.2) | NFE Backward 20(18.9) | CNF Time 0.5000(0.5000)
[TEST] Iter 0200 | Test Loss 3.880364 | NFE 20
Iter 0201 | Time 0.0924(0.0884) | Loss 3.765125(3.980132) | NFE Forward 20(19.2) | NFE Backward 20(19.0) | CNF Time 0.5000(0.5000)
Iter 0202 | Time 0.0924(0.0886) | Loss 3.915524(3.975609) | NFE Forward 20(19.3) | NFE Backward 20(19.1) | CNF Time 0.5000(0.5000)
Iter 0203 | Time 0.0921(0.0889) | Loss 3.969253(3.975164) | NFE Forward 20(19.3) | NFE Backward 20(19.1) | CNF Time 0.5000(0.5000)
Iter 0204 | Time 0.0922(0.0891) | Loss 3.920214(3.971318) | NFE Forward 20(19.4) | NFE Backward 20(19.2) | CNF Time 0.5000(0.5000)
Iter 0205 | Time 0.0927(0.0894) | Loss 3.917725(3.967566) | NFE Forward 20(19.4) | NFE Backward 20(19.2) | CNF Time 0.5000(0.5000)
Iter 0206 | Time 0.0952(0.0898) | Loss 3.961087(3.967113) | NFE Forward 20(19.5) | NFE Backward 20(19.3) | CNF Time 0.5000(0.5000)
Iter 0207 | Time 0.0957(0.0902) | Loss 4.124852(3.978155) | NFE Forward 20(19.5) | NFE Backward 20(19.3) | CNF Time 0.5000(0.5000)
Iter 0208 | Time 0.0945(0.0905) | Loss 3.721698(3.960203) | NFE Forward 20(19.5) | NFE Backward 20(19.4) | CNF Time 0.5000(0.5000)
Iter 0209 | Time 0.0929(0.0906) | Loss 3.665638(3.939583) | NFE Forward 20(19.6) | NFE Backward 20(19.4) | CNF Time 0.5000(0.5000)
Iter 0210 | Time 0.0942(0.0909) | Loss 4.073028(3.948924) | NFE Forward 20(19.6) | NFE Backward 20(19.5) | CNF Time 0.5000(0.5000)
Iter 0211 | Time 0.0925(0.0910) | Loss 3.678081(3.929965) | NFE Forward 20(19.6) | NFE Backward 20(19.5) | CNF Time 0.5000(0.5000)
Iter 0212 | Time 0.0927(0.0911) | Loss 3.675510(3.912153) | NFE Forward 20(19.7) | NFE Backward 20(19.5) | CNF Time 0.5000(0.5000)
Iter 0213 | Time 0.0926(0.0912) | Loss 3.880490(3.909937) | NFE Forward 20(19.7) | NFE Backward 20(19.6) | CNF Time 0.5000(0.5000)
Iter 0214 | Time 0.0924(0.0913) | Loss 3.942131(3.912190) | NFE Forward 20(19.7) | NFE Backward 20(19.6) | CNF Time 0.5000(0.5000)
Iter 0215 | Time 0.0917(0.0913) | Loss 3.704034(3.897620) | NFE Forward 20(19.7) | NFE Backward 20(19.6) | CNF Time 0.5000(0.5000)
Iter 0216 | Time 0.0923(0.0914) | Loss 3.922262(3.899345) | NFE Forward 20(19.7) | NFE Backward 20(19.7) | CNF Time 0.5000(0.5000)
Iter 0217 | Time 0.0925(0.0915) | Loss 3.926379(3.901237) | NFE Forward 20(19.8) | NFE Backward 20(19.7) | CNF Time 0.5000(0.5000)
Iter 0218 | Time 0.0918(0.0915) | Loss 3.937530(3.903777) | NFE Forward 20(19.8) | NFE Backward 20(19.7) | CNF Time 0.5000(0.5000)
Iter 0219 | Time 0.0927(0.0916) | Loss 3.862597(3.900895) | NFE Forward 20(19.8) | NFE Backward 20(19.7) | CNF Time 0.5000(0.5000)
Iter 0220 | Time 0.0917(0.0916) | Loss 3.622347(3.881396) | NFE Forward 20(19.8) | NFE Backward 20(19.7) | CNF Time 0.5000(0.5000)
Iter 0221 | Time 0.0945(0.0918) | Loss 3.771610(3.873711) | NFE Forward 20(19.8) | NFE Backward 20(19.8) | CNF Time 0.5000(0.5000)
Iter 0222 | Time 0.0962(0.0921) | Loss 3.855480(3.872435) | NFE Forward 20(19.8) | NFE Backward 20(19.8) | CNF Time 0.5000(0.5000)
Iter 0223 | Time 0.0949(0.0923) | Loss 3.950114(3.877873) | NFE Forward 20(19.8) | NFE Backward 20(19.8) | CNF Time 0.5000(0.5000)
Iter 0224 | Time 0.0931(0.0924) | Loss 3.694135(3.865011) | NFE Forward 20(19.9) | NFE Backward 20(19.8) | CNF Time 0.5000(0.5000)
Iter 0225 | Time 0.0936(0.0924) | Loss 3.783947(3.859337) | NFE Forward 20(19.9) | NFE Backward 20(19.8) | CNF Time 0.5000(0.5000)
Iter 0226 | Time 0.0934(0.0925) | Loss 3.877473(3.860606) | NFE Forward 20(19.9) | NFE Backward 20(19.8) | CNF Time 0.5000(0.5000)
Iter 0227 | Time 0.1042(0.0933) | Loss 3.762952(3.853770) | NFE Forward 26(20.3) | NFE Backward 20(19.8) | CNF Time 0.5000(0.5000)
Iter 0228 | Time 0.0962(0.0935) | Loss 3.809000(3.850636) | NFE Forward 20(20.3) | NFE Backward 20(19.9) | CNF Time 0.5000(0.5000)
Iter 0229 | Time 0.0947(0.0936) | Loss 3.838135(3.849761) | NFE Forward 20(20.3) | NFE Backward 20(19.9) | CNF Time 0.5000(0.5000)
Iter 0230 | Time 0.0933(0.0936) | Loss 3.873173(3.851400) | NFE Forward 20(20.2) | NFE Backward 20(19.9) | CNF Time 0.5000(0.5000)
Iter 0231 | Time 0.0946(0.0937) | Loss 3.813194(3.848726) | NFE Forward 20(20.2) | NFE Backward 20(19.9) | CNF Time 0.5000(0.5000)
Iter 0232 | Time 0.0928(0.0936) | Loss 3.859877(3.849506) | NFE Forward 20(20.2) | NFE Backward 20(19.9) | CNF Time 0.5000(0.5000)
Iter 0233 | Time 0.0932(0.0936) | Loss 3.860539(3.850279) | NFE Forward 20(20.2) | NFE Backward 20(19.9) | CNF Time 0.5000(0.5000)
Iter 0234 | Time 0.0919(0.0935) | Loss 3.949040(3.857192) | NFE Forward 20(20.2) | NFE Backward 20(19.9) | CNF Time 0.5000(0.5000)
Iter 0235 | Time 0.1002(0.0939) | Loss 3.631336(3.841382) | NFE Forward 26(20.6) | NFE Backward 20(19.9) | CNF Time 0.5000(0.5000)
Iter 0236 | Time 0.0927(0.0938) | Loss 3.956555(3.849444) | NFE Forward 20(20.5) | NFE Backward 20(19.9) | CNF Time 0.5000(0.5000)
Iter 0237 | Time 0.0964(0.0940) | Loss 3.783123(3.844802) | NFE Forward 20(20.5) | NFE Backward 20(19.9) | CNF Time 0.5000(0.5000)
Iter 0238 | Time 0.0933(0.0940) | Loss 3.937312(3.851277) | NFE Forward 20(20.5) | NFE Backward 20(19.9) | CNF Time 0.5000(0.5000)
Iter 0239 | Time 0.1002(0.0944) | Loss 3.673703(3.838847) | NFE Forward 26(20.9) | NFE Backward 20(19.9) | CNF Time 0.5000(0.5000)
Iter 0240 | Time 0.1009(0.0949) | Loss 3.773021(3.834239) | NFE Forward 26(21.2) | NFE Backward 20(19.9) | CNF Time 0.5000(0.5000)
Iter 0241 | Time 0.0921(0.0947) | Loss 4.136835(3.855421) | NFE Forward 20(21.1) | NFE Backward 20(19.9) | CNF Time 0.5000(0.5000)
Iter 0242 | Time 0.1004(0.0951) | Loss 3.766504(3.849197) | NFE Forward 26(21.5) | NFE Backward 20(19.9) | CNF Time 0.5000(0.5000)
Iter 0243 | Time 0.1010(0.0955) | Loss 3.752838(3.842452) | NFE Forward 26(21.8) | NFE Backward 20(20.0) | CNF Time 0.5000(0.5000)
Iter 0244 | Time 0.0924(0.0953) | Loss 3.862964(3.843888) | NFE Forward 20(21.7) | NFE Backward 20(20.0) | CNF Time 0.5000(0.5000)
Iter 0245 | Time 0.1008(0.0957) | Loss 3.558969(3.823943) | NFE Forward 26(22.0) | NFE Backward 20(20.0) | CNF Time 0.5000(0.5000)
Iter 0246 | Time 0.1004(0.0960) | Loss 3.969291(3.834118) | NFE Forward 26(22.3) | NFE Backward 20(20.0) | CNF Time 0.5000(0.5000)
Iter 0247 | Time 0.0920(0.0957) | Loss 3.758149(3.828800) | NFE Forward 20(22.1) | NFE Backward 20(20.0) | CNF Time 0.5000(0.5000)
Iter 0248 | Time 0.0929(0.0955) | Loss 4.035823(3.843292) | NFE Forward 20(21.9) | NFE Backward 20(20.0) | CNF Time 0.5000(0.5000)
Iter 0249 | Time 0.1006(0.0959) | Loss 3.815616(3.841354) | NFE Forward 26(22.2) | NFE Backward 20(20.0) | CNF Time 0.5000(0.5000)
Iter 0250 | Time 0.1006(0.0962) | Loss 3.779181(3.837002) | NFE Forward 26(22.5) | NFE Backward 20(20.0) | CNF Time 0.5000(0.5000)
Iter 0251 | Time 0.1006(0.0965) | Loss 3.836156(3.836943) | NFE Forward 26(22.7) | NFE Backward 20(20.0) | CNF Time 0.5000(0.5000)
Iter 0252 | Time 0.1006(0.0968) | Loss 3.615940(3.821473) | NFE Forward 26(23.0) | NFE Backward 20(20.0) | CNF Time 0.5000(0.5000)
Iter 0253 | Time 0.1008(0.0971) | Loss 3.537907(3.801623) | NFE Forward 26(23.2) | NFE Backward 20(20.0) | CNF Time 0.5000(0.5000)
Iter 0254 | Time 0.0925(0.0967) | Loss 3.817443(3.802730) | NFE Forward 20(23.0) | NFE Backward 20(20.0) | CNF Time 0.5000(0.5000)
Iter 0255 | Time 0.1015(0.0971) | Loss 3.780952(3.801206) | NFE Forward 26(23.2) | NFE Backward 20(20.0) | CNF Time 0.5000(0.5000)
Iter 0256 | Time 0.1001(0.0973) | Loss 3.694544(3.793740) | NFE Forward 26(23.4) | NFE Backward 20(20.0) | CNF Time 0.5000(0.5000)
Iter 0257 | Time 0.1013(0.0976) | Loss 3.825093(3.795934) | NFE Forward 26(23.6) | NFE Backward 20(20.0) | CNF Time 0.5000(0.5000)
Iter 0258 | Time 0.1005(0.0978) | Loss 3.759376(3.793375) | NFE Forward 26(23.7) | NFE Backward 20(20.0) | CNF Time 0.5000(0.5000)
Iter 0259 | Time 0.1010(0.0980) | Loss 3.815856(3.794949) | NFE Forward 26(23.9) | NFE Backward 20(20.0) | CNF Time 0.5000(0.5000)
Iter 0260 | Time 0.1004(0.0982) | Loss 3.574260(3.779501) | NFE Forward 26(24.0) | NFE Backward 20(20.0) | CNF Time 0.5000(0.5000)
Iter 0261 | Time 0.1007(0.0983) | Loss 3.644626(3.770059) | NFE Forward 26(24.2) | NFE Backward 20(20.0) | CNF Time 0.5000(0.5000)
Iter 0262 | Time 0.1003(0.0985) | Loss 3.815347(3.773230) | NFE Forward 26(24.3) | NFE Backward 20(20.0) | CNF Time 0.5000(0.5000)
Iter 0263 | Time 0.1005(0.0986) | Loss 3.866113(3.779731) | NFE Forward 26(24.4) | NFE Backward 20(20.0) | CNF Time 0.5000(0.5000)
Iter 0264 | Time 0.1037(0.0990) | Loss 3.805148(3.781511) | NFE Forward 26(24.5) | NFE Backward 20(20.0) | CNF Time 0.5000(0.5000)
Iter 0265 | Time 0.1044(0.0994) | Loss 3.696079(3.775530) | NFE Forward 26(24.6) | NFE Backward 20(20.0) | CNF Time 0.5000(0.5000)
Iter 0266 | Time 0.1031(0.0996) | Loss 3.829719(3.779324) | NFE Forward 26(24.7) | NFE Backward 20(20.0) | CNF Time 0.5000(0.5000)
Iter 0267 | Time 0.1005(0.0997) | Loss 3.674522(3.771988) | NFE Forward 26(24.8) | NFE Backward 20(20.0) | CNF Time 0.5000(0.5000)
Iter 0268 | Time 0.1040(0.1000) | Loss 3.880981(3.779617) | NFE Forward 26(24.9) | NFE Backward 20(20.0) | CNF Time 0.5000(0.5000)
Iter 0269 | Time 0.1017(0.1001) | Loss 3.864134(3.785533) | NFE Forward 26(25.0) | NFE Backward 20(20.0) | CNF Time 0.5000(0.5000)
Iter 0270 | Time 0.1018(0.1002) | Loss 3.784391(3.785453) | NFE Forward 26(25.0) | NFE Backward 20(20.0) | CNF Time 0.5000(0.5000)
Iter 0271 | Time 0.1026(0.1004) | Loss 3.914824(3.794509) | NFE Forward 26(25.1) | NFE Backward 20(20.0) | CNF Time 0.5000(0.5000)
Iter 0272 | Time 0.1001(0.1004) | Loss 3.668735(3.785705) | NFE Forward 26(25.2) | NFE Backward 20(20.0) | CNF Time 0.5000(0.5000)
Iter 0273 | Time 0.1009(0.1004) | Loss 3.772285(3.784766) | NFE Forward 26(25.2) | NFE Backward 20(20.0) | CNF Time 0.5000(0.5000)
Iter 0274 | Time 0.1001(0.1004) | Loss 3.625241(3.773599) | NFE Forward 26(25.3) | NFE Backward 20(20.0) | CNF Time 0.5000(0.5000)
Iter 0275 | Time 0.1071(0.1008) | Loss 3.700431(3.768477) | NFE Forward 26(25.3) | NFE Backward 20(20.0) | CNF Time 0.5000(0.5000)
Iter 0276 | Time 0.1002(0.1008) | Loss 3.848437(3.774074) | NFE Forward 26(25.4) | NFE Backward 20(20.0) | CNF Time 0.5000(0.5000)
Iter 0277 | Time 0.0981(0.1006) | Loss 3.750556(3.772428) | NFE Forward 26(25.4) | NFE Backward 20(20.0) | CNF Time 0.5000(0.5000)
Iter 0278 | Time 0.0977(0.1004) | Loss 3.879038(3.779891) | NFE Forward 26(25.5) | NFE Backward 20(20.0) | CNF Time 0.5000(0.5000)
Iter 0279 | Time 0.0977(0.1002) | Loss 3.717228(3.775505) | NFE Forward 26(25.5) | NFE Backward 20(20.0) | CNF Time 0.5000(0.5000)
Iter 0280 | Time 0.0987(0.1001) | Loss 3.728753(3.772232) | NFE Forward 26(25.5) | NFE Backward 20(20.0) | CNF Time 0.5000(0.5000)
Iter 0281 | Time 0.1008(0.1002) | Loss 3.804998(3.774526) | NFE Forward 26(25.6) | NFE Backward 20(20.0) | CNF Time 0.5000(0.5000)
Iter 0282 | Time 0.1000(0.1002) | Loss 3.560566(3.759548) | NFE Forward 26(25.6) | NFE Backward 20(20.0) | CNF Time 0.5000(0.5000)
Iter 0283 | Time 0.1001(0.1001) | Loss 3.740252(3.758198) | NFE Forward 26(25.6) | NFE Backward 20(20.0) | CNF Time 0.5000(0.5000)
Iter 0284 | Time 0.0992(0.1001) | Loss 3.577139(3.745524) | NFE Forward 26(25.7) | NFE Backward 20(20.0) | CNF Time 0.5000(0.5000)
Iter 0285 | Time 0.0989(0.1000) | Loss 3.803436(3.749577) | NFE Forward 26(25.7) | NFE Backward 20(20.0) | CNF Time 0.5000(0.5000)
Iter 0286 | Time 0.0980(0.0999) | Loss 3.832573(3.755387) | NFE Forward 26(25.7) | NFE Backward 20(20.0) | CNF Time 0.5000(0.5000)
Iter 0287 | Time 0.0987(0.0998) | Loss 3.797063(3.758304) | NFE Forward 26(25.7) | NFE Backward 20(20.0) | CNF Time 0.5000(0.5000)
Iter 0288 | Time 0.0971(0.0996) | Loss 3.620648(3.748668) | NFE Forward 26(25.7) | NFE Backward 20(20.0) | CNF Time 0.5000(0.5000)
Iter 0289 | Time 0.0980(0.0995) | Loss 3.692082(3.744707) | NFE Forward 26(25.8) | NFE Backward 20(20.0) | CNF Time 0.5000(0.5000)
Iter 0290 | Time 0.0997(0.0995) | Loss 3.765756(3.746181) | NFE Forward 26(25.8) | NFE Backward 20(20.0) | CNF Time 0.5000(0.5000)
Iter 0291 | Time 0.1003(0.0995) | Loss 3.847664(3.753285) | NFE Forward 26(25.8) | NFE Backward 20(20.0) | CNF Time 0.5000(0.5000)
Iter 0292 | Time 0.1078(0.1001) | Loss 3.841228(3.759441) | NFE Forward 26(25.8) | NFE Backward 20(20.0) | CNF Time 0.5000(0.5000)
Iter 0293 | Time 0.0985(0.1000) | Loss 3.839725(3.765061) | NFE Forward 26(25.8) | NFE Backward 20(20.0) | CNF Time 0.5000(0.5000)
Iter 0294 | Time 0.0974(0.0998) | Loss 3.763647(3.764962) | NFE Forward 26(25.8) | NFE Backward 20(20.0) | CNF Time 0.5000(0.5000)
Iter 0295 | Time 0.0975(0.0997) | Loss 3.688188(3.759587) | NFE Forward 26(25.8) | NFE Backward 20(20.0) | CNF Time 0.5000(0.5000)
Iter 0296 | Time 0.0995(0.0997) | Loss 3.855719(3.766317) | NFE Forward 26(25.9) | NFE Backward 20(20.0) | CNF Time 0.5000(0.5000)
Iter 0297 | Time 0.1006(0.0997) | Loss 3.646982(3.757963) | NFE Forward 26(25.9) | NFE Backward 20(20.0) | CNF Time 0.5000(0.5000)
Iter 0298 | Time 0.0993(0.0997) | Loss 3.655450(3.750787) | NFE Forward 26(25.9) | NFE Backward 20(20.0) | CNF Time 0.5000(0.5000)
Iter 0299 | Time 0.0987(0.0996) | Loss 3.700242(3.747249) | NFE Forward 26(25.9) | NFE Backward 20(20.0) | CNF Time 0.5000(0.5000)
Iter 0300 | Time 0.0994(0.0996) | Loss 3.829655(3.753018) | NFE Forward 26(25.9) | NFE Backward 20(20.0) | CNF Time 0.5000(0.5000)
[TEST] Iter 0300 | Test Loss 3.709186 | NFE 26
Iter 0301 | Time 0.1022(0.0998) | Loss 3.643323(3.745339) | NFE Forward 26(25.9) | NFE Backward 20(20.0) | CNF Time 0.5000(0.5000)
Iter 0302 | Time 0.1000(0.0998) | Loss 3.663644(3.739620) | NFE Forward 26(25.9) | NFE Backward 20(20.0) | CNF Time 0.5000(0.5000)
Iter 0303 | Time 0.0993(0.0998) | Loss 3.609816(3.730534) | NFE Forward 26(25.9) | NFE Backward 20(20.0) | CNF Time 0.5000(0.5000)
Iter 0304 | Time 0.0996(0.0998) | Loss 3.678264(3.726875) | NFE Forward 26(25.9) | NFE Backward 20(20.0) | CNF Time 0.5000(0.5000)
Iter 0305 | Time 0.0989(0.0997) | Loss 3.658125(3.722063) | NFE Forward 26(25.9) | NFE Backward 20(20.0) | CNF Time 0.5000(0.5000)
Iter 0306 | Time 0.0997(0.0997) | Loss 3.708827(3.721136) | NFE Forward 26(25.9) | NFE Backward 20(20.0) | CNF Time 0.5000(0.5000)
Iter 0307 | Time 0.0989(0.0996) | Loss 3.925202(3.735421) | NFE Forward 26(25.9) | NFE Backward 20(20.0) | CNF Time 0.5000(0.5000)
Iter 0308 | Time 0.0990(0.0996) | Loss 3.705433(3.733322) | NFE Forward 26(25.9) | NFE Backward 20(20.0) | CNF Time 0.5000(0.5000)
Iter 0309 | Time 0.0998(0.0996) | Loss 3.738136(3.733659) | NFE Forward 26(25.9) | NFE Backward 20(20.0) | CNF Time 0.5000(0.5000)
Iter 0310 | Time 0.0983(0.0995) | Loss 3.772142(3.736353) | NFE Forward 26(25.9) | NFE Backward 20(20.0) | CNF Time 0.5000(0.5000)
Iter 0311 | Time 0.1029(0.0998) | Loss 3.529503(3.721873) | NFE Forward 26(26.0) | NFE Backward 20(20.0) | CNF Time 0.5000(0.5000)
Iter 0312 | Time 0.0984(0.0997) | Loss 3.600155(3.713353) | NFE Forward 26(26.0) | NFE Backward 20(20.0) | CNF Time 0.5000(0.5000)
Iter 0313 | Time 0.0980(0.0995) | Loss 3.662342(3.709782) | NFE Forward 26(26.0) | NFE Backward 20(20.0) | CNF Time 0.5000(0.5000)
Iter 0314 | Time 0.0994(0.0995) | Loss 3.750442(3.712628) | NFE Forward 26(26.0) | NFE Backward 20(20.0) | CNF Time 0.5000(0.5000)
Iter 0315 | Time 0.1022(0.0997) | Loss 3.681147(3.710425) | NFE Forward 26(26.0) | NFE Backward 20(20.0) | CNF Time 0.5000(0.5000)
Iter 0316 | Time 0.1009(0.0998) | Loss 3.799571(3.716665) | NFE Forward 26(26.0) | NFE Backward 20(20.0) | CNF Time 0.5000(0.5000)
Iter 0317 | Time 0.1032(0.1000) | Loss 3.729264(3.717547) | NFE Forward 26(26.0) | NFE Backward 20(20.0) | CNF Time 0.5000(0.5000)
Iter 0318 | Time 0.0995(0.1000) | Loss 3.901147(3.730399) | NFE Forward 26(26.0) | NFE Backward 20(20.0) | CNF Time 0.5000(0.5000)
Iter 0319 | Time 0.0984(0.0999) | Loss 3.560734(3.718522) | NFE Forward 26(26.0) | NFE Backward 20(20.0) | CNF Time 0.5000(0.5000)
Iter 0320 | Time 0.0976(0.0997) | Loss 3.797345(3.724040) | NFE Forward 26(26.0) | NFE Backward 20(20.0) | CNF Time 0.5000(0.5000)
Iter 0321 | Time 0.0981(0.0996) | Loss 3.802522(3.729534) | NFE Forward 26(26.0) | NFE Backward 20(20.0) | CNF Time 0.5000(0.5000)
Iter 0322 | Time 0.0974(0.0995) | Loss 3.853545(3.738214) | NFE Forward 26(26.0) | NFE Backward 20(20.0) | CNF Time 0.5000(0.5000)
Iter 0323 | Time 0.0981(0.0994) | Loss 3.487406(3.720658) | NFE Forward 26(26.0) | NFE Backward 20(20.0) | CNF Time 0.5000(0.5000)
Iter 0324 | Time 0.0975(0.0992) | Loss 3.776265(3.724550) | NFE Forward 26(26.0) | NFE Backward 20(20.0) | CNF Time 0.5000(0.5000)
Iter 0325 | Time 0.0978(0.0991) | Loss 3.849012(3.733263) | NFE Forward 26(26.0) | NFE Backward 20(20.0) | CNF Time 0.5000(0.5000)
Iter 0326 | Time 0.0976(0.0990) | Loss 3.788527(3.737131) | NFE Forward 26(26.0) | NFE Backward 20(20.0) | CNF Time 0.5000(0.5000)
Iter 0327 | Time 0.0993(0.0990) | Loss 3.827121(3.743430) | NFE Forward 26(26.0) | NFE Backward 20(20.0) | CNF Time 0.5000(0.5000)
Iter 0328 | Time 0.0979(0.0990) | Loss 3.838317(3.750072) | NFE Forward 26(26.0) | NFE Backward 20(20.0) | CNF Time 0.5000(0.5000)
Iter 0329 | Time 0.0978(0.0989) | Loss 3.569186(3.737410) | NFE Forward 26(26.0) | NFE Backward 20(20.0) | CNF Time 0.5000(0.5000)
Iter 0330 | Time 0.0976(0.0988) | Loss 3.747256(3.738100) | NFE Forward 26(26.0) | NFE Backward 20(20.0) | CNF Time 0.5000(0.5000)
Iter 0331 | Time 0.0975(0.0987) | Loss 3.644389(3.731540) | NFE Forward 26(26.0) | NFE Backward 20(20.0) | CNF Time 0.5000(0.5000)
Iter 0332 | Time 0.0977(0.0986) | Loss 3.713360(3.730267) | NFE Forward 26(26.0) | NFE Backward 20(20.0) | CNF Time 0.5000(0.5000)
Iter 0333 | Time 0.0980(0.0986) | Loss 3.733096(3.730465) | NFE Forward 26(26.0) | NFE Backward 20(20.0) | CNF Time 0.5000(0.5000)
Iter 0334 | Time 0.0980(0.0985) | Loss 3.749439(3.731793) | NFE Forward 26(26.0) | NFE Backward 20(20.0) | CNF Time 0.5000(0.5000)
Iter 0335 | Time 0.0977(0.0985) | Loss 3.675597(3.727860) | NFE Forward 26(26.0) | NFE Backward 20(20.0) | CNF Time 0.5000(0.5000)
Iter 0336 | Time 0.0978(0.0984) | Loss 3.741077(3.728785) | NFE Forward 26(26.0) | NFE Backward 20(20.0) | CNF Time 0.5000(0.5000)
Iter 0337 | Time 0.0975(0.0984) | Loss 3.531023(3.714942) | NFE Forward 26(26.0) | NFE Backward 20(20.0) | CNF Time 0.5000(0.5000)
Iter 0338 | Time 0.0980(0.0983) | Loss 3.688289(3.713076) | NFE Forward 26(26.0) | NFE Backward 20(20.0) | CNF Time 0.5000(0.5000)
Iter 0339 | Time 0.0978(0.0983) | Loss 3.618405(3.706449) | NFE Forward 26(26.0) | NFE Backward 20(20.0) | CNF Time 0.5000(0.5000)
Iter 0340 | Time 0.0976(0.0983) | Loss 3.599875(3.698989) | NFE Forward 26(26.0) | NFE Backward 20(20.0) | CNF Time 0.5000(0.5000)
Iter 0341 | Time 0.1010(0.0984) | Loss 3.640727(3.694910) | NFE Forward 26(26.0) | NFE Backward 20(20.0) | CNF Time 0.5000(0.5000)
Iter 0342 | Time 0.1012(0.0986) | Loss 3.641890(3.691199) | NFE Forward 26(26.0) | NFE Backward 20(20.0) | CNF Time 0.5000(0.5000)
Iter 0343 | Time 0.1091(0.0994) | Loss 3.545198(3.680979) | NFE Forward 26(26.0) | NFE Backward 20(20.0) | CNF Time 0.5000(0.5000)
Iter 0344 | Time 0.0984(0.0993) | Loss 3.697502(3.682136) | NFE Forward 26(26.0) | NFE Backward 20(20.0) | CNF Time 0.5000(0.5000)
Iter 0345 | Time 0.0970(0.0991) | Loss 3.646268(3.679625) | NFE Forward 26(26.0) | NFE Backward 20(20.0) | CNF Time 0.5000(0.5000)
Iter 0346 | Time 0.0973(0.0990) | Loss 3.670168(3.678963) | NFE Forward 26(26.0) | NFE Backward 20(20.0) | CNF Time 0.5000(0.5000)
Iter 0347 | Time 0.0966(0.0988) | Loss 3.750149(3.683946) | NFE Forward 26(26.0) | NFE Backward 20(20.0) | CNF Time 0.5000(0.5000)
Iter 0348 | Time 0.0983(0.0988) | Loss 3.540665(3.673916) | NFE Forward 26(26.0) | NFE Backward 20(20.0) | CNF Time 0.5000(0.5000)
Iter 0349 | Time 0.0986(0.0988) | Loss 3.647655(3.672078) | NFE Forward 26(26.0) | NFE Backward 20(20.0) | CNF Time 0.5000(0.5000)
Iter 0350 | Time 0.0974(0.0987) | Loss 3.734064(3.676417) | NFE Forward 26(26.0) | NFE Backward 20(20.0) | CNF Time 0.5000(0.5000)
Iter 0351 | Time 0.0972(0.0986) | Loss 3.719420(3.679427) | NFE Forward 26(26.0) | NFE Backward 20(20.0) | CNF Time 0.5000(0.5000)
Iter 0352 | Time 0.0972(0.0985) | Loss 3.699105(3.680805) | NFE Forward 26(26.0) | NFE Backward 20(20.0) | CNF Time 0.5000(0.5000)
Iter 0353 | Time 0.0973(0.0984) | Loss 3.654250(3.678946) | NFE Forward 26(26.0) | NFE Backward 20(20.0) | CNF Time 0.5000(0.5000)
Iter 0354 | Time 0.0973(0.0983) | Loss 3.589276(3.672669) | NFE Forward 26(26.0) | NFE Backward 20(20.0) | CNF Time 0.5000(0.5000)
Iter 0355 | Time 0.0970(0.0982) | Loss 3.638482(3.670276) | NFE Forward 26(26.0) | NFE Backward 20(20.0) | CNF Time 0.5000(0.5000)
Iter 0356 | Time 0.0970(0.0982) | Loss 3.709634(3.673031) | NFE Forward 26(26.0) | NFE Backward 20(20.0) | CNF Time 0.5000(0.5000)
Iter 0357 | Time 0.0974(0.0981) | Loss 3.686598(3.673981) | NFE Forward 26(26.0) | NFE Backward 20(20.0) | CNF Time 0.5000(0.5000)
Iter 0358 | Time 0.0996(0.0982) | Loss 3.798082(3.682668) | NFE Forward 26(26.0) | NFE Backward 20(20.0) | CNF Time 0.5000(0.5000)
Iter 0359 | Time 0.0973(0.0981) | Loss 3.678519(3.682377) | NFE Forward 26(26.0) | NFE Backward 20(20.0) | CNF Time 0.5000(0.5000)
Iter 0360 | Time 0.0970(0.0981) | Loss 3.626821(3.678488) | NFE Forward 26(26.0) | NFE Backward 20(20.0) | CNF Time 0.5000(0.5000)
Iter 0361 | Time 0.0978(0.0980) | Loss 3.592678(3.672482) | NFE Forward 26(26.0) | NFE Backward 20(20.0) | CNF Time 0.5000(0.5000)
Iter 0362 | Time 0.0971(0.0980) | Loss 3.689896(3.673701) | NFE Forward 26(26.0) | NFE Backward 20(20.0) | CNF Time 0.5000(0.5000)
Iter 0363 | Time 0.0975(0.0979) | Loss 3.774072(3.680727) | NFE Forward 26(26.0) | NFE Backward 20(20.0) | CNF Time 0.5000(0.5000)
Iter 0364 | Time 0.0967(0.0979) | Loss 3.713521(3.683022) | NFE Forward 26(26.0) | NFE Backward 20(20.0) | CNF Time 0.5000(0.5000)
Iter 0365 | Time 0.0971(0.0978) | Loss 3.674703(3.682440) | NFE Forward 26(26.0) | NFE Backward 20(20.0) | CNF Time 0.5000(0.5000)
Iter 0366 | Time 0.0971(0.0978) | Loss 3.785889(3.689681) | NFE Forward 26(26.0) | NFE Backward 20(20.0) | CNF Time 0.5000(0.5000)
Iter 0367 | Time 0.0991(0.0978) | Loss 3.541915(3.679338) | NFE Forward 26(26.0) | NFE Backward 20(20.0) | CNF Time 0.5000(0.5000)
Iter 0368 | Time 0.0969(0.0978) | Loss 3.574864(3.672024) | NFE Forward 26(26.0) | NFE Backward 20(20.0) | CNF Time 0.5000(0.5000)
Iter 0369 | Time 0.0972(0.0977) | Loss 3.807226(3.681489) | NFE Forward 26(26.0) | NFE Backward 20(20.0) | CNF Time 0.5000(0.5000)
Iter 0370 | Time 0.0992(0.0978) | Loss 3.678595(3.681286) | NFE Forward 26(26.0) | NFE Backward 20(20.0) | CNF Time 0.5000(0.5000)
Iter 0371 | Time 0.0995(0.0980) | Loss 3.750925(3.686161) | NFE Forward 26(26.0) | NFE Backward 20(20.0) | CNF Time 0.5000(0.5000)
Iter 0372 | Time 0.0988(0.0980) | Loss 3.724109(3.688817) | NFE Forward 26(26.0) | NFE Backward 20(20.0) | CNF Time 0.5000(0.5000)
Iter 0373 | Time 0.0985(0.0980) | Loss 3.663278(3.687029) | NFE Forward 26(26.0) | NFE Backward 20(20.0) | CNF Time 0.5000(0.5000)
Iter 0374 | Time 0.1003(0.0982) | Loss 3.595885(3.680649) | NFE Forward 26(26.0) | NFE Backward 20(20.0) | CNF Time 0.5000(0.5000)
Iter 0375 | Time 0.1006(0.0984) | Loss 3.678114(3.680472) | NFE Forward 26(26.0) | NFE Backward 20(20.0) | CNF Time 0.5000(0.5000)
Iter 0376 | Time 0.0994(0.0984) | Loss 3.726759(3.683712) | NFE Forward 26(26.0) | NFE Backward 20(20.0) | CNF Time 0.5000(0.5000)
Iter 0377 | Time 0.0974(0.0984) | Loss 3.635118(3.680310) | NFE Forward 26(26.0) | NFE Backward 20(20.0) | CNF Time 0.5000(0.5000)
Iter 0378 | Time 0.1034(0.0987) | Loss 3.700075(3.681694) | NFE Forward 26(26.0) | NFE Backward 20(20.0) | CNF Time 0.5000(0.5000)
Iter 0379 | Time 0.1041(0.0991) | Loss 3.664678(3.680503) | NFE Forward 26(26.0) | NFE Backward 20(20.0) | CNF Time 0.5000(0.5000)
Iter 0380 | Time 0.0971(0.0990) | Loss 3.678132(3.680337) | NFE Forward 26(26.0) | NFE Backward 20(20.0) | CNF Time 0.5000(0.5000)
Iter 0381 | Time 0.0985(0.0989) | Loss 3.720715(3.683163) | NFE Forward 26(26.0) | NFE Backward 20(20.0) | CNF Time 0.5000(0.5000)
Iter 0382 | Time 0.0985(0.0989) | Loss 3.740061(3.687146) | NFE Forward 26(26.0) | NFE Backward 20(20.0) | CNF Time 0.5000(0.5000)
Iter 0383 | Time 0.0979(0.0988) | Loss 3.654841(3.684885) | NFE Forward 26(26.0) | NFE Backward 20(20.0) | CNF Time 0.5000(0.5000)
Iter 0384 | Time 0.0971(0.0987) | Loss 3.664876(3.683484) | NFE Forward 26(26.0) | NFE Backward 20(20.0) | CNF Time 0.5000(0.5000)
Iter 0385 | Time 0.0974(0.0986) | Loss 3.637268(3.680249) | NFE Forward 26(26.0) | NFE Backward 20(20.0) | CNF Time 0.5000(0.5000)
Iter 0386 | Time 0.0971(0.0985) | Loss 3.624155(3.676322) | NFE Forward 26(26.0) | NFE Backward 20(20.0) | CNF Time 0.5000(0.5000)
Iter 0387 | Time 0.0973(0.0984) | Loss 3.692765(3.677473) | NFE Forward 26(26.0) | NFE Backward 20(20.0) | CNF Time 0.5000(0.5000)
Iter 0388 | Time 0.0975(0.0984) | Loss 3.620172(3.673462) | NFE Forward 26(26.0) | NFE Backward 20(20.0) | CNF Time 0.5000(0.5000)
Iter 0389 | Time 0.0978(0.0983) | Loss 3.777910(3.680774) | NFE Forward 26(26.0) | NFE Backward 20(20.0) | CNF Time 0.5000(0.5000)
Iter 0390 | Time 0.0981(0.0983) | Loss 3.607358(3.675635) | NFE Forward 26(26.0) | NFE Backward 20(20.0) | CNF Time 0.5000(0.5000)
Iter 0391 | Time 0.0977(0.0983) | Loss 3.696393(3.677088) | NFE Forward 26(26.0) | NFE Backward 20(20.0) | CNF Time 0.5000(0.5000)
Iter 0392 | Time 0.0976(0.0982) | Loss 3.665840(3.676300) | NFE Forward 26(26.0) | NFE Backward 20(20.0) | CNF Time 0.5000(0.5000)
Iter 0393 | Time 0.0971(0.0981) | Loss 3.677379(3.676376) | NFE Forward 26(26.0) | NFE Backward 20(20.0) | CNF Time 0.5000(0.5000)
Iter 0394 | Time 0.0978(0.0981) | Loss 3.706422(3.678479) | NFE Forward 26(26.0) | NFE Backward 20(20.0) | CNF Time 0.5000(0.5000)
Iter 0395 | Time 0.0972(0.0980) | Loss 3.664158(3.677477) | NFE Forward 26(26.0) | NFE Backward 20(20.0) | CNF Time 0.5000(0.5000)
Iter 0396 | Time 0.1013(0.0983) | Loss 3.665295(3.676624) | NFE Forward 26(26.0) | NFE Backward 20(20.0) | CNF Time 0.5000(0.5000)
Iter 0397 | Time 0.1048(0.0987) | Loss 3.570995(3.669230) | NFE Forward 26(26.0) | NFE Backward 20(20.0) | CNF Time 0.5000(0.5000)
Iter 0398 | Time 0.1004(0.0989) | Loss 3.772861(3.676484) | NFE Forward 26(26.0) | NFE Backward 20(20.0) | CNF Time 0.5000(0.5000)
Iter 0399 | Time 0.1010(0.0990) | Loss 3.632328(3.673393) | NFE Forward 26(26.0) | NFE Backward 20(20.0) | CNF Time 0.5000(0.5000)
Iter 0400 | Time 0.1010(0.0991) | Loss 3.736580(3.677816) | NFE Forward 26(26.0) | NFE Backward 20(20.0) | CNF Time 0.5000(0.5000)
[TEST] Iter 0400 | Test Loss 3.599399 | NFE 26
Iter 0401 | Time 0.1018(0.0993) | Loss 3.558472(3.669462) | NFE Forward 26(26.0) | NFE Backward 20(20.0) | CNF Time 0.5000(0.5000)
Iter 0402 | Time 0.1003(0.0994) | Loss 3.608109(3.665167) | NFE Forward 26(26.0) | NFE Backward 20(20.0) | CNF Time 0.5000(0.5000)
Iter 0403 | Time 0.1004(0.0995) | Loss 3.452694(3.650294) | NFE Forward 26(26.0) | NFE Backward 20(20.0) | CNF Time 0.5000(0.5000)
Iter 0404 | Time 0.1007(0.0996) | Loss 3.601145(3.646854) | NFE Forward 26(26.0) | NFE Backward 20(20.0) | CNF Time 0.5000(0.5000)
Iter 0405 | Time 0.1001(0.0996) | Loss 3.640021(3.646375) | NFE Forward 26(26.0) | NFE Backward 20(20.0) | CNF Time 0.5000(0.5000)
Iter 0406 | Time 0.1001(0.0996) | Loss 3.702996(3.650339) | NFE Forward 26(26.0) | NFE Backward 20(20.0) | CNF Time 0.5000(0.5000)
Iter 0407 | Time 0.1009(0.0997) | Loss 3.569103(3.644652) | NFE Forward 26(26.0) | NFE Backward 20(20.0) | CNF Time 0.5000(0.5000)
Iter 0408 | Time 0.1031(0.1000) | Loss 3.666251(3.646164) | NFE Forward 26(26.0) | NFE Backward 20(20.0) | CNF Time 0.5000(0.5000)
Iter 0409 | Time 0.1092(0.1006) | Loss 3.766465(3.654585) | NFE Forward 26(26.0) | NFE Backward 20(20.0) | CNF Time 0.5000(0.5000)
Iter 0410 | Time 0.1010(0.1006) | Loss 3.631768(3.652988) | NFE Forward 26(26.0) | NFE Backward 20(20.0) | CNF Time 0.5000(0.5000)
Iter 0411 | Time 0.1065(0.1010) | Loss 3.704334(3.656582) | NFE Forward 26(26.0) | NFE Backward 20(20.0) | CNF Time 0.5000(0.5000)
Iter 0412 | Time 0.1057(0.1014) | Loss 3.624936(3.654367) | NFE Forward 26(26.0) | NFE Backward 20(20.0) | CNF Time 0.5000(0.5000)
Iter 0413 | Time 0.0974(0.1011) | Loss 3.529083(3.645597) | NFE Forward 26(26.0) | NFE Backward 20(20.0) | CNF Time 0.5000(0.5000)
Iter 0414 | Time 0.0973(0.1008) | Loss 3.681309(3.648097) | NFE Forward 26(26.0) | NFE Backward 20(20.0) | CNF Time 0.5000(0.5000)
Iter 0415 | Time 0.0974(0.1006) | Loss 3.572098(3.642777) | NFE Forward 26(26.0) | NFE Backward 20(20.0) | CNF Time 0.5000(0.5000)
Iter 0416 | Time 0.0975(0.1004) | Loss 3.668347(3.644567) | NFE Forward 26(26.0) | NFE Backward 20(20.0) | CNF Time 0.5000(0.5000)
Iter 0417 | Time 0.0975(0.1002) | Loss 3.560021(3.638649) | NFE Forward 26(26.0) | NFE Backward 20(20.0) | CNF Time 0.5000(0.5000)
Iter 0418 | Time 0.0974(0.1000) | Loss 3.738412(3.645632) | NFE Forward 26(26.0) | NFE Backward 20(20.0) | CNF Time 0.5000(0.5000)
Iter 0419 | Time 0.0975(0.0998) | Loss 3.650365(3.645963) | NFE Forward 26(26.0) | NFE Backward 20(20.0) | CNF Time 0.5000(0.5000)
Iter 0420 | Time 0.0976(0.0996) | Loss 3.594325(3.642349) | NFE Forward 26(26.0) | NFE Backward 20(20.0) | CNF Time 0.5000(0.5000)
Iter 0421 | Time 0.0978(0.0995) | Loss 3.492205(3.631839) | NFE Forward 26(26.0) | NFE Backward 20(20.0) | CNF Time 0.5000(0.5000)
Iter 0422 | Time 0.0977(0.0994) | Loss 3.623164(3.631232) | NFE Forward 26(26.0) | NFE Backward 20(20.0) | CNF Time 0.5000(0.5000)
Iter 0423 | Time 0.0976(0.0993) | Loss 3.451720(3.618666) | NFE Forward 26(26.0) | NFE Backward 20(20.0) | CNF Time 0.5000(0.5000)
Iter 0424 | Time 0.0978(0.0992) | Loss 3.690545(3.623697) | NFE Forward 26(26.0) | NFE Backward 20(20.0) | CNF Time 0.5000(0.5000)
Iter 0425 | Time 0.0978(0.0991) | Loss 3.782425(3.634808) | NFE Forward 26(26.0) | NFE Backward 20(20.0) | CNF Time 0.5000(0.5000)
Iter 0426 | Time 0.1030(0.0993) | Loss 3.653779(3.636136) | NFE Forward 26(26.0) | NFE Backward 20(20.0) | CNF Time 0.5000(0.5000)
Iter 0427 | Time 0.1020(0.0995) | Loss 3.558436(3.630697) | NFE Forward 26(26.0) | NFE Backward 20(20.0) | CNF Time 0.5000(0.5000)
Iter 0428 | Time 0.1010(0.0996) | Loss 3.652629(3.632232) | NFE Forward 26(26.0) | NFE Backward 20(20.0) | CNF Time 0.5000(0.5000)
Iter 0429 | Time 0.1003(0.0997) | Loss 3.579627(3.628550) | NFE Forward 26(26.0) | NFE Backward 20(20.0) | CNF Time 0.5000(0.5000)
Iter 0430 | Time 0.1010(0.0998) | Loss 3.656786(3.630527) | NFE Forward 26(26.0) | NFE Backward 20(20.0) | CNF Time 0.5000(0.5000)
Iter 0431 | Time 0.1031(0.1000) | Loss 3.589068(3.627624) | NFE Forward 26(26.0) | NFE Backward 20(20.0) | CNF Time 0.5000(0.5000)
Iter 0432 | Time 0.1067(0.1005) | Loss 3.700107(3.632698) | NFE Forward 26(26.0) | NFE Backward 20(20.0) | CNF Time 0.5000(0.5000)
Iter 0433 | Time 0.1022(0.1006) | Loss 3.637498(3.633034) | NFE Forward 26(26.0) | NFE Backward 20(20.0) | CNF Time 0.5000(0.5000)
Iter 0434 | Time 0.1024(0.1007) | Loss 3.772075(3.642767) | NFE Forward 26(26.0) | NFE Backward 20(20.0) | CNF Time 0.5000(0.5000)
Iter 0435 | Time 0.1022(0.1008) | Loss 3.600979(3.639842) | NFE Forward 26(26.0) | NFE Backward 20(20.0) | CNF Time 0.5000(0.5000)
Iter 0436 | Time 0.1021(0.1009) | Loss 3.674541(3.642271) | NFE Forward 26(26.0) | NFE Backward 20(20.0) | CNF Time 0.5000(0.5000)
Iter 0437 | Time 0.1013(0.1009) | Loss 3.715172(3.647374) | NFE Forward 26(26.0) | NFE Backward 20(20.0) | CNF Time 0.5000(0.5000)
Iter 0438 | Time 0.1010(0.1010) | Loss 3.596248(3.643795) | NFE Forward 26(26.0) | NFE Backward 20(20.0) | CNF Time 0.5000(0.5000)
Iter 0439 | Time 0.1002(0.1009) | Loss 3.630043(3.642832) | NFE Forward 26(26.0) | NFE Backward 20(20.0) | CNF Time 0.5000(0.5000)
Iter 0440 | Time 0.1012(0.1009) | Loss 3.625310(3.641606) | NFE Forward 26(26.0) | NFE Backward 20(20.0) | CNF Time 0.5000(0.5000)
Iter 0441 | Time 0.1060(0.1013) | Loss 3.686839(3.644772) | NFE Forward 26(26.0) | NFE Backward 20(20.0) | CNF Time 0.5000(0.5000)
Iter 0442 | Time 0.1094(0.1018) | Loss 3.616400(3.642786) | NFE Forward 26(26.0) | NFE Backward 20(20.0) | CNF Time 0.5000(0.5000)
Iter 0443 | Time 0.1115(0.1025) | Loss 3.532163(3.635043) | NFE Forward 26(26.0) | NFE Backward 20(20.0) | CNF Time 0.5000(0.5000)
Iter 0444 | Time 0.1139(0.1033) | Loss 3.673312(3.637721) | NFE Forward 26(26.0) | NFE Backward 20(20.0) | CNF Time 0.5000(0.5000)
Iter 0445 | Time 0.1084(0.1037) | Loss 3.729807(3.644167) | NFE Forward 26(26.0) | NFE Backward 20(20.0) | CNF Time 0.5000(0.5000)
Iter 0446 | Time 0.0999(0.1034) | Loss 3.660570(3.645316) | NFE Forward 26(26.0) | NFE Backward 20(20.0) | CNF Time 0.5000(0.5000)
Iter 0447 | Time 0.1068(0.1036) | Loss 3.648250(3.645521) | NFE Forward 26(26.0) | NFE Backward 20(20.0) | CNF Time 0.5000(0.5000)
Iter 0448 | Time 0.1028(0.1036) | Loss 3.624925(3.644079) | NFE Forward 26(26.0) | NFE Backward 20(20.0) | CNF Time 0.5000(0.5000)
Iter 0449 | Time 0.1011(0.1034) | Loss 3.785917(3.654008) | NFE Forward 26(26.0) | NFE Backward 20(20.0) | CNF Time 0.5000(0.5000)
Iter 0450 | Time 0.1012(0.1033) | Loss 3.612541(3.651105) | NFE Forward 26(26.0) | NFE Backward 20(20.0) | CNF Time 0.5000(0.5000)
Iter 0451 | Time 0.1045(0.1033) | Loss 3.662686(3.651916) | NFE Forward 26(26.0) | NFE Backward 20(20.0) | CNF Time 0.5000(0.5000)
Iter 0452 | Time 0.1019(0.1032) | Loss 3.595707(3.647981) | NFE Forward 26(26.0) | NFE Backward 20(20.0) | CNF Time 0.5000(0.5000)
Iter 0453 | Time 0.1000(0.1030) | Loss 3.670033(3.649525) | NFE Forward 26(26.0) | NFE Backward 20(20.0) | CNF Time 0.5000(0.5000)
Iter 0454 | Time 0.0993(0.1028) | Loss 3.658894(3.650181) | NFE Forward 26(26.0) | NFE Backward 20(20.0) | CNF Time 0.5000(0.5000)
Iter 0455 | Time 0.0993(0.1025) | Loss 3.633741(3.649030) | NFE Forward 26(26.0) | NFE Backward 20(20.0) | CNF Time 0.5000(0.5000)
Iter 0456 | Time 0.0994(0.1023) | Loss 3.649138(3.649038) | NFE Forward 26(26.0) | NFE Backward 20(20.0) | CNF Time 0.5000(0.5000)
Iter 0457 | Time 0.0991(0.1021) | Loss 3.615828(3.646713) | NFE Forward 26(26.0) | NFE Backward 20(20.0) | CNF Time 0.5000(0.5000)
Iter 0458 | Time 0.1002(0.1019) | Loss 3.592488(3.642917) | NFE Forward 26(26.0) | NFE Backward 20(20.0) | CNF Time 0.5000(0.5000)
Iter 0459 | Time 0.0999(0.1018) | Loss 3.647403(3.643231) | NFE Forward 26(26.0) | NFE Backward 20(20.0) | CNF Time 0.5000(0.5000)
Iter 0460 | Time 0.0997(0.1016) | Loss 3.566307(3.637847) | NFE Forward 26(26.0) | NFE Backward 20(20.0) | CNF Time 0.5000(0.5000)
Iter 0461 | Time 0.1001(0.1015) | Loss 3.621520(3.636704) | NFE Forward 26(26.0) | NFE Backward 20(20.0) | CNF Time 0.5000(0.5000)
Iter 0462 | Time 0.1001(0.1014) | Loss 3.632625(3.636418) | NFE Forward 26(26.0) | NFE Backward 20(20.0) | CNF Time 0.5000(0.5000)
Iter 0463 | Time 0.0999(0.1013) | Loss 3.621088(3.635345) | NFE Forward 26(26.0) | NFE Backward 20(20.0) | CNF Time 0.5000(0.5000)
Iter 0464 | Time 0.1004(0.1013) | Loss 3.677978(3.638329) | NFE Forward 26(26.0) | NFE Backward 20(20.0) | CNF Time 0.5000(0.5000)
Iter 0465 | Time 0.0999(0.1012) | Loss 3.707942(3.643202) | NFE Forward 26(26.0) | NFE Backward 20(20.0) | CNF Time 0.5000(0.5000)
Iter 0466 | Time 0.1000(0.1011) | Loss 3.744994(3.650328) | NFE Forward 26(26.0) | NFE Backward 20(20.0) | CNF Time 0.5000(0.5000)
Iter 0467 | Time 0.1072(0.1015) | Loss 3.672701(3.651894) | NFE Forward 26(26.0) | NFE Backward 20(20.0) | CNF Time 0.5000(0.5000)
Iter 0468 | Time 0.1049(0.1018) | Loss 3.687999(3.654421) | NFE Forward 26(26.0) | NFE Backward 20(20.0) | CNF Time 0.5000(0.5000)
Iter 0469 | Time 0.1084(0.1022) | Loss 3.594883(3.650253) | NFE Forward 26(26.0) | NFE Backward 20(20.0) | CNF Time 0.5000(0.5000)
Iter 0470 | Time 0.1038(0.1023) | Loss 3.508808(3.640352) | NFE Forward 26(26.0) | NFE Backward 20(20.0) | CNF Time 0.5000(0.5000)
Iter 0471 | Time 0.1023(0.1023) | Loss 3.677753(3.642970) | NFE Forward 26(26.0) | NFE Backward 20(20.0) | CNF Time 0.5000(0.5000)
Iter 0472 | Time 0.1026(0.1023) | Loss 3.707855(3.647512) | NFE Forward 26(26.0) | NFE Backward 20(20.0) | CNF Time 0.5000(0.5000)
Iter 0473 | Time 0.1018(0.1023) | Loss 3.735716(3.653687) | NFE Forward 26(26.0) | NFE Backward 20(20.0) | CNF Time 0.5000(0.5000)
Iter 0474 | Time 0.1035(0.1024) | Loss 3.683863(3.655799) | NFE Forward 26(26.0) | NFE Backward 20(20.0) | CNF Time 0.5000(0.5000)
Iter 0475 | Time 0.1017(0.1023) | Loss 3.679593(3.657464) | NFE Forward 26(26.0) | NFE Backward 20(20.0) | CNF Time 0.5000(0.5000)
Iter 0476 | Time 0.1024(0.1023) | Loss 3.644737(3.656574) | NFE Forward 26(26.0) | NFE Backward 20(20.0) | CNF Time 0.5000(0.5000)
Iter 0477 | Time 0.1014(0.1023) | Loss 3.707008(3.660104) | NFE Forward 26(26.0) | NFE Backward 20(20.0) | CNF Time 0.5000(0.5000)
Iter 0478 | Time 0.1015(0.1022) | Loss 3.499115(3.648835) | NFE Forward 26(26.0) | NFE Backward 20(20.0) | CNF Time 0.5000(0.5000)
Iter 0479 | Time 0.1026(0.1023) | Loss 3.691467(3.651819) | NFE Forward 26(26.0) | NFE Backward 20(20.0) | CNF Time 0.5000(0.5000)
Iter 0480 | Time 0.1020(0.1022) | Loss 3.652017(3.651833) | NFE Forward 26(26.0) | NFE Backward 20(20.0) | CNF Time 0.5000(0.5000)
Iter 0481 | Time 0.1026(0.1023) | Loss 3.705597(3.655596) | NFE Forward 26(26.0) | NFE Backward 20(20.0) | CNF Time 0.5000(0.5000)
Iter 0482 | Time 0.1024(0.1023) | Loss 3.637450(3.654326) | NFE Forward 26(26.0) | NFE Backward 20(20.0) | CNF Time 0.5000(0.5000)
Iter 0483 | Time 0.1026(0.1023) | Loss 3.599609(3.650496) | NFE Forward 26(26.0) | NFE Backward 20(20.0) | CNF Time 0.5000(0.5000)
Iter 0484 | Time 0.1021(0.1023) | Loss 3.579152(3.645502) | NFE Forward 26(26.0) | NFE Backward 20(20.0) | CNF Time 0.5000(0.5000)
Iter 0485 | Time 0.1027(0.1023) | Loss 3.680408(3.647945) | NFE Forward 26(26.0) | NFE Backward 20(20.0) | CNF Time 0.5000(0.5000)
Iter 0486 | Time 0.1025(0.1023) | Loss 3.701164(3.651670) | NFE Forward 26(26.0) | NFE Backward 20(20.0) | CNF Time 0.5000(0.5000)
Iter 0487 | Time 0.1023(0.1023) | Loss 3.668587(3.652855) | NFE Forward 26(26.0) | NFE Backward 20(20.0) | CNF Time 0.5000(0.5000)
Iter 0488 | Time 0.1002(0.1022) | Loss 3.783297(3.661986) | NFE Forward 26(26.0) | NFE Backward 20(20.0) | CNF Time 0.5000(0.5000)
Iter 0489 | Time 0.1014(0.1021) | Loss 3.596545(3.657405) | NFE Forward 26(26.0) | NFE Backward 20(20.0) | CNF Time 0.5000(0.5000)
Iter 0490 | Time 0.1034(0.1022) | Loss 3.590353(3.652711) | NFE Forward 26(26.0) | NFE Backward 20(20.0) | CNF Time 0.5000(0.5000)
Iter 0491 | Time 0.1017(0.1022) | Loss 3.681030(3.654693) | NFE Forward 26(26.0) | NFE Backward 20(20.0) | CNF Time 0.5000(0.5000)
Iter 0492 | Time 0.1002(0.1020) | Loss 3.618520(3.652161) | NFE Forward 26(26.0) | NFE Backward 20(20.0) | CNF Time 0.5000(0.5000)
Iter 0493 | Time 0.1007(0.1019) | Loss 3.629349(3.650564) | NFE Forward 26(26.0) | NFE Backward 20(20.0) | CNF Time 0.5000(0.5000)
Iter 0494 | Time 0.1015(0.1019) | Loss 3.566775(3.644699) | NFE Forward 26(26.0) | NFE Backward 20(20.0) | CNF Time 0.5000(0.5000)
Iter 0495 | Time 0.1011(0.1018) | Loss 3.683549(3.647419) | NFE Forward 26(26.0) | NFE Backward 20(20.0) | CNF Time 0.5000(0.5000)
Iter 0496 | Time 0.1042(0.1020) | Loss 3.718366(3.652385) | NFE Forward 26(26.0) | NFE Backward 20(20.0) | CNF Time 0.5000(0.5000)
Iter 0497 | Time 0.1022(0.1020) | Loss 3.593070(3.648233) | NFE Forward 26(26.0) | NFE Backward 20(20.0) | CNF Time 0.5000(0.5000)
Iter 0498 | Time 0.1021(0.1020) | Loss 3.609816(3.645544) | NFE Forward 26(26.0) | NFE Backward 20(20.0) | CNF Time 0.5000(0.5000)
Iter 0499 | Time 0.1012(0.1020) | Loss 3.618330(3.643639) | NFE Forward 26(26.0) | NFE Backward 20(20.0) | CNF Time 0.5000(0.5000)
Iter 0500 | Time 0.1015(0.1019) | Loss 3.672879(3.645686) | NFE Forward 26(26.0) | NFE Backward 20(20.0) | CNF Time 0.5000(0.5000)
[TEST] Iter 0500 | Test Loss 3.638026 | NFE 26
Iter 0501 | Time 0.1020(0.1019) | Loss 3.641570(3.645397) | NFE Forward 26(26.0) | NFE Backward 20(20.0) | CNF Time 0.5000(0.5000)
Iter 0502 | Time 0.1006(0.1019) | Loss 3.524633(3.636944) | NFE Forward 26(26.0) | NFE Backward 20(20.0) | CNF Time 0.5000(0.5000)
Iter 0503 | Time 0.1009(0.1018) | Loss 3.462959(3.624765) | NFE Forward 26(26.0) | NFE Backward 20(20.0) | CNF Time 0.5000(0.5000)
Iter 0504 | Time 0.1005(0.1017) | Loss 3.657712(3.627071) | NFE Forward 26(26.0) | NFE Backward 20(20.0) | CNF Time 0.5000(0.5000)
Iter 0505 | Time 0.1015(0.1017) | Loss 3.704435(3.632487) | NFE Forward 26(26.0) | NFE Backward 20(20.0) | CNF Time 0.5000(0.5000)
Iter 0506 | Time 0.1012(0.1016) | Loss 3.646129(3.633442) | NFE Forward 26(26.0) | NFE Backward 20(20.0) | CNF Time 0.5000(0.5000)
Iter 0507 | Time 0.1012(0.1016) | Loss 3.646249(3.634338) | NFE Forward 26(26.0) | NFE Backward 20(20.0) | CNF Time 0.5000(0.5000)
Iter 0508 | Time 0.1006(0.1015) | Loss 3.636122(3.634463) | NFE Forward 26(26.0) | NFE Backward 20(20.0) | CNF Time 0.5000(0.5000)
Iter 0509 | Time 0.1010(0.1015) | Loss 3.582406(3.630819) | NFE Forward 26(26.0) | NFE Backward 20(20.0) | CNF Time 0.5000(0.5000)
Iter 0510 | Time 0.1017(0.1015) | Loss 3.692842(3.635161) | NFE Forward 26(26.0) | NFE Backward 20(20.0) | CNF Time 0.5000(0.5000)
Iter 0511 | Time 0.1011(0.1015) | Loss 3.601795(3.632825) | NFE Forward 26(26.0) | NFE Backward 20(20.0) | CNF Time 0.5000(0.5000)
Iter 0512 | Time 0.1006(0.1014) | Loss 3.583488(3.629372) | NFE Forward 26(26.0) | NFE Backward 20(20.0) | CNF Time 0.5000(0.5000)
Iter 0513 | Time 0.1008(0.1014) | Loss 3.539544(3.623084) | NFE Forward 26(26.0) | NFE Backward 20(20.0) | CNF Time 0.5000(0.5000)
Iter 0514 | Time 0.1014(0.1014) | Loss 3.589290(3.620718) | NFE Forward 26(26.0) | NFE Backward 20(20.0) | CNF Time 0.5000(0.5000)
Iter 0515 | Time 0.1079(0.1018) | Loss 3.617225(3.620474) | NFE Forward 26(26.0) | NFE Backward 20(20.0) | CNF Time 0.5000(0.5000)
Iter 0516 | Time 0.1067(0.1022) | Loss 3.756778(3.630015) | NFE Forward 26(26.0) | NFE Backward 20(20.0) | CNF Time 0.5000(0.5000)
Iter 0517 | Time 0.1053(0.1024) | Loss 3.630093(3.630020) | NFE Forward 26(26.0) | NFE Backward 20(20.0) | CNF Time 0.5000(0.5000)
Iter 0518 | Time 0.1027(0.1024) | Loss 3.655229(3.631785) | NFE Forward 26(26.0) | NFE Backward 20(20.0) | CNF Time 0.5000(0.5000)
Iter 0519 | Time 0.1030(0.1025) | Loss 3.654111(3.633348) | NFE Forward 26(26.0) | NFE Backward 20(20.0) | CNF Time 0.5000(0.5000)
Iter 0520 | Time 0.1055(0.1027) | Loss 3.606173(3.631445) | NFE Forward 26(26.0) | NFE Backward 20(20.0) | CNF Time 0.5000(0.5000)
Iter 0521 | Time 0.1056(0.1029) | Loss 3.612662(3.630131) | NFE Forward 26(26.0) | NFE Backward 20(20.0) | CNF Time 0.5000(0.5000)
Iter 0522 | Time 0.1049(0.1030) | Loss 3.666811(3.632698) | NFE Forward 26(26.0) | NFE Backward 20(20.0) | CNF Time 0.5000(0.5000)
Iter 0523 | Time 0.1088(0.1034) | Loss 3.624478(3.632123) | NFE Forward 26(26.0) | NFE Backward 20(20.0) | CNF Time 0.5000(0.5000)
Iter 0524 | Time 0.1086(0.1038) | Loss 3.677455(3.635296) | NFE Forward 26(26.0) | NFE Backward 20(20.0) | CNF Time 0.5000(0.5000)
Iter 0525 | Time 0.1071(0.1040) | Loss 3.696072(3.639551) | NFE Forward 26(26.0) | NFE Backward 20(20.0) | CNF Time 0.5000(0.5000)
Iter 0526 | Time 0.1048(0.1041) | Loss 3.712889(3.644684) | NFE Forward 26(26.0) | NFE Backward 20(20.0) | CNF Time 0.5000(0.5000)
Iter 0527 | Time 0.1077(0.1043) | Loss 3.677754(3.646999) | NFE Forward 26(26.0) | NFE Backward 20(20.0) | CNF Time 0.5000(0.5000)
Iter 0528 | Time 0.1030(0.1042) | Loss 3.644393(3.646817) | NFE Forward 26(26.0) | NFE Backward 20(20.0) | CNF Time 0.5000(0.5000)
Iter 0529 | Time 0.1032(0.1042) | Loss 3.567859(3.641290) | NFE Forward 26(26.0) | NFE Backward 20(20.0) | CNF Time 0.5000(0.5000)
Iter 0530 | Time 0.1021(0.1040) | Loss 3.583472(3.637242) | NFE Forward 26(26.0) | NFE Backward 20(20.0) | CNF Time 0.5000(0.5000)
Iter 0531 | Time 0.1073(0.1042) | Loss 3.725670(3.643432) | NFE Forward 26(26.0) | NFE Backward 20(20.0) | CNF Time 0.5000(0.5000)
Iter 0532 | Time 0.1035(0.1042) | Loss 3.611428(3.641192) | NFE Forward 26(26.0) | NFE Backward 20(20.0) | CNF Time 0.5000(0.5000)
Iter 0533 | Time 0.1013(0.1040) | Loss 3.653991(3.642088) | NFE Forward 26(26.0) | NFE Backward 20(20.0) | CNF Time 0.5000(0.5000)
Iter 0534 | Time 0.1010(0.1038) | Loss 3.592263(3.638600) | NFE Forward 26(26.0) | NFE Backward 20(20.0) | CNF Time 0.5000(0.5000)
Iter 0535 | Time 0.1024(0.1037) | Loss 3.544152(3.631989) | NFE Forward 26(26.0) | NFE Backward 20(20.0) | CNF Time 0.5000(0.5000)
Iter 0536 | Time 0.1018(0.1036) | Loss 3.670804(3.634706) | NFE Forward 26(26.0) | NFE Backward 20(20.0) | CNF Time 0.5000(0.5000)
Iter 0537 | Time 0.1028(0.1035) | Loss 3.504457(3.625589) | NFE Forward 26(26.0) | NFE Backward 20(20.0) | CNF Time 0.5000(0.5000)
Iter 0538 | Time 0.1027(0.1034) | Loss 3.666451(3.628449) | NFE Forward 26(26.0) | NFE Backward 20(20.0) | CNF Time 0.5000(0.5000)
Iter 0539 | Time 0.1028(0.1034) | Loss 3.641665(3.629374) | NFE Forward 26(26.0) | NFE Backward 20(20.0) | CNF Time 0.5000(0.5000)
Iter 0540 | Time 0.1034(0.1034) | Loss 3.615424(3.628397) | NFE Forward 26(26.0) | NFE Backward 20(20.0) | CNF Time 0.5000(0.5000)
Iter 0541 | Time 0.1028(0.1034) | Loss 3.656800(3.630386) | NFE Forward 26(26.0) | NFE Backward 20(20.0) | CNF Time 0.5000(0.5000)
Iter 0542 | Time 0.1022(0.1033) | Loss 3.681961(3.633996) | NFE Forward 26(26.0) | NFE Backward 20(20.0) | CNF Time 0.5000(0.5000)
Iter 0543 | Time 0.1020(0.1032) | Loss 3.590726(3.630967) | NFE Forward 26(26.0) | NFE Backward 20(20.0) | CNF Time 0.5000(0.5000)
Iter 0544 | Time 0.1013(0.1031) | Loss 3.595914(3.628513) | NFE Forward 26(26.0) | NFE Backward 20(20.0) | CNF Time 0.5000(0.5000)
Iter 0545 | Time 0.1068(0.1033) | Loss 3.607063(3.627012) | NFE Forward 26(26.0) | NFE Backward 20(20.0) | CNF Time 0.5000(0.5000)
Iter 0546 | Time 0.1021(0.1032) | Loss 3.621279(3.626611) | NFE Forward 26(26.0) | NFE Backward 20(20.0) | CNF Time 0.5000(0.5000)
