Loading miniconda version 22.11.1-1
/work/bjzhang_umass_edu/generative_tmula/ffjord-master/train_toy.py
import matplotlib
matplotlib.use('Agg')
import matplotlib.pyplot as plt

import argparse
import os
import time

import torch
import torch.optim as optim

import lib.toy_data as toy_data
import lib.utils as utils
from lib.visualize_flow import visualize_transform
import lib.layers.odefunc as odefunc

from train_misc import standard_normal_logprob
from train_misc import set_cnf_options, count_nfe, count_parameters, count_total_time
from train_misc import add_spectral_norm, spectral_norm_power_iteration
from train_misc import create_regularization_fns, get_regularization, append_regularization_to_log
from train_misc import build_model_tabular

from diagnostics.viz_toy import save_trajectory, trajectory_to_video

SOLVERS = ["dopri5", "bdf", "rk4", "midpoint", 'adams', 'explicit_adams', 'fixed_adams']
parser = argparse.ArgumentParser('Continuous Normalizing Flow')
parser.add_argument(
    '--data', choices=['swissroll', '8gaussians', 'pinwheel', 'circles', 'moons', '2spirals', 'checkerboard', 'rings'],
    type=str, default='pinwheel'
)
parser.add_argument(
    "--layer_type", type=str, default="concatsquash",
    choices=["ignore", "concat", "concat_v2", "squash", "concatsquash", "concatcoord", "hyper", "blend"]
)
parser.add_argument('--dims', type=str, default='64-64-64')
parser.add_argument("--num_blocks", type=int, default=1, help='Number of stacked CNFs.')
parser.add_argument('--time_length', type=float, default=0.5)
parser.add_argument('--train_T', type=eval, default=True)
parser.add_argument("--divergence_fn", type=str, default="brute_force", choices=["brute_force", "approximate"])
parser.add_argument("--nonlinearity", type=str, default="tanh", choices=odefunc.NONLINEARITIES)

parser.add_argument('--solver', type=str, default='dopri5', choices=SOLVERS)
parser.add_argument('--atol', type=float, default=1e-5)
parser.add_argument('--rtol', type=float, default=1e-5)
parser.add_argument("--step_size", type=float, default=None, help="Optional fixed step size.")

parser.add_argument('--test_solver', type=str, default=None, choices=SOLVERS + [None])
parser.add_argument('--test_atol', type=float, default=None)
parser.add_argument('--test_rtol', type=float, default=None)

parser.add_argument('--residual', type=eval, default=False, choices=[True, False])
parser.add_argument('--rademacher', type=eval, default=False, choices=[True, False])
parser.add_argument('--spectral_norm', type=eval, default=False, choices=[True, False])
parser.add_argument('--batch_norm', type=eval, default=False, choices=[True, False])
parser.add_argument('--bn_lag', type=float, default=0)

parser.add_argument('--niters', type=int, default=10000)
parser.add_argument('--batch_size', type=int, default=100)
parser.add_argument('--test_batch_size', type=int, default=1000)
parser.add_argument('--lr', type=float, default=1e-3)
parser.add_argument('--weight_decay', type=float, default=1e-5)

# Track quantities
parser.add_argument('--l1int', type=float, default=None, help="int_t ||f||_1")
parser.add_argument('--l2int', type=float, default=None, help="int_t ||f||_2")
parser.add_argument('--dl2int', type=float, default=None, help="int_t ||f^T df/dt||_2")
parser.add_argument('--JFrobint', type=float, default=None, help="int_t ||df/dx||_F")
parser.add_argument('--JdiagFrobint', type=float, default=None, help="int_t ||df_i/dx_i||_F")
parser.add_argument('--JoffdiagFrobint', type=float, default=None, help="int_t ||df/dx - df_i/dx_i||_F")

parser.add_argument('--save', type=str, default='experiments/cnf')
parser.add_argument('--viz_freq', type=int, default=1000)
parser.add_argument('--val_freq', type=int, default=100)
parser.add_argument('--log_freq', type=int, default=10)
parser.add_argument('--gpu', type=int, default=0)
args = parser.parse_args()

# logger
utils.makedirs(args.save)
logger = utils.get_logger(logpath=os.path.join(args.save, 'logs'), filepath=os.path.abspath(__file__))

if args.layer_type == "blend":
    logger.info("!! Setting time_length from None to 1.0 due to use of Blend layers.")
    args.time_length = 1.0

logger.info(args)

device = torch.device('cuda:' + str(args.gpu) if torch.cuda.is_available() else 'cpu')


def get_transforms(model):

    def sample_fn(z, logpz=None):
        if logpz is not None:
            return model(z, logpz, reverse=True)
        else:
            return model(z, reverse=True)

    def density_fn(x, logpx=None):
        if logpx is not None:
            return model(x, logpx, reverse=False)
        else:
            return model(x, reverse=False)

    return sample_fn, density_fn


def compute_loss(args, model, batch_size=None):
    if batch_size is None: batch_size = args.batch_size

    # load data
    x = toy_data.inf_train_gen(args.data, batch_size=batch_size)
    x = torch.from_numpy(x).type(torch.float32).to(device)
    zero = torch.zeros(x.shape[0], 1).to(x)

    # transform to z
    z, delta_logp = model(x, zero)

    # compute log q(z)
    logpz = standard_normal_logprob(z).sum(1, keepdim=True)

    logpx = logpz - delta_logp
    loss = -torch.mean(logpx)
    return loss


if __name__ == '__main__':

    regularization_fns, regularization_coeffs = create_regularization_fns(args)
    model = build_model_tabular(args, 2, regularization_fns).to(device)
    if args.spectral_norm: add_spectral_norm(model)
    set_cnf_options(args, model)

    logger.info(model)
    logger.info("Number of trainable parameters: {}".format(count_parameters(model)))

    optimizer = optim.Adam(model.parameters(), lr=args.lr, weight_decay=args.weight_decay)

    time_meter = utils.RunningAverageMeter(0.93)
    loss_meter = utils.RunningAverageMeter(0.93)
    nfef_meter = utils.RunningAverageMeter(0.93)
    nfeb_meter = utils.RunningAverageMeter(0.93)
    tt_meter = utils.RunningAverageMeter(0.93)

    end = time.time()
    best_loss = float('inf')
    model.train()
    for itr in range(1, args.niters + 1):
        optimizer.zero_grad()
        if args.spectral_norm: spectral_norm_power_iteration(model, 1)

        loss = compute_loss(args, model)
        loss_meter.update(loss.item())

        if len(regularization_coeffs) > 0:
            reg_states = get_regularization(model, regularization_coeffs)
            reg_loss = sum(
                reg_state * coeff for reg_state, coeff in zip(reg_states, regularization_coeffs) if coeff != 0
            )
            loss = loss + reg_loss

        total_time = count_total_time(model)
        nfe_forward = count_nfe(model)

        loss.backward()
        optimizer.step()

        nfe_total = count_nfe(model)
        nfe_backward = nfe_total - nfe_forward
        nfef_meter.update(nfe_forward)
        nfeb_meter.update(nfe_backward)

        time_meter.update(time.time() - end)
        tt_meter.update(total_time)

        log_message = (
            'Iter {:04d} | Time {:.4f}({:.4f}) | Loss {:.6f}({:.6f}) | NFE Forward {:.0f}({:.1f})'
            ' | NFE Backward {:.0f}({:.1f}) | CNF Time {:.4f}({:.4f})'.format(
                itr, time_meter.val, time_meter.avg, loss_meter.val, loss_meter.avg, nfef_meter.val, nfef_meter.avg,
                nfeb_meter.val, nfeb_meter.avg, tt_meter.val, tt_meter.avg
            )
        )
        if len(regularization_coeffs) > 0:
            log_message = append_regularization_to_log(log_message, regularization_fns, reg_states)

        logger.info(log_message)

        if itr % args.val_freq == 0 or itr == args.niters:
            with torch.no_grad():
                model.eval()
                test_loss = compute_loss(args, model, batch_size=args.test_batch_size)
                test_nfe = count_nfe(model)
                log_message = '[TEST] Iter {:04d} | Test Loss {:.6f} | NFE {:.0f}'.format(itr, test_loss, test_nfe)
                logger.info(log_message)

                if test_loss.item() < best_loss:
                    best_loss = test_loss.item()
                    utils.makedirs(args.save)
                    torch.save({
                        'args': args,
                        'state_dict': model.state_dict(),
                    }, os.path.join(args.save, 'checkpt.pth'))
                model.train()

        if itr % args.viz_freq == 0:
            with torch.no_grad():
                model.eval()
                p_samples = toy_data.inf_train_gen(args.data, batch_size=2000)

                sample_fn, density_fn = get_transforms(model)

                plt.figure(figsize=(9, 3))
                visualize_transform(
                    p_samples, torch.randn, standard_normal_logprob, transform=sample_fn, inverse_transform=density_fn,
                    samples=True, npts=800, device=device
                )
                fig_filename = os.path.join(args.save, 'figs', '{:04d}.jpg'.format(itr))
                utils.makedirs(os.path.dirname(fig_filename))
                plt.savefig(fig_filename)

                ## Pushforward distribution

                pushforward_samps = model(torch.tensor(p_samples).to(dtype=torch.float32),None,reverse = False).detach().numpy()
                plt.clf()
                plt.grid(False)
                plt.scatter(pushforward_samps[:,0],pushforward_samps[:,1],s = 0.1)
                plt.axis('square')
                fig_filename_pushforward = os.path.join(args.save,'figs','pushforward{:04d}.jpg'.format(itr))
                plt.savefig(fig_filename_pushforward)

                plt.close()
                model.train()

        end = time.time()

    logger.info('Training has finished.')

    save_traj_dir = os.path.join(args.save, 'trajectory')
    logger.info('Plotting trajectory to {}'.format(save_traj_dir))
    data_samples = toy_data.inf_train_gen(args.data, batch_size=2000)
    save_trajectory(model, data_samples, save_traj_dir, device=device)
    trajectory_to_video(save_traj_dir)

Namespace(data='moons', layer_type='concatsquash', dims='4-4-4', num_blocks=1, time_length=0.5, train_T=True, divergence_fn='brute_force', nonlinearity='tanh', solver='dopri5', atol=1e-05, rtol=1e-05, step_size=None, test_solver=None, test_atol=None, test_rtol=None, residual=False, rademacher=False, spectral_norm=False, batch_norm=False, bn_lag=0, niters=10000, batch_size=100, test_batch_size=1000, lr=0.001, weight_decay=1e-05, l1int=None, l2int=None, dl2int=None, JFrobint=None, JdiagFrobint=None, JoffdiagFrobint=None, save='experiments/ffjord/moons4', viz_freq=1000, val_freq=100, log_freq=10, gpu=0)
SequentialFlow(
  (chain): ModuleList(
    (0): CNF(
      (odefunc): RegularizedODEfunc(
        (odefunc): ODEfunc(
          (diffeq): ODEnet(
            (layers): ModuleList(
              (0): ConcatSquashLinear(
                (_layer): Linear(in_features=2, out_features=4, bias=True)
                (_hyper_bias): Linear(in_features=1, out_features=4, bias=False)
                (_hyper_gate): Linear(in_features=1, out_features=4, bias=True)
              )
              (1): ConcatSquashLinear(
                (_layer): Linear(in_features=4, out_features=4, bias=True)
                (_hyper_bias): Linear(in_features=1, out_features=4, bias=False)
                (_hyper_gate): Linear(in_features=1, out_features=4, bias=True)
              )
              (2): ConcatSquashLinear(
                (_layer): Linear(in_features=4, out_features=4, bias=True)
                (_hyper_bias): Linear(in_features=1, out_features=4, bias=False)
                (_hyper_gate): Linear(in_features=1, out_features=4, bias=True)
              )
              (3): ConcatSquashLinear(
                (_layer): Linear(in_features=4, out_features=2, bias=True)
                (_hyper_bias): Linear(in_features=1, out_features=2, bias=False)
                (_hyper_gate): Linear(in_features=1, out_features=2, bias=True)
              )
            )
            (activation_fns): ModuleList(
              (0): Tanh()
              (1): Tanh()
              (2): Tanh()
            )
          )
        )
      )
    )
  )
)
Number of trainable parameters: 105
/work/bjzhang_umass_edu/generative_tmula/ffjord-master/lib/layers/odefunc.py:288: UserWarning: To copy construct from a tensor, it is recommended to use sourceTensor.clone().detach() or sourceTensor.clone().detach().requires_grad_(True), rather than torch.tensor(sourceTensor).
  t = torch.tensor(t).type_as(y)
Iter 0001 | Time 0.1438(0.1438) | Loss 3.925170(3.925170) | NFE Forward 14(14.0) | NFE Backward 14(14.0) | CNF Time 0.5000(0.5000)
Iter 0002 | Time 0.0741(0.1390) | Loss 3.920710(3.924858) | NFE Forward 14(14.0) | NFE Backward 14(14.0) | CNF Time 0.5000(0.5000)
Iter 0003 | Time 0.0741(0.1344) | Loss 3.917935(3.924373) | NFE Forward 14(14.0) | NFE Backward 14(14.0) | CNF Time 0.5000(0.5000)
Iter 0004 | Time 0.0804(0.1306) | Loss 3.917280(3.923877) | NFE Forward 14(14.0) | NFE Backward 14(14.0) | CNF Time 0.5000(0.5000)
Iter 0005 | Time 0.0738(0.1267) | Loss 3.919147(3.923546) | NFE Forward 14(14.0) | NFE Backward 14(14.0) | CNF Time 0.5000(0.5000)
Iter 0006 | Time 0.0752(0.1231) | Loss 3.923235(3.923524) | NFE Forward 14(14.0) | NFE Backward 14(14.0) | CNF Time 0.5000(0.5000)
Iter 0007 | Time 0.0730(0.1196) | Loss 3.921695(3.923396) | NFE Forward 14(14.0) | NFE Backward 14(14.0) | CNF Time 0.5000(0.5000)
Iter 0008 | Time 0.0740(0.1164) | Loss 3.919061(3.923092) | NFE Forward 14(14.0) | NFE Backward 14(14.0) | CNF Time 0.5000(0.5000)
Iter 0009 | Time 0.0739(0.1134) | Loss 3.919636(3.922851) | NFE Forward 14(14.0) | NFE Backward 14(14.0) | CNF Time 0.5000(0.5000)
Iter 0010 | Time 0.0722(0.1105) | Loss 3.918119(3.922519) | NFE Forward 14(14.0) | NFE Backward 14(14.0) | CNF Time 0.5000(0.5000)
Iter 0011 | Time 0.0726(0.1079) | Loss 3.919079(3.922279) | NFE Forward 14(14.0) | NFE Backward 14(14.0) | CNF Time 0.5000(0.5000)
Iter 0012 | Time 0.0726(0.1054) | Loss 3.919956(3.922116) | NFE Forward 14(14.0) | NFE Backward 14(14.0) | CNF Time 0.5000(0.5000)
Iter 0013 | Time 0.0817(0.1037) | Loss 3.920837(3.922026) | NFE Forward 14(14.0) | NFE Backward 14(14.0) | CNF Time 0.5000(0.5000)
Iter 0014 | Time 0.0751(0.1017) | Loss 3.915217(3.921550) | NFE Forward 14(14.0) | NFE Backward 14(14.0) | CNF Time 0.5000(0.5000)
Iter 0015 | Time 0.0728(0.0997) | Loss 3.909217(3.920686) | NFE Forward 14(14.0) | NFE Backward 14(14.0) | CNF Time 0.5000(0.5000)
Iter 0016 | Time 0.0751(0.0980) | Loss 3.917039(3.920431) | NFE Forward 14(14.0) | NFE Backward 14(14.0) | CNF Time 0.5000(0.5000)
Iter 0017 | Time 0.0725(0.0962) | Loss 3.915342(3.920075) | NFE Forward 14(14.0) | NFE Backward 14(14.0) | CNF Time 0.5000(0.5000)
Iter 0018 | Time 0.0746(0.0947) | Loss 3.918184(3.919943) | NFE Forward 14(14.0) | NFE Backward 14(14.0) | CNF Time 0.5000(0.5000)
Iter 0019 | Time 0.0729(0.0932) | Loss 3.912005(3.919387) | NFE Forward 14(14.0) | NFE Backward 14(14.0) | CNF Time 0.5000(0.5000)
Iter 0020 | Time 0.0726(0.0917) | Loss 3.916843(3.919209) | NFE Forward 14(14.0) | NFE Backward 14(14.0) | CNF Time 0.5000(0.5000)
Iter 0021 | Time 0.0728(0.0904) | Loss 3.907448(3.918386) | NFE Forward 14(14.0) | NFE Backward 14(14.0) | CNF Time 0.5000(0.5000)
Iter 0022 | Time 0.0760(0.0894) | Loss 3.912854(3.917998) | NFE Forward 14(14.0) | NFE Backward 14(14.0) | CNF Time 0.5000(0.5000)
Iter 0023 | Time 0.0751(0.0884) | Loss 3.920163(3.918150) | NFE Forward 14(14.0) | NFE Backward 14(14.0) | CNF Time 0.5000(0.5000)
Iter 0024 | Time 0.0726(0.0873) | Loss 3.909969(3.917577) | NFE Forward 14(14.0) | NFE Backward 14(14.0) | CNF Time 0.5000(0.5000)
Iter 0025 | Time 0.0729(0.0863) | Loss 3.905612(3.916740) | NFE Forward 14(14.0) | NFE Backward 14(14.0) | CNF Time 0.5000(0.5000)
Iter 0026 | Time 0.0752(0.0855) | Loss 3.912944(3.916474) | NFE Forward 14(14.0) | NFE Backward 14(14.0) | CNF Time 0.5000(0.5000)
Iter 0027 | Time 0.0730(0.0846) | Loss 3.915313(3.916393) | NFE Forward 14(14.0) | NFE Backward 14(14.0) | CNF Time 0.5000(0.5000)
Iter 0028 | Time 0.0743(0.0839) | Loss 3.913615(3.916198) | NFE Forward 14(14.0) | NFE Backward 14(14.0) | CNF Time 0.5000(0.5000)
Iter 0029 | Time 0.0730(0.0831) | Loss 3.907743(3.915606) | NFE Forward 14(14.0) | NFE Backward 14(14.0) | CNF Time 0.5000(0.5000)
Iter 0030 | Time 0.0730(0.0824) | Loss 3.907971(3.915072) | NFE Forward 14(14.0) | NFE Backward 14(14.0) | CNF Time 0.5000(0.5000)
Iter 0031 | Time 0.0756(0.0820) | Loss 3.912553(3.914896) | NFE Forward 14(14.0) | NFE Backward 14(14.0) | CNF Time 0.5000(0.5000)
Iter 0032 | Time 0.0753(0.0815) | Loss 3.908412(3.914442) | NFE Forward 14(14.0) | NFE Backward 14(14.0) | CNF Time 0.5000(0.5000)
Iter 0033 | Time 0.0737(0.0809) | Loss 3.906104(3.913858) | NFE Forward 14(14.0) | NFE Backward 14(14.0) | CNF Time 0.5000(0.5000)
Iter 0034 | Time 0.0736(0.0804) | Loss 3.905664(3.913285) | NFE Forward 14(14.0) | NFE Backward 14(14.0) | CNF Time 0.5000(0.5000)
Iter 0035 | Time 0.0737(0.0800) | Loss 3.906119(3.912783) | NFE Forward 14(14.0) | NFE Backward 14(14.0) | CNF Time 0.5000(0.5000)
Iter 0036 | Time 0.0748(0.0796) | Loss 3.910529(3.912625) | NFE Forward 14(14.0) | NFE Backward 14(14.0) | CNF Time 0.5000(0.5000)
Iter 0037 | Time 0.0726(0.0791) | Loss 3.903165(3.911963) | NFE Forward 14(14.0) | NFE Backward 14(14.0) | CNF Time 0.5000(0.5000)
Iter 0038 | Time 0.0745(0.0788) | Loss 3.905989(3.911545) | NFE Forward 14(14.0) | NFE Backward 14(14.0) | CNF Time 0.5000(0.5000)
Iter 0039 | Time 0.0727(0.0783) | Loss 3.909157(3.911378) | NFE Forward 14(14.0) | NFE Backward 14(14.0) | CNF Time 0.5000(0.5000)
Iter 0040 | Time 0.0787(0.0784) | Loss 3.898138(3.910451) | NFE Forward 14(14.0) | NFE Backward 14(14.0) | CNF Time 0.5000(0.5000)
Iter 0041 | Time 0.0774(0.0783) | Loss 3.899511(3.909685) | NFE Forward 14(14.0) | NFE Backward 14(14.0) | CNF Time 0.5000(0.5000)
Iter 0042 | Time 0.0742(0.0780) | Loss 3.898075(3.908872) | NFE Forward 14(14.0) | NFE Backward 14(14.0) | CNF Time 0.5000(0.5000)
Iter 0043 | Time 0.0734(0.0777) | Loss 3.901376(3.908348) | NFE Forward 14(14.0) | NFE Backward 14(14.0) | CNF Time 0.5000(0.5000)
Iter 0044 | Time 0.0734(0.0774) | Loss 3.904823(3.908101) | NFE Forward 14(14.0) | NFE Backward 14(14.0) | CNF Time 0.5000(0.5000)
Iter 0045 | Time 0.0757(0.0773) | Loss 3.894399(3.907142) | NFE Forward 14(14.0) | NFE Backward 14(14.0) | CNF Time 0.5000(0.5000)
Iter 0046 | Time 0.0733(0.0770) | Loss 3.901525(3.906749) | NFE Forward 14(14.0) | NFE Backward 14(14.0) | CNF Time 0.5000(0.5000)
Iter 0047 | Time 0.0738(0.0768) | Loss 3.901225(3.906362) | NFE Forward 14(14.0) | NFE Backward 14(14.0) | CNF Time 0.5000(0.5000)
Iter 0048 | Time 0.0740(0.0766) | Loss 3.901016(3.905988) | NFE Forward 14(14.0) | NFE Backward 14(14.0) | CNF Time 0.5000(0.5000)
Iter 0049 | Time 0.0730(0.0763) | Loss 3.893160(3.905090) | NFE Forward 14(14.0) | NFE Backward 14(14.0) | CNF Time 0.5000(0.5000)
Iter 0050 | Time 0.0771(0.0764) | Loss 3.897888(3.904586) | NFE Forward 14(14.0) | NFE Backward 14(14.0) | CNF Time 0.5000(0.5000)
Iter 0051 | Time 0.0745(0.0763) | Loss 3.903135(3.904484) | NFE Forward 14(14.0) | NFE Backward 14(14.0) | CNF Time 0.5000(0.5000)
Iter 0052 | Time 0.0732(0.0760) | Loss 3.901495(3.904275) | NFE Forward 14(14.0) | NFE Backward 14(14.0) | CNF Time 0.5000(0.5000)
Iter 0053 | Time 0.0726(0.0758) | Loss 3.905914(3.904390) | NFE Forward 14(14.0) | NFE Backward 14(14.0) | CNF Time 0.5000(0.5000)
Iter 0054 | Time 0.0729(0.0756) | Loss 3.897557(3.903911) | NFE Forward 14(14.0) | NFE Backward 14(14.0) | CNF Time 0.5000(0.5000)
Iter 0055 | Time 0.0756(0.0756) | Loss 3.900346(3.903662) | NFE Forward 14(14.0) | NFE Backward 14(14.0) | CNF Time 0.5000(0.5000)
Iter 0056 | Time 0.0730(0.0754) | Loss 3.900439(3.903436) | NFE Forward 14(14.0) | NFE Backward 14(14.0) | CNF Time 0.5000(0.5000)
Iter 0057 | Time 0.0730(0.0753) | Loss 3.895884(3.902908) | NFE Forward 14(14.0) | NFE Backward 14(14.0) | CNF Time 0.5000(0.5000)
Iter 0058 | Time 0.0736(0.0751) | Loss 3.889138(3.901944) | NFE Forward 14(14.0) | NFE Backward 14(14.0) | CNF Time 0.5000(0.5000)
Iter 0059 | Time 0.0764(0.0752) | Loss 3.893031(3.901320) | NFE Forward 14(14.0) | NFE Backward 14(14.0) | CNF Time 0.5000(0.5000)
Iter 0060 | Time 0.0750(0.0752) | Loss 3.893533(3.900775) | NFE Forward 14(14.0) | NFE Backward 14(14.0) | CNF Time 0.5000(0.5000)
Iter 0061 | Time 0.0735(0.0751) | Loss 3.892402(3.900189) | NFE Forward 14(14.0) | NFE Backward 14(14.0) | CNF Time 0.5000(0.5000)
Iter 0062 | Time 0.0730(0.0749) | Loss 3.890624(3.899519) | NFE Forward 14(14.0) | NFE Backward 14(14.0) | CNF Time 0.5000(0.5000)
Iter 0063 | Time 0.0728(0.0748) | Loss 3.885499(3.898538) | NFE Forward 14(14.0) | NFE Backward 14(14.0) | CNF Time 0.5000(0.5000)
Iter 0064 | Time 0.0728(0.0747) | Loss 3.895793(3.898346) | NFE Forward 14(14.0) | NFE Backward 14(14.0) | CNF Time 0.5000(0.5000)
Iter 0065 | Time 0.0752(0.0747) | Loss 3.892623(3.897945) | NFE Forward 14(14.0) | NFE Backward 14(14.0) | CNF Time 0.5000(0.5000)
Iter 0066 | Time 0.0736(0.0746) | Loss 3.889627(3.897363) | NFE Forward 14(14.0) | NFE Backward 14(14.0) | CNF Time 0.5000(0.5000)
Iter 0067 | Time 0.0736(0.0745) | Loss 3.898171(3.897419) | NFE Forward 14(14.0) | NFE Backward 14(14.0) | CNF Time 0.5000(0.5000)
Iter 0068 | Time 0.0752(0.0746) | Loss 3.894267(3.897199) | NFE Forward 14(14.0) | NFE Backward 14(14.0) | CNF Time 0.5000(0.5000)
Iter 0069 | Time 0.0750(0.0746) | Loss 3.894832(3.897033) | NFE Forward 14(14.0) | NFE Backward 14(14.0) | CNF Time 0.5000(0.5000)
Iter 0070 | Time 0.0737(0.0746) | Loss 3.886410(3.896289) | NFE Forward 14(14.0) | NFE Backward 14(14.0) | CNF Time 0.5000(0.5000)
Iter 0071 | Time 0.0730(0.0744) | Loss 3.890637(3.895894) | NFE Forward 14(14.0) | NFE Backward 14(14.0) | CNF Time 0.5000(0.5000)
Iter 0072 | Time 0.0777(0.0747) | Loss 3.880624(3.894825) | NFE Forward 14(14.0) | NFE Backward 14(14.0) | CNF Time 0.5000(0.5000)
Iter 0073 | Time 0.0745(0.0747) | Loss 3.890661(3.894533) | NFE Forward 14(14.0) | NFE Backward 14(14.0) | CNF Time 0.5000(0.5000)
Iter 0074 | Time 0.0731(0.0746) | Loss 3.892740(3.894408) | NFE Forward 14(14.0) | NFE Backward 14(14.0) | CNF Time 0.5000(0.5000)
Iter 0075 | Time 0.0752(0.0746) | Loss 3.885545(3.893787) | NFE Forward 14(14.0) | NFE Backward 14(14.0) | CNF Time 0.5000(0.5000)
Iter 0076 | Time 0.0732(0.0745) | Loss 3.887166(3.893324) | NFE Forward 14(14.0) | NFE Backward 14(14.0) | CNF Time 0.5000(0.5000)
Iter 0077 | Time 0.0751(0.0745) | Loss 3.884851(3.892731) | NFE Forward 14(14.0) | NFE Backward 14(14.0) | CNF Time 0.5000(0.5000)
Iter 0078 | Time 0.0760(0.0747) | Loss 3.882059(3.891984) | NFE Forward 14(14.0) | NFE Backward 14(14.0) | CNF Time 0.5000(0.5000)
Iter 0079 | Time 0.0740(0.0746) | Loss 3.877207(3.890949) | NFE Forward 14(14.0) | NFE Backward 14(14.0) | CNF Time 0.5000(0.5000)
Iter 0080 | Time 0.0731(0.0745) | Loss 3.895166(3.891245) | NFE Forward 14(14.0) | NFE Backward 14(14.0) | CNF Time 0.5000(0.5000)
Iter 0081 | Time 0.0726(0.0744) | Loss 3.882458(3.890630) | NFE Forward 14(14.0) | NFE Backward 14(14.0) | CNF Time 0.5000(0.5000)
Iter 0082 | Time 0.0728(0.0743) | Loss 3.879678(3.889863) | NFE Forward 14(14.0) | NFE Backward 14(14.0) | CNF Time 0.5000(0.5000)
Iter 0083 | Time 0.0729(0.0742) | Loss 3.878497(3.889067) | NFE Forward 14(14.0) | NFE Backward 14(14.0) | CNF Time 0.5000(0.5000)
Iter 0084 | Time 0.0743(0.0742) | Loss 3.881454(3.888534) | NFE Forward 14(14.0) | NFE Backward 14(14.0) | CNF Time 0.5000(0.5000)
Iter 0085 | Time 0.0741(0.0742) | Loss 3.883496(3.888182) | NFE Forward 14(14.0) | NFE Backward 14(14.0) | CNF Time 0.5000(0.5000)
Iter 0086 | Time 0.0728(0.0741) | Loss 3.881525(3.887716) | NFE Forward 14(14.0) | NFE Backward 14(14.0) | CNF Time 0.5000(0.5000)
Iter 0087 | Time 0.0785(0.0744) | Loss 3.875708(3.886875) | NFE Forward 14(14.0) | NFE Backward 14(14.0) | CNF Time 0.5000(0.5000)
Iter 0088 | Time 0.0743(0.0744) | Loss 3.881845(3.886523) | NFE Forward 14(14.0) | NFE Backward 14(14.0) | CNF Time 0.5000(0.5000)
Iter 0089 | Time 0.0729(0.0743) | Loss 3.872133(3.885516) | NFE Forward 14(14.0) | NFE Backward 14(14.0) | CNF Time 0.5000(0.5000)
Iter 0090 | Time 0.0731(0.0742) | Loss 3.877661(3.884966) | NFE Forward 14(14.0) | NFE Backward 14(14.0) | CNF Time 0.5000(0.5000)
Iter 0091 | Time 0.0731(0.0741) | Loss 3.876754(3.884391) | NFE Forward 14(14.0) | NFE Backward 14(14.0) | CNF Time 0.5000(0.5000)
Iter 0092 | Time 0.0729(0.0740) | Loss 3.867203(3.883188) | NFE Forward 14(14.0) | NFE Backward 14(14.0) | CNF Time 0.5000(0.5000)
Iter 0093 | Time 0.0728(0.0739) | Loss 3.869900(3.882258) | NFE Forward 14(14.0) | NFE Backward 14(14.0) | CNF Time 0.5000(0.5000)
Iter 0094 | Time 0.0754(0.0740) | Loss 3.874441(3.881711) | NFE Forward 14(14.0) | NFE Backward 14(14.0) | CNF Time 0.5000(0.5000)
Iter 0095 | Time 0.0735(0.0740) | Loss 3.871035(3.880963) | NFE Forward 14(14.0) | NFE Backward 14(14.0) | CNF Time 0.5000(0.5000)
Iter 0096 | Time 0.0771(0.0742) | Loss 3.868077(3.880061) | NFE Forward 14(14.0) | NFE Backward 14(14.0) | CNF Time 0.5000(0.5000)
Iter 0097 | Time 0.0772(0.0744) | Loss 3.872430(3.879527) | NFE Forward 14(14.0) | NFE Backward 14(14.0) | CNF Time 0.5000(0.5000)
Iter 0098 | Time 0.0734(0.0744) | Loss 3.867281(3.878670) | NFE Forward 14(14.0) | NFE Backward 14(14.0) | CNF Time 0.5000(0.5000)
Iter 0099 | Time 0.0728(0.0742) | Loss 3.873620(3.878316) | NFE Forward 14(14.0) | NFE Backward 14(14.0) | CNF Time 0.5000(0.5000)
Iter 0100 | Time 0.0727(0.0741) | Loss 3.868886(3.877656) | NFE Forward 14(14.0) | NFE Backward 14(14.0) | CNF Time 0.5000(0.5000)
[TEST] Iter 0100 | Test Loss 3.855163 | NFE 14
Iter 0101 | Time 0.0738(0.0741) | Loss 3.863924(3.876695) | NFE Forward 14(14.0) | NFE Backward 14(14.0) | CNF Time 0.5000(0.5000)
Iter 0102 | Time 0.0728(0.0740) | Loss 3.862138(3.875676) | NFE Forward 14(14.0) | NFE Backward 14(14.0) | CNF Time 0.5000(0.5000)
Iter 0103 | Time 0.0751(0.0741) | Loss 3.866119(3.875007) | NFE Forward 14(14.0) | NFE Backward 14(14.0) | CNF Time 0.5000(0.5000)
Iter 0104 | Time 0.0757(0.0742) | Loss 3.868839(3.874575) | NFE Forward 14(14.0) | NFE Backward 14(14.0) | CNF Time 0.5000(0.5000)
Iter 0105 | Time 0.0764(0.0744) | Loss 3.866408(3.874003) | NFE Forward 14(14.0) | NFE Backward 14(14.0) | CNF Time 0.5000(0.5000)
Iter 0106 | Time 0.0753(0.0744) | Loss 3.854413(3.872632) | NFE Forward 14(14.0) | NFE Backward 14(14.0) | CNF Time 0.5000(0.5000)
Iter 0107 | Time 0.0734(0.0744) | Loss 3.860487(3.871782) | NFE Forward 14(14.0) | NFE Backward 14(14.0) | CNF Time 0.5000(0.5000)
Iter 0108 | Time 0.0731(0.0743) | Loss 3.865175(3.871319) | NFE Forward 14(14.0) | NFE Backward 14(14.0) | CNF Time 0.5000(0.5000)
Iter 0109 | Time 0.0730(0.0742) | Loss 3.857394(3.870345) | NFE Forward 14(14.0) | NFE Backward 14(14.0) | CNF Time 0.5000(0.5000)
Iter 0110 | Time 0.0731(0.0741) | Loss 3.866179(3.870053) | NFE Forward 14(14.0) | NFE Backward 14(14.0) | CNF Time 0.5000(0.5000)
Iter 0111 | Time 0.0731(0.0740) | Loss 3.860387(3.869376) | NFE Forward 14(14.0) | NFE Backward 14(14.0) | CNF Time 0.5000(0.5000)
Iter 0112 | Time 0.0729(0.0740) | Loss 3.860090(3.868726) | NFE Forward 14(14.0) | NFE Backward 14(14.0) | CNF Time 0.5000(0.5000)
Iter 0113 | Time 0.0758(0.0741) | Loss 3.853285(3.867645) | NFE Forward 14(14.0) | NFE Backward 14(14.0) | CNF Time 0.5000(0.5000)
Iter 0114 | Time 0.0829(0.0747) | Loss 3.856343(3.866854) | NFE Forward 14(14.0) | NFE Backward 14(14.0) | CNF Time 0.5000(0.5000)
Iter 0115 | Time 0.0763(0.0748) | Loss 3.849433(3.865635) | NFE Forward 14(14.0) | NFE Backward 14(14.0) | CNF Time 0.5000(0.5000)
Iter 0116 | Time 0.0738(0.0747) | Loss 3.851927(3.864675) | NFE Forward 14(14.0) | NFE Backward 14(14.0) | CNF Time 0.5000(0.5000)
Iter 0117 | Time 0.0733(0.0746) | Loss 3.856776(3.864122) | NFE Forward 14(14.0) | NFE Backward 14(14.0) | CNF Time 0.5000(0.5000)
Iter 0118 | Time 0.0730(0.0745) | Loss 3.847099(3.862931) | NFE Forward 14(14.0) | NFE Backward 14(14.0) | CNF Time 0.5000(0.5000)
Iter 0119 | Time 0.0729(0.0744) | Loss 3.847393(3.861843) | NFE Forward 14(14.0) | NFE Backward 14(14.0) | CNF Time 0.5000(0.5000)
Iter 0120 | Time 0.0731(0.0743) | Loss 3.853771(3.861278) | NFE Forward 14(14.0) | NFE Backward 14(14.0) | CNF Time 0.5000(0.5000)
Iter 0121 | Time 0.0734(0.0743) | Loss 3.839329(3.859742) | NFE Forward 14(14.0) | NFE Backward 14(14.0) | CNF Time 0.5000(0.5000)
Iter 0122 | Time 0.0729(0.0742) | Loss 3.842015(3.858501) | NFE Forward 14(14.0) | NFE Backward 14(14.0) | CNF Time 0.5000(0.5000)
Iter 0123 | Time 0.0794(0.0745) | Loss 3.846112(3.857634) | NFE Forward 14(14.0) | NFE Backward 14(14.0) | CNF Time 0.5000(0.5000)
Iter 0124 | Time 0.0746(0.0745) | Loss 3.841742(3.856521) | NFE Forward 14(14.0) | NFE Backward 14(14.0) | CNF Time 0.5000(0.5000)
Iter 0125 | Time 0.0745(0.0745) | Loss 3.841241(3.855452) | NFE Forward 14(14.0) | NFE Backward 14(14.0) | CNF Time 0.5000(0.5000)
Iter 0126 | Time 0.0737(0.0745) | Loss 3.840970(3.854438) | NFE Forward 14(14.0) | NFE Backward 14(14.0) | CNF Time 0.5000(0.5000)
Iter 0127 | Time 0.0729(0.0744) | Loss 3.841452(3.853529) | NFE Forward 14(14.0) | NFE Backward 14(14.0) | CNF Time 0.5000(0.5000)
Iter 0128 | Time 0.0733(0.0743) | Loss 3.840977(3.852650) | NFE Forward 14(14.0) | NFE Backward 14(14.0) | CNF Time 0.5000(0.5000)
Iter 0129 | Time 0.0728(0.0742) | Loss 3.828933(3.850990) | NFE Forward 14(14.0) | NFE Backward 14(14.0) | CNF Time 0.5000(0.5000)
Iter 0130 | Time 0.0729(0.0741) | Loss 3.839374(3.850177) | NFE Forward 14(14.0) | NFE Backward 14(14.0) | CNF Time 0.5000(0.5000)
Iter 0131 | Time 0.0733(0.0740) | Loss 3.829980(3.848763) | NFE Forward 14(14.0) | NFE Backward 14(14.0) | CNF Time 0.5000(0.5000)
Iter 0132 | Time 0.0766(0.0742) | Loss 3.834405(3.847758) | NFE Forward 14(14.0) | NFE Backward 14(14.0) | CNF Time 0.5000(0.5000)
Iter 0133 | Time 0.0756(0.0743) | Loss 3.827476(3.846338) | NFE Forward 14(14.0) | NFE Backward 14(14.0) | CNF Time 0.5000(0.5000)
Iter 0134 | Time 0.0744(0.0743) | Loss 3.837677(3.845732) | NFE Forward 14(14.0) | NFE Backward 14(14.0) | CNF Time 0.5000(0.5000)
Iter 0135 | Time 0.0749(0.0744) | Loss 3.834156(3.844922) | NFE Forward 14(14.0) | NFE Backward 14(14.0) | CNF Time 0.5000(0.5000)
Iter 0136 | Time 0.0730(0.0743) | Loss 3.822291(3.843337) | NFE Forward 14(14.0) | NFE Backward 14(14.0) | CNF Time 0.5000(0.5000)
Iter 0137 | Time 0.0731(0.0742) | Loss 3.823373(3.841940) | NFE Forward 14(14.0) | NFE Backward 14(14.0) | CNF Time 0.5000(0.5000)
Iter 0138 | Time 0.0732(0.0741) | Loss 3.822292(3.840565) | NFE Forward 14(14.0) | NFE Backward 14(14.0) | CNF Time 0.5000(0.5000)
Iter 0139 | Time 0.0731(0.0740) | Loss 3.822959(3.839332) | NFE Forward 14(14.0) | NFE Backward 14(14.0) | CNF Time 0.5000(0.5000)
Iter 0140 | Time 0.0729(0.0740) | Loss 3.816759(3.837752) | NFE Forward 14(14.0) | NFE Backward 14(14.0) | CNF Time 0.5000(0.5000)
Iter 0141 | Time 0.0741(0.0740) | Loss 3.822079(3.836655) | NFE Forward 14(14.0) | NFE Backward 14(14.0) | CNF Time 0.5000(0.5000)
Iter 0142 | Time 0.0777(0.0742) | Loss 3.809466(3.834752) | NFE Forward 14(14.0) | NFE Backward 14(14.0) | CNF Time 0.5000(0.5000)
Iter 0143 | Time 0.0754(0.0743) | Loss 3.808817(3.832936) | NFE Forward 14(14.0) | NFE Backward 14(14.0) | CNF Time 0.5000(0.5000)
Iter 0144 | Time 0.0732(0.0742) | Loss 3.805500(3.831016) | NFE Forward 14(14.0) | NFE Backward 14(14.0) | CNF Time 0.5000(0.5000)
Iter 0145 | Time 0.0748(0.0743) | Loss 3.814112(3.829833) | NFE Forward 14(14.0) | NFE Backward 14(14.0) | CNF Time 0.5000(0.5000)
Iter 0146 | Time 0.0731(0.0742) | Loss 3.813656(3.828700) | NFE Forward 14(14.0) | NFE Backward 14(14.0) | CNF Time 0.5000(0.5000)
Iter 0147 | Time 0.0728(0.0741) | Loss 3.812322(3.827554) | NFE Forward 14(14.0) | NFE Backward 14(14.0) | CNF Time 0.5000(0.5000)
Iter 0148 | Time 0.0729(0.0740) | Loss 3.808251(3.826203) | NFE Forward 14(14.0) | NFE Backward 14(14.0) | CNF Time 0.5000(0.5000)
Iter 0149 | Time 0.0734(0.0740) | Loss 3.807250(3.824876) | NFE Forward 14(14.0) | NFE Backward 14(14.0) | CNF Time 0.5000(0.5000)
Iter 0150 | Time 0.0729(0.0739) | Loss 3.797132(3.822934) | NFE Forward 14(14.0) | NFE Backward 14(14.0) | CNF Time 0.5000(0.5000)
Iter 0151 | Time 0.0776(0.0742) | Loss 3.801977(3.821467) | NFE Forward 14(14.0) | NFE Backward 14(14.0) | CNF Time 0.5000(0.5000)
Iter 0152 | Time 0.0771(0.0744) | Loss 3.801546(3.820072) | NFE Forward 14(14.0) | NFE Backward 14(14.0) | CNF Time 0.5000(0.5000)
Iter 0153 | Time 0.0731(0.0743) | Loss 3.790723(3.818018) | NFE Forward 14(14.0) | NFE Backward 14(14.0) | CNF Time 0.5000(0.5000)
Iter 0154 | Time 0.0729(0.0742) | Loss 3.799953(3.816753) | NFE Forward 14(14.0) | NFE Backward 14(14.0) | CNF Time 0.5000(0.5000)
Iter 0155 | Time 0.0746(0.0742) | Loss 3.788547(3.814779) | NFE Forward 14(14.0) | NFE Backward 14(14.0) | CNF Time 0.5000(0.5000)
Iter 0156 | Time 0.0736(0.0742) | Loss 3.786839(3.812823) | NFE Forward 14(14.0) | NFE Backward 14(14.0) | CNF Time 0.5000(0.5000)
Iter 0157 | Time 0.0728(0.0741) | Loss 3.786876(3.811007) | NFE Forward 14(14.0) | NFE Backward 14(14.0) | CNF Time 0.5000(0.5000)
Iter 0158 | Time 0.0730(0.0740) | Loss 3.781514(3.808942) | NFE Forward 14(14.0) | NFE Backward 14(14.0) | CNF Time 0.5000(0.5000)
Iter 0159 | Time 0.0733(0.0739) | Loss 3.777857(3.806766) | NFE Forward 14(14.0) | NFE Backward 14(14.0) | CNF Time 0.5000(0.5000)
Iter 0160 | Time 0.0767(0.0741) | Loss 3.787105(3.805390) | NFE Forward 14(14.0) | NFE Backward 14(14.0) | CNF Time 0.5000(0.5000)
Iter 0161 | Time 0.0740(0.0741) | Loss 3.785088(3.803969) | NFE Forward 14(14.0) | NFE Backward 14(14.0) | CNF Time 0.5000(0.5000)
Iter 0162 | Time 0.0759(0.0743) | Loss 3.780432(3.802321) | NFE Forward 14(14.0) | NFE Backward 14(14.0) | CNF Time 0.5000(0.5000)
Iter 0163 | Time 0.0735(0.0742) | Loss 3.773683(3.800317) | NFE Forward 14(14.0) | NFE Backward 14(14.0) | CNF Time 0.5000(0.5000)
Iter 0164 | Time 0.0737(0.0742) | Loss 3.765581(3.797885) | NFE Forward 14(14.0) | NFE Backward 14(14.0) | CNF Time 0.5000(0.5000)
Iter 0165 | Time 0.0736(0.0741) | Loss 3.769809(3.795920) | NFE Forward 14(14.0) | NFE Backward 14(14.0) | CNF Time 0.5000(0.5000)
Iter 0166 | Time 0.0732(0.0741) | Loss 3.766076(3.793831) | NFE Forward 14(14.0) | NFE Backward 14(14.0) | CNF Time 0.5000(0.5000)
Iter 0167 | Time 0.0729(0.0740) | Loss 3.767653(3.791998) | NFE Forward 14(14.0) | NFE Backward 14(14.0) | CNF Time 0.5000(0.5000)
Iter 0168 | Time 0.0728(0.0739) | Loss 3.760879(3.789820) | NFE Forward 14(14.0) | NFE Backward 14(14.0) | CNF Time 0.5000(0.5000)
Iter 0169 | Time 0.0824(0.0745) | Loss 3.755792(3.787438) | NFE Forward 14(14.0) | NFE Backward 14(14.0) | CNF Time 0.5000(0.5000)
Iter 0170 | Time 0.0752(0.0745) | Loss 3.761347(3.785612) | NFE Forward 14(14.0) | NFE Backward 14(14.0) | CNF Time 0.5000(0.5000)
Iter 0171 | Time 0.0745(0.0745) | Loss 3.757828(3.783667) | NFE Forward 14(14.0) | NFE Backward 14(14.0) | CNF Time 0.5000(0.5000)
Iter 0172 | Time 0.0752(0.0746) | Loss 3.753551(3.781559) | NFE Forward 14(14.0) | NFE Backward 14(14.0) | CNF Time 0.5000(0.5000)
Iter 0173 | Time 0.0733(0.0745) | Loss 3.753704(3.779609) | NFE Forward 14(14.0) | NFE Backward 14(14.0) | CNF Time 0.5000(0.5000)
Iter 0174 | Time 0.0747(0.0745) | Loss 3.751891(3.777669) | NFE Forward 14(14.0) | NFE Backward 14(14.0) | CNF Time 0.5000(0.5000)
Iter 0175 | Time 0.0730(0.0744) | Loss 3.738523(3.774928) | NFE Forward 14(14.0) | NFE Backward 14(14.0) | CNF Time 0.5000(0.5000)
Iter 0176 | Time 0.0731(0.0743) | Loss 3.743897(3.772756) | NFE Forward 14(14.0) | NFE Backward 14(14.0) | CNF Time 0.5000(0.5000)
Iter 0177 | Time 0.0732(0.0742) | Loss 3.737040(3.770256) | NFE Forward 14(14.0) | NFE Backward 14(14.0) | CNF Time 0.5000(0.5000)
Iter 0178 | Time 0.0760(0.0744) | Loss 3.733944(3.767714) | NFE Forward 14(14.0) | NFE Backward 14(14.0) | CNF Time 0.5000(0.5000)
Iter 0179 | Time 0.0743(0.0744) | Loss 3.736533(3.765531) | NFE Forward 14(14.0) | NFE Backward 14(14.0) | CNF Time 0.5000(0.5000)
Iter 0180 | Time 0.0748(0.0744) | Loss 3.728517(3.762940) | NFE Forward 14(14.0) | NFE Backward 14(14.0) | CNF Time 0.5000(0.5000)
Iter 0181 | Time 0.0750(0.0744) | Loss 3.728575(3.760535) | NFE Forward 14(14.0) | NFE Backward 14(14.0) | CNF Time 0.5000(0.5000)
Iter 0182 | Time 0.0736(0.0744) | Loss 3.725799(3.758103) | NFE Forward 14(14.0) | NFE Backward 14(14.0) | CNF Time 0.5000(0.5000)
Iter 0183 | Time 0.0729(0.0743) | Loss 3.714918(3.755080) | NFE Forward 14(14.0) | NFE Backward 14(14.0) | CNF Time 0.5000(0.5000)
Iter 0184 | Time 0.0752(0.0743) | Loss 3.717741(3.752467) | NFE Forward 14(14.0) | NFE Backward 14(14.0) | CNF Time 0.5000(0.5000)
Iter 0185 | Time 0.0732(0.0743) | Loss 3.704775(3.749128) | NFE Forward 14(14.0) | NFE Backward 14(14.0) | CNF Time 0.5000(0.5000)
Iter 0186 | Time 0.0730(0.0742) | Loss 3.716967(3.746877) | NFE Forward 14(14.0) | NFE Backward 14(14.0) | CNF Time 0.5000(0.5000)
Iter 0187 | Time 0.0752(0.0742) | Loss 3.711391(3.744393) | NFE Forward 14(14.0) | NFE Backward 14(14.0) | CNF Time 0.5000(0.5000)
Iter 0188 | Time 0.0951(0.0757) | Loss 3.713497(3.742230) | NFE Forward 14(14.0) | NFE Backward 20(14.4) | CNF Time 0.5000(0.5000)
Iter 0189 | Time 0.0743(0.0756) | Loss 3.711432(3.740074) | NFE Forward 14(14.0) | NFE Backward 14(14.4) | CNF Time 0.5000(0.5000)
Iter 0190 | Time 0.0734(0.0754) | Loss 3.701824(3.737397) | NFE Forward 14(14.0) | NFE Backward 14(14.4) | CNF Time 0.5000(0.5000)
Iter 0191 | Time 0.0761(0.0755) | Loss 3.698349(3.734663) | NFE Forward 14(14.0) | NFE Backward 14(14.3) | CNF Time 0.5000(0.5000)
Iter 0192 | Time 0.0732(0.0753) | Loss 3.698619(3.732140) | NFE Forward 14(14.0) | NFE Backward 14(14.3) | CNF Time 0.5000(0.5000)
Iter 0193 | Time 0.0740(0.0752) | Loss 3.689670(3.729167) | NFE Forward 14(14.0) | NFE Backward 14(14.3) | CNF Time 0.5000(0.5000)
Iter 0194 | Time 0.0740(0.0752) | Loss 3.689396(3.726383) | NFE Forward 14(14.0) | NFE Backward 14(14.3) | CNF Time 0.5000(0.5000)
Iter 0195 | Time 0.0730(0.0750) | Loss 3.688909(3.723760) | NFE Forward 14(14.0) | NFE Backward 14(14.3) | CNF Time 0.5000(0.5000)
Iter 0196 | Time 0.0755(0.0750) | Loss 3.683149(3.720917) | NFE Forward 14(14.0) | NFE Backward 14(14.2) | CNF Time 0.5000(0.5000)
Iter 0197 | Time 0.0752(0.0751) | Loss 3.673748(3.717616) | NFE Forward 14(14.0) | NFE Backward 14(14.2) | CNF Time 0.5000(0.5000)
Iter 0198 | Time 0.0747(0.0750) | Loss 3.665450(3.713964) | NFE Forward 14(14.0) | NFE Backward 14(14.2) | CNF Time 0.5000(0.5000)
Iter 0199 | Time 0.0732(0.0749) | Loss 3.669796(3.710872) | NFE Forward 14(14.0) | NFE Backward 14(14.2) | CNF Time 0.5000(0.5000)
Iter 0200 | Time 0.0736(0.0748) | Loss 3.672920(3.708216) | NFE Forward 14(14.0) | NFE Backward 14(14.2) | CNF Time 0.5000(0.5000)
[TEST] Iter 0200 | Test Loss 3.657066 | NFE 14
Iter 0201 | Time 0.0741(0.0748) | Loss 3.668616(3.705444) | NFE Forward 14(14.0) | NFE Backward 14(14.2) | CNF Time 0.5000(0.5000)
Iter 0202 | Time 0.0732(0.0747) | Loss 3.665873(3.702674) | NFE Forward 14(14.0) | NFE Backward 14(14.2) | CNF Time 0.5000(0.5000)
Iter 0203 | Time 0.0746(0.0746) | Loss 3.659869(3.699677) | NFE Forward 14(14.0) | NFE Backward 14(14.1) | CNF Time 0.5000(0.5000)
Iter 0204 | Time 0.0933(0.0760) | Loss 3.655426(3.696580) | NFE Forward 14(14.0) | NFE Backward 20(14.6) | CNF Time 0.5000(0.5000)
Iter 0205 | Time 0.0775(0.0761) | Loss 3.651330(3.693412) | NFE Forward 14(14.0) | NFE Backward 14(14.5) | CNF Time 0.5000(0.5000)
Iter 0206 | Time 0.0743(0.0759) | Loss 3.649655(3.690349) | NFE Forward 14(14.0) | NFE Backward 14(14.5) | CNF Time 0.5000(0.5000)
Iter 0207 | Time 0.0739(0.0758) | Loss 3.643574(3.687075) | NFE Forward 14(14.0) | NFE Backward 14(14.4) | CNF Time 0.5000(0.5000)
Iter 0208 | Time 0.0730(0.0756) | Loss 3.646559(3.684239) | NFE Forward 14(14.0) | NFE Backward 14(14.4) | CNF Time 0.5000(0.5000)
Iter 0209 | Time 0.0953(0.0770) | Loss 3.631824(3.680570) | NFE Forward 14(14.0) | NFE Backward 20(14.8) | CNF Time 0.5000(0.5000)
Iter 0210 | Time 0.0744(0.0768) | Loss 3.638430(3.677620) | NFE Forward 14(14.0) | NFE Backward 14(14.7) | CNF Time 0.5000(0.5000)
Iter 0211 | Time 0.0734(0.0766) | Loss 3.631169(3.674369) | NFE Forward 14(14.0) | NFE Backward 14(14.7) | CNF Time 0.5000(0.5000)
Iter 0212 | Time 0.0997(0.0782) | Loss 3.633353(3.671497) | NFE Forward 14(14.0) | NFE Backward 20(15.1) | CNF Time 0.5000(0.5000)
Iter 0213 | Time 0.0794(0.0783) | Loss 3.629386(3.668550) | NFE Forward 14(14.0) | NFE Backward 14(15.0) | CNF Time 0.5000(0.5000)
Iter 0214 | Time 0.0772(0.0782) | Loss 3.621307(3.665243) | NFE Forward 14(14.0) | NFE Backward 14(14.9) | CNF Time 0.5000(0.5000)
Iter 0215 | Time 0.0754(0.0780) | Loss 3.618131(3.661945) | NFE Forward 14(14.0) | NFE Backward 14(14.9) | CNF Time 0.5000(0.5000)
Iter 0216 | Time 0.0738(0.0777) | Loss 3.612592(3.658490) | NFE Forward 14(14.0) | NFE Backward 14(14.8) | CNF Time 0.5000(0.5000)
Iter 0217 | Time 0.0757(0.0776) | Loss 3.611664(3.655212) | NFE Forward 14(14.0) | NFE Backward 14(14.7) | CNF Time 0.5000(0.5000)
Iter 0218 | Time 0.0753(0.0774) | Loss 3.606509(3.651803) | NFE Forward 14(14.0) | NFE Backward 14(14.7) | CNF Time 0.5000(0.5000)
Iter 0219 | Time 0.0972(0.0788) | Loss 3.606718(3.648647) | NFE Forward 14(14.0) | NFE Backward 20(15.1) | CNF Time 0.5000(0.5000)
Iter 0220 | Time 0.0759(0.0786) | Loss 3.599354(3.645197) | NFE Forward 14(14.0) | NFE Backward 14(15.0) | CNF Time 0.5000(0.5000)
Iter 0221 | Time 0.0760(0.0784) | Loss 3.597929(3.641888) | NFE Forward 14(14.0) | NFE Backward 14(14.9) | CNF Time 0.5000(0.5000)
Iter 0222 | Time 0.0775(0.0783) | Loss 3.595335(3.638629) | NFE Forward 14(14.0) | NFE Backward 14(14.9) | CNF Time 0.5000(0.5000)
Iter 0223 | Time 0.0778(0.0783) | Loss 3.587033(3.635017) | NFE Forward 14(14.0) | NFE Backward 14(14.8) | CNF Time 0.5000(0.5000)
Iter 0224 | Time 0.0770(0.0782) | Loss 3.585463(3.631549) | NFE Forward 14(14.0) | NFE Backward 14(14.7) | CNF Time 0.5000(0.5000)
Iter 0225 | Time 0.0754(0.0780) | Loss 3.578914(3.627864) | NFE Forward 14(14.0) | NFE Backward 14(14.7) | CNF Time 0.5000(0.5000)
Iter 0226 | Time 0.0750(0.0778) | Loss 3.582161(3.624665) | NFE Forward 14(14.0) | NFE Backward 14(14.6) | CNF Time 0.5000(0.5000)
Iter 0227 | Time 0.0753(0.0776) | Loss 3.571992(3.620978) | NFE Forward 14(14.0) | NFE Backward 14(14.6) | CNF Time 0.5000(0.5000)
Iter 0228 | Time 0.0785(0.0777) | Loss 3.567016(3.617201) | NFE Forward 14(14.0) | NFE Backward 14(14.6) | CNF Time 0.5000(0.5000)
Iter 0229 | Time 0.0953(0.0789) | Loss 3.564999(3.613546) | NFE Forward 14(14.0) | NFE Backward 20(14.9) | CNF Time 0.5000(0.5000)
Iter 0230 | Time 0.0973(0.0802) | Loss 3.564150(3.610089) | NFE Forward 14(14.0) | NFE Backward 20(15.3) | CNF Time 0.5000(0.5000)
Iter 0231 | Time 0.0998(0.0816) | Loss 3.560005(3.606583) | NFE Forward 14(14.0) | NFE Backward 20(15.6) | CNF Time 0.5000(0.5000)
Iter 0232 | Time 0.0754(0.0811) | Loss 3.556548(3.603080) | NFE Forward 14(14.0) | NFE Backward 14(15.5) | CNF Time 0.5000(0.5000)
Iter 0233 | Time 0.0954(0.0821) | Loss 3.552996(3.599575) | NFE Forward 14(14.0) | NFE Backward 20(15.8) | CNF Time 0.5000(0.5000)
Iter 0234 | Time 0.0944(0.0830) | Loss 3.547207(3.595909) | NFE Forward 14(14.0) | NFE Backward 20(16.1) | CNF Time 0.5000(0.5000)
Iter 0235 | Time 0.0749(0.0824) | Loss 3.538508(3.591891) | NFE Forward 14(14.0) | NFE Backward 14(16.0) | CNF Time 0.5000(0.5000)
Iter 0236 | Time 0.1040(0.0839) | Loss 3.546185(3.588691) | NFE Forward 14(14.0) | NFE Backward 20(16.2) | CNF Time 0.5000(0.5000)
Iter 0237 | Time 0.0758(0.0834) | Loss 3.537585(3.585114) | NFE Forward 14(14.0) | NFE Backward 14(16.1) | CNF Time 0.5000(0.5000)
Iter 0238 | Time 0.0956(0.0842) | Loss 3.539744(3.581938) | NFE Forward 14(14.0) | NFE Backward 20(16.4) | CNF Time 0.5000(0.5000)
Iter 0239 | Time 0.1011(0.0854) | Loss 3.536035(3.578725) | NFE Forward 14(14.0) | NFE Backward 20(16.6) | CNF Time 0.5000(0.5000)
Iter 0240 | Time 0.0776(0.0849) | Loss 3.527948(3.575170) | NFE Forward 14(14.0) | NFE Backward 14(16.4) | CNF Time 0.5000(0.5000)
Iter 0241 | Time 0.0770(0.0843) | Loss 3.525761(3.571712) | NFE Forward 14(14.0) | NFE Backward 14(16.3) | CNF Time 0.5000(0.5000)
Iter 0242 | Time 0.0963(0.0851) | Loss 3.517609(3.567925) | NFE Forward 14(14.0) | NFE Backward 20(16.5) | CNF Time 0.5000(0.5000)
Iter 0243 | Time 0.0958(0.0859) | Loss 3.515181(3.564233) | NFE Forward 14(14.0) | NFE Backward 20(16.8) | CNF Time 0.5000(0.5000)
Iter 0244 | Time 0.0990(0.0868) | Loss 3.514344(3.560740) | NFE Forward 14(14.0) | NFE Backward 20(17.0) | CNF Time 0.5000(0.5000)
Iter 0245 | Time 0.0976(0.0876) | Loss 3.502853(3.556688) | NFE Forward 14(14.0) | NFE Backward 20(17.2) | CNF Time 0.5000(0.5000)
Iter 0246 | Time 0.1015(0.0885) | Loss 3.501598(3.552832) | NFE Forward 14(14.0) | NFE Backward 20(17.4) | CNF Time 0.5000(0.5000)
Iter 0247 | Time 0.0999(0.0893) | Loss 3.501836(3.549262) | NFE Forward 14(14.0) | NFE Backward 20(17.6) | CNF Time 0.5000(0.5000)
Iter 0248 | Time 0.1200(0.0915) | Loss 3.494755(3.545447) | NFE Forward 26(14.8) | NFE Backward 20(17.8) | CNF Time 0.5000(0.5000)
Iter 0249 | Time 0.1005(0.0921) | Loss 3.493022(3.541777) | NFE Forward 14(14.8) | NFE Backward 20(17.9) | CNF Time 0.5000(0.5000)
Iter 0250 | Time 0.0786(0.0912) | Loss 3.489018(3.538084) | NFE Forward 14(14.7) | NFE Backward 14(17.6) | CNF Time 0.5000(0.5000)
Iter 0251 | Time 0.1011(0.0919) | Loss 3.492597(3.534900) | NFE Forward 14(14.7) | NFE Backward 20(17.8) | CNF Time 0.5000(0.5000)
Iter 0252 | Time 0.1019(0.0926) | Loss 3.489410(3.531715) | NFE Forward 14(14.6) | NFE Backward 20(18.0) | CNF Time 0.5000(0.5000)
Iter 0253 | Time 0.0818(0.0918) | Loss 3.486635(3.528560) | NFE Forward 14(14.6) | NFE Backward 14(17.7) | CNF Time 0.5000(0.5000)
Iter 0254 | Time 0.1286(0.0944) | Loss 3.480920(3.525225) | NFE Forward 26(15.4) | NFE Backward 20(17.8) | CNF Time 0.5000(0.5000)
Iter 0255 | Time 0.1205(0.0962) | Loss 3.478355(3.521944) | NFE Forward 26(16.1) | NFE Backward 20(18.0) | CNF Time 0.5000(0.5000)
Iter 0256 | Time 0.0988(0.0964) | Loss 3.470482(3.518342) | NFE Forward 14(16.0) | NFE Backward 20(18.1) | CNF Time 0.5000(0.5000)
Iter 0257 | Time 0.0977(0.0965) | Loss 3.471730(3.515079) | NFE Forward 14(15.8) | NFE Backward 20(18.3) | CNF Time 0.5000(0.5000)
Iter 0258 | Time 0.1170(0.0979) | Loss 3.467888(3.511776) | NFE Forward 26(16.6) | NFE Backward 20(18.4) | CNF Time 0.5000(0.5000)
Iter 0259 | Time 0.1024(0.0982) | Loss 3.462571(3.508331) | NFE Forward 14(16.4) | NFE Backward 20(18.5) | CNF Time 0.5000(0.5000)
Iter 0260 | Time 0.1033(0.0986) | Loss 3.456481(3.504702) | NFE Forward 14(16.2) | NFE Backward 20(18.6) | CNF Time 0.5000(0.5000)
Iter 0261 | Time 0.1024(0.0989) | Loss 3.463451(3.501814) | NFE Forward 14(16.1) | NFE Backward 20(18.7) | CNF Time 0.5000(0.5000)
Iter 0262 | Time 0.0971(0.0987) | Loss 3.453661(3.498444) | NFE Forward 14(15.9) | NFE Backward 20(18.8) | CNF Time 0.5000(0.5000)
Iter 0263 | Time 0.1212(0.1003) | Loss 3.449756(3.495035) | NFE Forward 26(16.6) | NFE Backward 20(18.9) | CNF Time 0.5000(0.5000)
Iter 0264 | Time 0.1189(0.1016) | Loss 3.450018(3.491884) | NFE Forward 26(17.3) | NFE Backward 20(19.0) | CNF Time 0.5000(0.5000)
Iter 0265 | Time 0.0997(0.1015) | Loss 3.448131(3.488821) | NFE Forward 14(17.0) | NFE Backward 20(19.0) | CNF Time 0.5000(0.5000)
Iter 0266 | Time 0.1256(0.1032) | Loss 3.442630(3.485588) | NFE Forward 26(17.7) | NFE Backward 20(19.1) | CNF Time 0.5000(0.5000)
Iter 0267 | Time 0.1213(0.1044) | Loss 3.440732(3.482448) | NFE Forward 26(18.3) | NFE Backward 20(19.2) | CNF Time 0.5000(0.5000)
Iter 0268 | Time 0.1195(0.1055) | Loss 3.435267(3.479145) | NFE Forward 26(18.8) | NFE Backward 20(19.2) | CNF Time 0.5000(0.5000)
Iter 0269 | Time 0.1218(0.1066) | Loss 3.436496(3.476160) | NFE Forward 26(19.3) | NFE Backward 20(19.3) | CNF Time 0.5000(0.5000)
Iter 0270 | Time 0.1190(0.1075) | Loss 3.433208(3.473153) | NFE Forward 26(19.8) | NFE Backward 20(19.3) | CNF Time 0.5000(0.5000)
Iter 0271 | Time 0.1007(0.1070) | Loss 3.429970(3.470130) | NFE Forward 14(19.4) | NFE Backward 20(19.4) | CNF Time 0.5000(0.5000)
Iter 0272 | Time 0.1231(0.1081) | Loss 3.423730(3.466882) | NFE Forward 26(19.8) | NFE Backward 20(19.4) | CNF Time 0.5000(0.5000)
Iter 0273 | Time 0.1262(0.1094) | Loss 3.421993(3.463740) | NFE Forward 26(20.3) | NFE Backward 20(19.5) | CNF Time 0.5000(0.5000)
Iter 0274 | Time 0.1215(0.1103) | Loss 3.421425(3.460778) | NFE Forward 26(20.7) | NFE Backward 20(19.5) | CNF Time 0.5000(0.5000)
Iter 0275 | Time 0.1192(0.1109) | Loss 3.415491(3.457608) | NFE Forward 26(21.0) | NFE Backward 20(19.5) | CNF Time 0.5000(0.5000)
Iter 0276 | Time 0.1208(0.1116) | Loss 3.416673(3.454743) | NFE Forward 26(21.4) | NFE Backward 20(19.6) | CNF Time 0.5000(0.5000)
Iter 0277 | Time 0.1259(0.1126) | Loss 3.410394(3.451638) | NFE Forward 26(21.7) | NFE Backward 20(19.6) | CNF Time 0.5000(0.5000)
Iter 0278 | Time 0.1384(0.1144) | Loss 3.415594(3.449115) | NFE Forward 26(22.0) | NFE Backward 20(19.6) | CNF Time 0.5000(0.5000)
Iter 0279 | Time 0.1290(0.1154) | Loss 3.407593(3.446208) | NFE Forward 26(22.3) | NFE Backward 20(19.6) | CNF Time 0.5000(0.5000)
Iter 0280 | Time 0.1269(0.1162) | Loss 3.404163(3.443265) | NFE Forward 26(22.5) | NFE Backward 20(19.7) | CNF Time 0.5000(0.5000)
Iter 0281 | Time 0.1277(0.1170) | Loss 3.405030(3.440589) | NFE Forward 26(22.8) | NFE Backward 20(19.7) | CNF Time 0.5000(0.5000)
Iter 0282 | Time 0.1241(0.1175) | Loss 3.398695(3.437656) | NFE Forward 26(23.0) | NFE Backward 20(19.7) | CNF Time 0.5000(0.5000)
Iter 0283 | Time 0.1322(0.1185) | Loss 3.395396(3.434698) | NFE Forward 26(23.2) | NFE Backward 20(19.7) | CNF Time 0.5000(0.5000)
Iter 0284 | Time 0.1264(0.1191) | Loss 3.399886(3.432261) | NFE Forward 26(23.4) | NFE Backward 20(19.8) | CNF Time 0.5000(0.5000)
Iter 0285 | Time 0.1249(0.1195) | Loss 3.390606(3.429345) | NFE Forward 26(23.6) | NFE Backward 20(19.8) | CNF Time 0.5000(0.5000)
Iter 0286 | Time 0.1239(0.1198) | Loss 3.385239(3.426258) | NFE Forward 26(23.8) | NFE Backward 20(19.8) | CNF Time 0.5000(0.5000)
Iter 0287 | Time 0.1268(0.1203) | Loss 3.382766(3.423214) | NFE Forward 26(23.9) | NFE Backward 20(19.8) | CNF Time 0.5000(0.5000)
Iter 0288 | Time 0.1257(0.1207) | Loss 3.378504(3.420084) | NFE Forward 26(24.1) | NFE Backward 20(19.8) | CNF Time 0.5000(0.5000)
Iter 0289 | Time 0.1328(0.1215) | Loss 3.381145(3.417358) | NFE Forward 26(24.2) | NFE Backward 20(19.8) | CNF Time 0.5000(0.5000)
Iter 0290 | Time 0.1248(0.1217) | Loss 3.377009(3.414534) | NFE Forward 26(24.3) | NFE Backward 20(19.8) | CNF Time 0.5000(0.5000)
Iter 0291 | Time 0.1277(0.1222) | Loss 3.376103(3.411844) | NFE Forward 26(24.4) | NFE Backward 20(19.9) | CNF Time 0.5000(0.5000)
Iter 0292 | Time 0.1251(0.1224) | Loss 3.371161(3.408996) | NFE Forward 26(24.6) | NFE Backward 20(19.9) | CNF Time 0.5000(0.5000)
Iter 0293 | Time 0.1259(0.1226) | Loss 3.371601(3.406378) | NFE Forward 26(24.7) | NFE Backward 20(19.9) | CNF Time 0.5000(0.5000)
Iter 0294 | Time 0.1260(0.1229) | Loss 3.368119(3.403700) | NFE Forward 26(24.7) | NFE Backward 20(19.9) | CNF Time 0.5000(0.5000)
Iter 0295 | Time 0.1282(0.1232) | Loss 3.363945(3.400917) | NFE Forward 26(24.8) | NFE Backward 20(19.9) | CNF Time 0.5000(0.5000)
Iter 0296 | Time 0.1325(0.1239) | Loss 3.360042(3.398056) | NFE Forward 26(24.9) | NFE Backward 20(19.9) | CNF Time 0.5000(0.5000)
Iter 0297 | Time 0.1317(0.1244) | Loss 3.359947(3.395388) | NFE Forward 26(25.0) | NFE Backward 20(19.9) | CNF Time 0.5000(0.5000)
Iter 0298 | Time 0.1276(0.1246) | Loss 3.359283(3.392861) | NFE Forward 26(25.1) | NFE Backward 20(19.9) | CNF Time 0.5000(0.5000)
Iter 0299 | Time 0.1278(0.1249) | Loss 3.352550(3.390039) | NFE Forward 26(25.1) | NFE Backward 20(19.9) | CNF Time 0.5000(0.5000)
Iter 0300 | Time 0.1313(0.1253) | Loss 3.355874(3.387648) | NFE Forward 26(25.2) | NFE Backward 20(19.9) | CNF Time 0.5000(0.5000)
[TEST] Iter 0300 | Test Loss 3.346905 | NFE 26
Iter 0301 | Time 0.1295(0.1256) | Loss 3.352114(3.385160) | NFE Forward 26(25.2) | NFE Backward 20(19.9) | CNF Time 0.5000(0.5000)
Iter 0302 | Time 0.1313(0.1260) | Loss 3.355431(3.383079) | NFE Forward 26(25.3) | NFE Backward 20(19.9) | CNF Time 0.5000(0.5000)
Iter 0303 | Time 0.1308(0.1263) | Loss 3.346315(3.380506) | NFE Forward 26(25.3) | NFE Backward 20(19.9) | CNF Time 0.5000(0.5000)
Iter 0304 | Time 0.1264(0.1263) | Loss 3.348675(3.378278) | NFE Forward 26(25.4) | NFE Backward 20(19.9) | CNF Time 0.5000(0.5000)
Iter 0305 | Time 0.1277(0.1264) | Loss 3.340647(3.375643) | NFE Forward 26(25.4) | NFE Backward 20(19.9) | CNF Time 0.5000(0.5000)
Iter 0306 | Time 0.1225(0.1262) | Loss 3.343257(3.373376) | NFE Forward 26(25.5) | NFE Backward 20(20.0) | CNF Time 0.5000(0.5000)
Iter 0307 | Time 0.1191(0.1257) | Loss 3.335465(3.370723) | NFE Forward 26(25.5) | NFE Backward 20(20.0) | CNF Time 0.5000(0.5000)
Iter 0308 | Time 0.1202(0.1253) | Loss 3.337101(3.368369) | NFE Forward 26(25.5) | NFE Backward 20(20.0) | CNF Time 0.5000(0.5000)
Iter 0309 | Time 0.1288(0.1255) | Loss 3.333757(3.365946) | NFE Forward 26(25.6) | NFE Backward 20(20.0) | CNF Time 0.5000(0.5000)
Iter 0310 | Time 0.1297(0.1258) | Loss 3.333858(3.363700) | NFE Forward 26(25.6) | NFE Backward 20(20.0) | CNF Time 0.5000(0.5000)
Iter 0311 | Time 0.1321(0.1263) | Loss 3.327835(3.361189) | NFE Forward 26(25.6) | NFE Backward 20(20.0) | CNF Time 0.5000(0.5000)
Iter 0312 | Time 0.1347(0.1268) | Loss 3.328869(3.358927) | NFE Forward 26(25.7) | NFE Backward 20(20.0) | CNF Time 0.5000(0.5000)
Iter 0313 | Time 0.1268(0.1268) | Loss 3.328891(3.356824) | NFE Forward 26(25.7) | NFE Backward 20(20.0) | CNF Time 0.5000(0.5000)
Iter 0314 | Time 0.1239(0.1266) | Loss 3.330787(3.355002) | NFE Forward 26(25.7) | NFE Backward 20(20.0) | CNF Time 0.5000(0.5000)
Iter 0315 | Time 0.1327(0.1271) | Loss 3.325353(3.352926) | NFE Forward 26(25.7) | NFE Backward 20(20.0) | CNF Time 0.5000(0.5000)
Iter 0316 | Time 0.1338(0.1275) | Loss 3.319030(3.350554) | NFE Forward 26(25.7) | NFE Backward 20(20.0) | CNF Time 0.5000(0.5000)
Iter 0317 | Time 0.1318(0.1278) | Loss 3.319238(3.348362) | NFE Forward 26(25.8) | NFE Backward 20(20.0) | CNF Time 0.5000(0.5000)
Iter 0318 | Time 0.1318(0.1281) | Loss 3.318724(3.346287) | NFE Forward 26(25.8) | NFE Backward 20(20.0) | CNF Time 0.5000(0.5000)
Iter 0319 | Time 0.1311(0.1283) | Loss 3.320243(3.344464) | NFE Forward 26(25.8) | NFE Backward 20(20.0) | CNF Time 0.5000(0.5000)
Iter 0320 | Time 0.1302(0.1284) | Loss 3.319177(3.342694) | NFE Forward 26(25.8) | NFE Backward 20(20.0) | CNF Time 0.5000(0.5000)
Iter 0321 | Time 0.1246(0.1282) | Loss 3.304568(3.340025) | NFE Forward 26(25.8) | NFE Backward 20(20.0) | CNF Time 0.5000(0.5000)
Iter 0322 | Time 0.1212(0.1277) | Loss 3.312320(3.338086) | NFE Forward 26(25.8) | NFE Backward 20(20.0) | CNF Time 0.5000(0.5000)
Iter 0323 | Time 0.1246(0.1275) | Loss 3.308791(3.336035) | NFE Forward 26(25.8) | NFE Backward 20(20.0) | CNF Time 0.5000(0.5000)
Iter 0324 | Time 0.1269(0.1274) | Loss 3.302510(3.333688) | NFE Forward 26(25.9) | NFE Backward 20(20.0) | CNF Time 0.5000(0.5000)
Iter 0325 | Time 0.1220(0.1271) | Loss 3.301863(3.331461) | NFE Forward 26(25.9) | NFE Backward 20(20.0) | CNF Time 0.5000(0.5000)
Iter 0326 | Time 0.1253(0.1269) | Loss 3.304348(3.329563) | NFE Forward 26(25.9) | NFE Backward 20(20.0) | CNF Time 0.5000(0.5000)
Iter 0327 | Time 0.1244(0.1268) | Loss 3.303035(3.327706) | NFE Forward 26(25.9) | NFE Backward 20(20.0) | CNF Time 0.5000(0.5000)
Iter 0328 | Time 0.1217(0.1264) | Loss 3.296452(3.325518) | NFE Forward 26(25.9) | NFE Backward 20(20.0) | CNF Time 0.5000(0.5000)
Iter 0329 | Time 0.1222(0.1261) | Loss 3.299709(3.323711) | NFE Forward 26(25.9) | NFE Backward 20(20.0) | CNF Time 0.5000(0.5000)
Iter 0330 | Time 0.1206(0.1257) | Loss 3.297389(3.321869) | NFE Forward 26(25.9) | NFE Backward 20(20.0) | CNF Time 0.5000(0.5000)
Iter 0331 | Time 0.1233(0.1256) | Loss 3.297851(3.320188) | NFE Forward 26(25.9) | NFE Backward 20(20.0) | CNF Time 0.5000(0.5000)
Iter 0332 | Time 0.1327(0.1261) | Loss 3.301666(3.318891) | NFE Forward 26(25.9) | NFE Backward 20(20.0) | CNF Time 0.5000(0.5000)
Iter 0333 | Time 0.1291(0.1263) | Loss 3.296951(3.317355) | NFE Forward 26(25.9) | NFE Backward 20(20.0) | CNF Time 0.5000(0.5000)
Iter 0334 | Time 0.1276(0.1264) | Loss 3.293537(3.315688) | NFE Forward 26(25.9) | NFE Backward 20(20.0) | CNF Time 0.5000(0.5000)
Iter 0335 | Time 0.1249(0.1263) | Loss 3.293156(3.314111) | NFE Forward 26(25.9) | NFE Backward 20(20.0) | CNF Time 0.5000(0.5000)
Iter 0336 | Time 0.1248(0.1262) | Loss 3.284835(3.312061) | NFE Forward 26(25.9) | NFE Backward 20(20.0) | CNF Time 0.5000(0.5000)
Iter 0337 | Time 0.1275(0.1262) | Loss 3.285643(3.310212) | NFE Forward 26(25.9) | NFE Backward 20(20.0) | CNF Time 0.5000(0.5000)
Iter 0338 | Time 0.1300(0.1265) | Loss 3.284223(3.308393) | NFE Forward 26(25.9) | NFE Backward 20(20.0) | CNF Time 0.5000(0.5000)
Iter 0339 | Time 0.1240(0.1263) | Loss 3.281432(3.306506) | NFE Forward 26(26.0) | NFE Backward 20(20.0) | CNF Time 0.5000(0.5000)
Iter 0340 | Time 0.1242(0.1262) | Loss 3.285233(3.305017) | NFE Forward 26(26.0) | NFE Backward 20(20.0) | CNF Time 0.5000(0.5000)
Iter 0341 | Time 0.1269(0.1262) | Loss 3.278327(3.303148) | NFE Forward 26(26.0) | NFE Backward 20(20.0) | CNF Time 0.5000(0.5000)
Iter 0342 | Time 0.1260(0.1262) | Loss 3.275539(3.301216) | NFE Forward 26(26.0) | NFE Backward 20(20.0) | CNF Time 0.5000(0.5000)
Iter 0343 | Time 0.1281(0.1264) | Loss 3.279334(3.299684) | NFE Forward 26(26.0) | NFE Backward 20(20.0) | CNF Time 0.5000(0.5000)
Iter 0344 | Time 0.1259(0.1263) | Loss 3.276778(3.298080) | NFE Forward 26(26.0) | NFE Backward 20(20.0) | CNF Time 0.5000(0.5000)
Iter 0345 | Time 0.1237(0.1261) | Loss 3.278866(3.296735) | NFE Forward 26(26.0) | NFE Backward 20(20.0) | CNF Time 0.5000(0.5000)
Iter 0346 | Time 0.1248(0.1260) | Loss 3.277767(3.295408) | NFE Forward 26(26.0) | NFE Backward 20(20.0) | CNF Time 0.5000(0.5000)
Iter 0347 | Time 0.1284(0.1262) | Loss 3.271796(3.293755) | NFE Forward 26(26.0) | NFE Backward 20(20.0) | CNF Time 0.5000(0.5000)
Iter 0348 | Time 0.1264(0.1262) | Loss 3.271007(3.292162) | NFE Forward 26(26.0) | NFE Backward 20(20.0) | CNF Time 0.5000(0.5000)
Iter 0349 | Time 0.1297(0.1265) | Loss 3.270901(3.290674) | NFE Forward 26(26.0) | NFE Backward 20(20.0) | CNF Time 0.5000(0.5000)
Iter 0350 | Time 0.1235(0.1263) | Loss 3.264339(3.288831) | NFE Forward 26(26.0) | NFE Backward 20(20.0) | CNF Time 0.5000(0.5000)
Iter 0351 | Time 0.1223(0.1260) | Loss 3.266463(3.287265) | NFE Forward 26(26.0) | NFE Backward 20(20.0) | CNF Time 0.5000(0.5000)
Iter 0352 | Time 0.1222(0.1257) | Loss 3.266525(3.285813) | NFE Forward 26(26.0) | NFE Backward 20(20.0) | CNF Time 0.5000(0.5000)
Iter 0353 | Time 0.1250(0.1257) | Loss 3.261301(3.284097) | NFE Forward 26(26.0) | NFE Backward 20(20.0) | CNF Time 0.5000(0.5000)
Iter 0354 | Time 0.1230(0.1255) | Loss 3.263654(3.282666) | NFE Forward 26(26.0) | NFE Backward 20(20.0) | CNF Time 0.5000(0.5000)
Iter 0355 | Time 0.1257(0.1255) | Loss 3.257846(3.280929) | NFE Forward 26(26.0) | NFE Backward 20(20.0) | CNF Time 0.5000(0.5000)
Iter 0356 | Time 0.1219(0.1252) | Loss 3.258817(3.279381) | NFE Forward 26(26.0) | NFE Backward 20(20.0) | CNF Time 0.5000(0.5000)
Iter 0357 | Time 0.1222(0.1250) | Loss 3.264280(3.278324) | NFE Forward 26(26.0) | NFE Backward 20(20.0) | CNF Time 0.5000(0.5000)
Iter 0358 | Time 0.1232(0.1249) | Loss 3.259635(3.277016) | NFE Forward 26(26.0) | NFE Backward 20(20.0) | CNF Time 0.5000(0.5000)
Iter 0359 | Time 0.1286(0.1252) | Loss 3.254272(3.275424) | NFE Forward 26(26.0) | NFE Backward 20(20.0) | CNF Time 0.5000(0.5000)
Iter 0360 | Time 0.1266(0.1253) | Loss 3.261622(3.274458) | NFE Forward 26(26.0) | NFE Backward 20(20.0) | CNF Time 0.5000(0.5000)
Iter 0361 | Time 0.1311(0.1257) | Loss 3.252542(3.272923) | NFE Forward 26(26.0) | NFE Backward 20(20.0) | CNF Time 0.5000(0.5000)
Iter 0362 | Time 0.1192(0.1252) | Loss 3.255164(3.271680) | NFE Forward 26(26.0) | NFE Backward 20(20.0) | CNF Time 0.5000(0.5000)
Iter 0363 | Time 0.1187(0.1248) | Loss 3.252183(3.270315) | NFE Forward 26(26.0) | NFE Backward 20(20.0) | CNF Time 0.5000(0.5000)
Iter 0364 | Time 0.1237(0.1247) | Loss 3.252937(3.269099) | NFE Forward 26(26.0) | NFE Backward 20(20.0) | CNF Time 0.5000(0.5000)
Iter 0365 | Time 0.1269(0.1248) | Loss 3.251554(3.267871) | NFE Forward 26(26.0) | NFE Backward 20(20.0) | CNF Time 0.5000(0.5000)
Iter 0366 | Time 0.1303(0.1252) | Loss 3.245647(3.266315) | NFE Forward 26(26.0) | NFE Backward 20(20.0) | CNF Time 0.5000(0.5000)
Iter 0367 | Time 0.1301(0.1256) | Loss 3.250490(3.265207) | NFE Forward 26(26.0) | NFE Backward 20(20.0) | CNF Time 0.5000(0.5000)
Iter 0368 | Time 0.1214(0.1253) | Loss 3.254217(3.264438) | NFE Forward 26(26.0) | NFE Backward 20(20.0) | CNF Time 0.5000(0.5000)
Iter 0369 | Time 0.1215(0.1250) | Loss 3.245559(3.263117) | NFE Forward 26(26.0) | NFE Backward 20(20.0) | CNF Time 0.5000(0.5000)
Iter 0370 | Time 0.1257(0.1251) | Loss 3.245045(3.261852) | NFE Forward 26(26.0) | NFE Backward 20(20.0) | CNF Time 0.5000(0.5000)
Iter 0371 | Time 0.1268(0.1252) | Loss 3.249685(3.261000) | NFE Forward 26(26.0) | NFE Backward 20(20.0) | CNF Time 0.5000(0.5000)
Iter 0372 | Time 0.1259(0.1252) | Loss 3.247073(3.260025) | NFE Forward 26(26.0) | NFE Backward 20(20.0) | CNF Time 0.5000(0.5000)
Iter 0373 | Time 0.1259(0.1253) | Loss 3.243201(3.258847) | NFE Forward 26(26.0) | NFE Backward 20(20.0) | CNF Time 0.5000(0.5000)
Iter 0374 | Time 0.1252(0.1253) | Loss 3.243246(3.257755) | NFE Forward 26(26.0) | NFE Backward 20(20.0) | CNF Time 0.5000(0.5000)
Iter 0375 | Time 0.1264(0.1254) | Loss 3.244587(3.256833) | NFE Forward 26(26.0) | NFE Backward 20(20.0) | CNF Time 0.5000(0.5000)
Iter 0376 | Time 0.1282(0.1256) | Loss 3.240868(3.255716) | NFE Forward 26(26.0) | NFE Backward 20(20.0) | CNF Time 0.5000(0.5000)
Iter 0377 | Time 0.1261(0.1256) | Loss 3.240632(3.254660) | NFE Forward 26(26.0) | NFE Backward 20(20.0) | CNF Time 0.5000(0.5000)
Iter 0378 | Time 0.1257(0.1256) | Loss 3.235141(3.253294) | NFE Forward 26(26.0) | NFE Backward 20(20.0) | CNF Time 0.5000(0.5000)
Iter 0379 | Time 0.1310(0.1260) | Loss 3.235204(3.252027) | NFE Forward 26(26.0) | NFE Backward 20(20.0) | CNF Time 0.5000(0.5000)
Iter 0380 | Time 0.1248(0.1259) | Loss 3.237684(3.251023) | NFE Forward 26(26.0) | NFE Backward 20(20.0) | CNF Time 0.5000(0.5000)
Iter 0381 | Time 0.1277(0.1260) | Loss 3.235882(3.249963) | NFE Forward 26(26.0) | NFE Backward 20(20.0) | CNF Time 0.5000(0.5000)
Iter 0382 | Time 0.1293(0.1262) | Loss 3.233337(3.248800) | NFE Forward 26(26.0) | NFE Backward 20(20.0) | CNF Time 0.5000(0.5000)
Iter 0383 | Time 0.1308(0.1266) | Loss 3.231588(3.247595) | NFE Forward 26(26.0) | NFE Backward 20(20.0) | CNF Time 0.5000(0.5000)
Iter 0384 | Time 0.1268(0.1266) | Loss 3.232585(3.246544) | NFE Forward 26(26.0) | NFE Backward 20(20.0) | CNF Time 0.5000(0.5000)
Iter 0385 | Time 0.1293(0.1268) | Loss 3.232960(3.245593) | NFE Forward 26(26.0) | NFE Backward 20(20.0) | CNF Time 0.5000(0.5000)
Iter 0386 | Time 0.1283(0.1269) | Loss 3.230669(3.244549) | NFE Forward 26(26.0) | NFE Backward 20(20.0) | CNF Time 0.5000(0.5000)
Iter 0387 | Time 0.1284(0.1270) | Loss 3.233956(3.243807) | NFE Forward 26(26.0) | NFE Backward 20(20.0) | CNF Time 0.5000(0.5000)
Iter 0388 | Time 0.1241(0.1268) | Loss 3.233180(3.243063) | NFE Forward 26(26.0) | NFE Backward 20(20.0) | CNF Time 0.5000(0.5000)
Iter 0389 | Time 0.1211(0.1264) | Loss 3.231874(3.242280) | NFE Forward 26(26.0) | NFE Backward 20(20.0) | CNF Time 0.5000(0.5000)
Iter 0390 | Time 0.1213(0.1260) | Loss 3.234248(3.241718) | NFE Forward 26(26.0) | NFE Backward 20(20.0) | CNF Time 0.5000(0.5000)
Iter 0391 | Time 0.1272(0.1261) | Loss 3.227915(3.240752) | NFE Forward 26(26.0) | NFE Backward 20(20.0) | CNF Time 0.5000(0.5000)
Iter 0392 | Time 0.1261(0.1261) | Loss 3.230749(3.240051) | NFE Forward 26(26.0) | NFE Backward 20(20.0) | CNF Time 0.5000(0.5000)
Iter 0393 | Time 0.1259(0.1261) | Loss 3.230148(3.239358) | NFE Forward 26(26.0) | NFE Backward 20(20.0) | CNF Time 0.5000(0.5000)
Iter 0394 | Time 0.1291(0.1263) | Loss 3.222821(3.238201) | NFE Forward 26(26.0) | NFE Backward 20(20.0) | CNF Time 0.5000(0.5000)
Iter 0395 | Time 0.1270(0.1264) | Loss 3.222690(3.237115) | NFE Forward 26(26.0) | NFE Backward 20(20.0) | CNF Time 0.5000(0.5000)
Iter 0396 | Time 0.1243(0.1262) | Loss 3.225922(3.236331) | NFE Forward 26(26.0) | NFE Backward 20(20.0) | CNF Time 0.5000(0.5000)
Iter 0397 | Time 0.1224(0.1259) | Loss 3.224532(3.235505) | NFE Forward 26(26.0) | NFE Backward 20(20.0) | CNF Time 0.5000(0.5000)
Iter 0398 | Time 0.1216(0.1256) | Loss 3.221418(3.234519) | NFE Forward 26(26.0) | NFE Backward 20(20.0) | CNF Time 0.5000(0.5000)
Iter 0399 | Time 0.1225(0.1254) | Loss 3.227769(3.234047) | NFE Forward 26(26.0) | NFE Backward 20(20.0) | CNF Time 0.5000(0.5000)
Iter 0400 | Time 0.1252(0.1254) | Loss 3.222324(3.233226) | NFE Forward 26(26.0) | NFE Backward 20(20.0) | CNF Time 0.5000(0.5000)
[TEST] Iter 0400 | Test Loss 3.214964 | NFE 26
Iter 0401 | Time 0.1215(0.1251) | Loss 3.220834(3.232359) | NFE Forward 26(26.0) | NFE Backward 20(20.0) | CNF Time 0.5000(0.5000)
Iter 0402 | Time 0.1228(0.1250) | Loss 3.221491(3.231598) | NFE Forward 26(26.0) | NFE Backward 20(20.0) | CNF Time 0.5000(0.5000)
Iter 0403 | Time 0.1241(0.1249) | Loss 3.219965(3.230784) | NFE Forward 26(26.0) | NFE Backward 20(20.0) | CNF Time 0.5000(0.5000)
Iter 0404 | Time 0.1226(0.1247) | Loss 3.217982(3.229887) | NFE Forward 26(26.0) | NFE Backward 20(20.0) | CNF Time 0.5000(0.5000)
Iter 0405 | Time 0.1253(0.1248) | Loss 3.211915(3.228629) | NFE Forward 26(26.0) | NFE Backward 20(20.0) | CNF Time 0.5000(0.5000)
Iter 0406 | Time 0.1203(0.1245) | Loss 3.218228(3.227901) | NFE Forward 26(26.0) | NFE Backward 20(20.0) | CNF Time 0.5000(0.5000)
Iter 0407 | Time 0.1214(0.1243) | Loss 3.216891(3.227131) | NFE Forward 26(26.0) | NFE Backward 20(20.0) | CNF Time 0.5000(0.5000)
Iter 0408 | Time 0.1226(0.1241) | Loss 3.211929(3.226066) | NFE Forward 26(26.0) | NFE Backward 20(20.0) | CNF Time 0.5000(0.5000)
Iter 0409 | Time 0.1217(0.1240) | Loss 3.213476(3.225185) | NFE Forward 26(26.0) | NFE Backward 20(20.0) | CNF Time 0.5000(0.5000)
Iter 0410 | Time 0.1213(0.1238) | Loss 3.213936(3.224398) | NFE Forward 26(26.0) | NFE Backward 20(20.0) | CNF Time 0.5000(0.5000)
Iter 0411 | Time 0.1251(0.1239) | Loss 3.217342(3.223904) | NFE Forward 26(26.0) | NFE Backward 20(20.0) | CNF Time 0.5000(0.5000)
Iter 0412 | Time 0.1229(0.1238) | Loss 3.214311(3.223232) | NFE Forward 26(26.0) | NFE Backward 20(20.0) | CNF Time 0.5000(0.5000)
Iter 0413 | Time 0.1268(0.1240) | Loss 3.213353(3.222541) | NFE Forward 26(26.0) | NFE Backward 20(20.0) | CNF Time 0.5000(0.5000)
Iter 0414 | Time 0.1290(0.1244) | Loss 3.213580(3.221913) | NFE Forward 26(26.0) | NFE Backward 20(20.0) | CNF Time 0.5000(0.5000)
Iter 0415 | Time 0.1257(0.1245) | Loss 3.207046(3.220873) | NFE Forward 26(26.0) | NFE Backward 20(20.0) | CNF Time 0.5000(0.5000)
Iter 0416 | Time 0.1294(0.1248) | Loss 3.212445(3.220283) | NFE Forward 26(26.0) | NFE Backward 20(20.0) | CNF Time 0.5000(0.5000)
Iter 0417 | Time 0.1281(0.1250) | Loss 3.212693(3.219751) | NFE Forward 26(26.0) | NFE Backward 20(20.0) | CNF Time 0.5000(0.5000)
Iter 0418 | Time 0.1245(0.1250) | Loss 3.210118(3.219077) | NFE Forward 26(26.0) | NFE Backward 20(20.0) | CNF Time 0.5000(0.5000)
Iter 0419 | Time 0.1285(0.1252) | Loss 3.210527(3.218479) | NFE Forward 26(26.0) | NFE Backward 20(20.0) | CNF Time 0.5000(0.5000)
Iter 0420 | Time 0.1293(0.1255) | Loss 3.208808(3.217802) | NFE Forward 26(26.0) | NFE Backward 20(20.0) | CNF Time 0.5000(0.5000)
Iter 0421 | Time 0.1279(0.1257) | Loss 3.214440(3.217566) | NFE Forward 26(26.0) | NFE Backward 20(20.0) | CNF Time 0.5000(0.5000)
Iter 0422 | Time 0.1249(0.1256) | Loss 3.209710(3.217016) | NFE Forward 26(26.0) | NFE Backward 20(20.0) | CNF Time 0.5000(0.5000)
Iter 0423 | Time 0.1222(0.1254) | Loss 3.203825(3.216093) | NFE Forward 26(26.0) | NFE Backward 20(20.0) | CNF Time 0.5000(0.5000)
Iter 0424 | Time 0.1198(0.1250) | Loss 3.209291(3.215617) | NFE Forward 26(26.0) | NFE Backward 20(20.0) | CNF Time 0.5000(0.5000)
Iter 0425 | Time 0.1237(0.1249) | Loss 3.207381(3.215040) | NFE Forward 26(26.0) | NFE Backward 20(20.0) | CNF Time 0.5000(0.5000)
Iter 0426 | Time 0.1225(0.1248) | Loss 3.201961(3.214125) | NFE Forward 26(26.0) | NFE Backward 20(20.0) | CNF Time 0.5000(0.5000)
Iter 0427 | Time 0.1246(0.1247) | Loss 3.205667(3.213533) | NFE Forward 26(26.0) | NFE Backward 20(20.0) | CNF Time 0.5000(0.5000)
Iter 0428 | Time 0.1243(0.1247) | Loss 3.208136(3.213155) | NFE Forward 26(26.0) | NFE Backward 20(20.0) | CNF Time 0.5000(0.5000)
Iter 0429 | Time 0.1230(0.1246) | Loss 3.206052(3.212658) | NFE Forward 26(26.0) | NFE Backward 20(20.0) | CNF Time 0.5000(0.5000)
Iter 0430 | Time 0.1221(0.1244) | Loss 3.203679(3.212029) | NFE Forward 26(26.0) | NFE Backward 20(20.0) | CNF Time 0.5000(0.5000)
Iter 0431 | Time 0.1243(0.1244) | Loss 3.204126(3.211476) | NFE Forward 26(26.0) | NFE Backward 20(20.0) | CNF Time 0.5000(0.5000)
Iter 0432 | Time 0.1233(0.1243) | Loss 3.203357(3.210908) | NFE Forward 26(26.0) | NFE Backward 20(20.0) | CNF Time 0.5000(0.5000)
Iter 0433 | Time 0.1240(0.1243) | Loss 3.208961(3.210772) | NFE Forward 26(26.0) | NFE Backward 20(20.0) | CNF Time 0.5000(0.5000)
Iter 0434 | Time 0.1259(0.1244) | Loss 3.201775(3.210142) | NFE Forward 26(26.0) | NFE Backward 20(20.0) | CNF Time 0.5000(0.5000)
Iter 0435 | Time 0.1258(0.1245) | Loss 3.198224(3.209307) | NFE Forward 26(26.0) | NFE Backward 20(20.0) | CNF Time 0.5000(0.5000)
Iter 0436 | Time 0.1268(0.1247) | Loss 3.198740(3.208568) | NFE Forward 26(26.0) | NFE Backward 20(20.0) | CNF Time 0.5000(0.5000)
Iter 0437 | Time 0.1270(0.1248) | Loss 3.199840(3.207957) | NFE Forward 26(26.0) | NFE Backward 20(20.0) | CNF Time 0.5000(0.5000)
Iter 0438 | Time 0.1245(0.1248) | Loss 3.200260(3.207418) | NFE Forward 26(26.0) | NFE Backward 20(20.0) | CNF Time 0.5000(0.5000)
Iter 0439 | Time 0.1216(0.1246) | Loss 3.204896(3.207241) | NFE Forward 26(26.0) | NFE Backward 20(20.0) | CNF Time 0.5000(0.5000)
Iter 0440 | Time 0.1211(0.1243) | Loss 3.201029(3.206807) | NFE Forward 26(26.0) | NFE Backward 20(20.0) | CNF Time 0.5000(0.5000)
Iter 0441 | Time 0.1240(0.1243) | Loss 3.202320(3.206493) | NFE Forward 26(26.0) | NFE Backward 20(20.0) | CNF Time 0.5000(0.5000)
Iter 0442 | Time 0.1222(0.1242) | Loss 3.203823(3.206306) | NFE Forward 26(26.0) | NFE Backward 20(20.0) | CNF Time 0.5000(0.5000)
Iter 0443 | Time 0.1228(0.1241) | Loss 3.196942(3.205650) | NFE Forward 26(26.0) | NFE Backward 20(20.0) | CNF Time 0.5000(0.5000)
Iter 0444 | Time 0.1234(0.1240) | Loss 3.202331(3.205418) | NFE Forward 26(26.0) | NFE Backward 20(20.0) | CNF Time 0.5000(0.5000)
Iter 0445 | Time 0.1259(0.1242) | Loss 3.203281(3.205268) | NFE Forward 26(26.0) | NFE Backward 20(20.0) | CNF Time 0.5000(0.5000)
Iter 0446 | Time 0.1262(0.1243) | Loss 3.201420(3.204999) | NFE Forward 26(26.0) | NFE Backward 20(20.0) | CNF Time 0.5000(0.5000)
Iter 0447 | Time 0.1266(0.1245) | Loss 3.199373(3.204605) | NFE Forward 26(26.0) | NFE Backward 20(20.0) | CNF Time 0.5000(0.5000)
Iter 0448 | Time 0.1233(0.1244) | Loss 3.198477(3.204176) | NFE Forward 26(26.0) | NFE Backward 20(20.0) | CNF Time 0.5000(0.5000)
Iter 0449 | Time 0.1227(0.1243) | Loss 3.193498(3.203429) | NFE Forward 26(26.0) | NFE Backward 20(20.0) | CNF Time 0.5000(0.5000)
Iter 0450 | Time 0.1260(0.1244) | Loss 3.193676(3.202746) | NFE Forward 26(26.0) | NFE Backward 20(20.0) | CNF Time 0.5000(0.5000)
Iter 0451 | Time 0.1211(0.1241) | Loss 3.197182(3.202357) | NFE Forward 26(26.0) | NFE Backward 20(20.0) | CNF Time 0.5000(0.5000)
Iter 0452 | Time 0.1219(0.1240) | Loss 3.195462(3.201874) | NFE Forward 26(26.0) | NFE Backward 20(20.0) | CNF Time 0.5000(0.5000)
Iter 0453 | Time 0.1264(0.1242) | Loss 3.193264(3.201271) | NFE Forward 26(26.0) | NFE Backward 20(20.0) | CNF Time 0.5000(0.5000)
Iter 0454 | Time 0.1230(0.1241) | Loss 3.190815(3.200539) | NFE Forward 26(26.0) | NFE Backward 20(20.0) | CNF Time 0.5000(0.5000)
Iter 0455 | Time 0.1230(0.1240) | Loss 3.196126(3.200230) | NFE Forward 26(26.0) | NFE Backward 20(20.0) | CNF Time 0.5000(0.5000)
Iter 0456 | Time 0.1233(0.1240) | Loss 3.197302(3.200025) | NFE Forward 26(26.0) | NFE Backward 20(20.0) | CNF Time 0.5000(0.5000)
Iter 0457 | Time 0.1212(0.1238) | Loss 3.194203(3.199618) | NFE Forward 26(26.0) | NFE Backward 20(20.0) | CNF Time 0.5000(0.5000)
Iter 0458 | Time 0.1239(0.1238) | Loss 3.189365(3.198900) | NFE Forward 26(26.0) | NFE Backward 20(20.0) | CNF Time 0.5000(0.5000)
Iter 0459 | Time 0.1329(0.1244) | Loss 3.194876(3.198618) | NFE Forward 26(26.0) | NFE Backward 20(20.0) | CNF Time 0.5000(0.5000)
Iter 0460 | Time 0.1235(0.1244) | Loss 3.197000(3.198505) | NFE Forward 26(26.0) | NFE Backward 20(20.0) | CNF Time 0.5000(0.5000)
Iter 0461 | Time 0.1256(0.1244) | Loss 3.193516(3.198156) | NFE Forward 26(26.0) | NFE Backward 20(20.0) | CNF Time 0.5000(0.5000)
Iter 0462 | Time 0.1264(0.1246) | Loss 3.191855(3.197715) | NFE Forward 26(26.0) | NFE Backward 20(20.0) | CNF Time 0.5000(0.5000)
Iter 0463 | Time 0.1281(0.1248) | Loss 3.192632(3.197359) | NFE Forward 26(26.0) | NFE Backward 20(20.0) | CNF Time 0.5000(0.5000)
Iter 0464 | Time 0.1297(0.1252) | Loss 3.189247(3.196791) | NFE Forward 26(26.0) | NFE Backward 20(20.0) | CNF Time 0.5000(0.5000)
Iter 0465 | Time 0.1272(0.1253) | Loss 3.187019(3.196107) | NFE Forward 26(26.0) | NFE Backward 20(20.0) | CNF Time 0.5000(0.5000)
Iter 0466 | Time 0.1261(0.1254) | Loss 3.194717(3.196010) | NFE Forward 26(26.0) | NFE Backward 20(20.0) | CNF Time 0.5000(0.5000)
Iter 0467 | Time 0.1233(0.1252) | Loss 3.194005(3.195870) | NFE Forward 26(26.0) | NFE Backward 20(20.0) | CNF Time 0.5000(0.5000)
Iter 0468 | Time 0.1209(0.1249) | Loss 3.187893(3.195311) | NFE Forward 26(26.0) | NFE Backward 20(20.0) | CNF Time 0.5000(0.5000)
Iter 0469 | Time 0.1225(0.1247) | Loss 3.191585(3.195050) | NFE Forward 26(26.0) | NFE Backward 20(20.0) | CNF Time 0.5000(0.5000)
Iter 0470 | Time 0.1232(0.1246) | Loss 3.189672(3.194674) | NFE Forward 26(26.0) | NFE Backward 20(20.0) | CNF Time 0.5000(0.5000)
Iter 0471 | Time 0.1244(0.1246) | Loss 3.190663(3.194393) | NFE Forward 26(26.0) | NFE Backward 20(20.0) | CNF Time 0.5000(0.5000)
Iter 0472 | Time 0.1245(0.1246) | Loss 3.185621(3.193779) | NFE Forward 26(26.0) | NFE Backward 20(20.0) | CNF Time 0.5000(0.5000)
Iter 0473 | Time 0.1230(0.1245) | Loss 3.181813(3.192941) | NFE Forward 26(26.0) | NFE Backward 20(20.0) | CNF Time 0.5000(0.5000)
Iter 0474 | Time 0.1200(0.1242) | Loss 3.190356(3.192760) | NFE Forward 26(26.0) | NFE Backward 20(20.0) | CNF Time 0.5000(0.5000)
Iter 0475 | Time 0.1246(0.1242) | Loss 3.185883(3.192279) | NFE Forward 26(26.0) | NFE Backward 20(20.0) | CNF Time 0.5000(0.5000)
Iter 0476 | Time 0.1252(0.1243) | Loss 3.188742(3.192031) | NFE Forward 26(26.0) | NFE Backward 20(20.0) | CNF Time 0.5000(0.5000)
Iter 0477 | Time 0.1233(0.1242) | Loss 3.192988(3.192098) | NFE Forward 26(26.0) | NFE Backward 20(20.0) | CNF Time 0.5000(0.5000)
Iter 0478 | Time 0.1239(0.1242) | Loss 3.184812(3.191588) | NFE Forward 26(26.0) | NFE Backward 20(20.0) | CNF Time 0.5000(0.5000)
Iter 0479 | Time 0.1218(0.1240) | Loss 3.187194(3.191281) | NFE Forward 26(26.0) | NFE Backward 20(20.0) | CNF Time 0.5000(0.5000)
Iter 0480 | Time 0.1223(0.1239) | Loss 3.187966(3.191049) | NFE Forward 26(26.0) | NFE Backward 20(20.0) | CNF Time 0.5000(0.5000)
Iter 0481 | Time 0.1297(0.1243) | Loss 3.186718(3.190745) | NFE Forward 26(26.0) | NFE Backward 20(20.0) | CNF Time 0.5000(0.5000)
Iter 0482 | Time 0.1286(0.1246) | Loss 3.185358(3.190368) | NFE Forward 26(26.0) | NFE Backward 20(20.0) | CNF Time 0.5000(0.5000)
Iter 0483 | Time 0.1289(0.1249) | Loss 3.181476(3.189746) | NFE Forward 26(26.0) | NFE Backward 20(20.0) | CNF Time 0.5000(0.5000)
Iter 0484 | Time 0.1301(0.1253) | Loss 3.183718(3.189324) | NFE Forward 26(26.0) | NFE Backward 20(20.0) | CNF Time 0.5000(0.5000)
Iter 0485 | Time 0.1253(0.1253) | Loss 3.183991(3.188951) | NFE Forward 26(26.0) | NFE Backward 20(20.0) | CNF Time 0.5000(0.5000)
Iter 0486 | Time 0.1243(0.1252) | Loss 3.180542(3.188362) | NFE Forward 26(26.0) | NFE Backward 20(20.0) | CNF Time 0.5000(0.5000)
Iter 0487 | Time 0.1253(0.1252) | Loss 3.183845(3.188046) | NFE Forward 26(26.0) | NFE Backward 20(20.0) | CNF Time 0.5000(0.5000)
Iter 0488 | Time 0.1274(0.1254) | Loss 3.185225(3.187848) | NFE Forward 26(26.0) | NFE Backward 20(20.0) | CNF Time 0.5000(0.5000)
Iter 0489 | Time 0.1258(0.1254) | Loss 3.183446(3.187540) | NFE Forward 26(26.0) | NFE Backward 20(20.0) | CNF Time 0.5000(0.5000)
Iter 0490 | Time 0.1243(0.1253) | Loss 3.183252(3.187240) | NFE Forward 26(26.0) | NFE Backward 20(20.0) | CNF Time 0.5000(0.5000)
Iter 0491 | Time 0.1231(0.1252) | Loss 3.181983(3.186872) | NFE Forward 26(26.0) | NFE Backward 20(20.0) | CNF Time 0.5000(0.5000)
Iter 0492 | Time 0.1225(0.1250) | Loss 3.182813(3.186588) | NFE Forward 26(26.0) | NFE Backward 20(20.0) | CNF Time 0.5000(0.5000)
Iter 0493 | Time 0.1232(0.1248) | Loss 3.185338(3.186500) | NFE Forward 26(26.0) | NFE Backward 20(20.0) | CNF Time 0.5000(0.5000)
Iter 0494 | Time 0.1266(0.1250) | Loss 3.181880(3.186177) | NFE Forward 26(26.0) | NFE Backward 20(20.0) | CNF Time 0.5000(0.5000)
Iter 0495 | Time 0.1237(0.1249) | Loss 3.182868(3.185945) | NFE Forward 26(26.0) | NFE Backward 20(20.0) | CNF Time 0.5000(0.5000)
Iter 0496 | Time 0.1227(0.1247) | Loss 3.183811(3.185796) | NFE Forward 26(26.0) | NFE Backward 20(20.0) | CNF Time 0.5000(0.5000)
Iter 0497 | Time 0.1237(0.1247) | Loss 3.183723(3.185651) | NFE Forward 26(26.0) | NFE Backward 20(20.0) | CNF Time 0.5000(0.5000)
Iter 0498 | Time 0.1232(0.1246) | Loss 3.180009(3.185256) | NFE Forward 26(26.0) | NFE Backward 20(20.0) | CNF Time 0.5000(0.5000)
Iter 0499 | Time 0.1240(0.1245) | Loss 3.180666(3.184935) | NFE Forward 26(26.0) | NFE Backward 20(20.0) | CNF Time 0.5000(0.5000)
Iter 0500 | Time 0.1243(0.1245) | Loss 3.180758(3.184642) | NFE Forward 26(26.0) | NFE Backward 20(20.0) | CNF Time 0.5000(0.5000)
[TEST] Iter 0500 | Test Loss 3.174141 | NFE 26
Iter 0501 | Time 0.1270(0.1247) | Loss 3.179472(3.184280) | NFE Forward 26(26.0) | NFE Backward 20(20.0) | CNF Time 0.5000(0.5000)
Iter 0502 | Time 0.1291(0.1250) | Loss 3.179895(3.183973) | NFE Forward 26(26.0) | NFE Backward 20(20.0) | CNF Time 0.5000(0.5000)
Iter 0503 | Time 0.1267(0.1251) | Loss 3.176419(3.183444) | NFE Forward 26(26.0) | NFE Backward 20(20.0) | CNF Time 0.5000(0.5000)
Iter 0504 | Time 0.1280(0.1253) | Loss 3.182357(3.183368) | NFE Forward 26(26.0) | NFE Backward 20(20.0) | CNF Time 0.5000(0.5000)
Iter 0505 | Time 0.1316(0.1257) | Loss 3.183242(3.183359) | NFE Forward 26(26.0) | NFE Backward 20(20.0) | CNF Time 0.5000(0.5000)
Iter 0506 | Time 0.1303(0.1261) | Loss 3.181550(3.183233) | NFE Forward 26(26.0) | NFE Backward 20(20.0) | CNF Time 0.5000(0.5000)
Iter 0507 | Time 0.1272(0.1261) | Loss 3.176881(3.182788) | NFE Forward 26(26.0) | NFE Backward 20(20.0) | CNF Time 0.5000(0.5000)
Iter 0508 | Time 0.1269(0.1262) | Loss 3.178100(3.182460) | NFE Forward 26(26.0) | NFE Backward 20(20.0) | CNF Time 0.5000(0.5000)
Iter 0509 | Time 0.1241(0.1261) | Loss 3.176913(3.182072) | NFE Forward 26(26.0) | NFE Backward 20(20.0) | CNF Time 0.5000(0.5000)
Iter 0510 | Time 0.1314(0.1264) | Loss 3.178020(3.181788) | NFE Forward 26(26.0) | NFE Backward 20(20.0) | CNF Time 0.5000(0.5000)
Iter 0511 | Time 0.1309(0.1267) | Loss 3.181710(3.181783) | NFE Forward 26(26.0) | NFE Backward 20(20.0) | CNF Time 0.5000(0.5000)
Iter 0512 | Time 0.1296(0.1269) | Loss 3.177164(3.181459) | NFE Forward 26(26.0) | NFE Backward 20(20.0) | CNF Time 0.5000(0.5000)
Iter 0513 | Time 0.1323(0.1273) | Loss 3.180731(3.181408) | NFE Forward 26(26.0) | NFE Backward 20(20.0) | CNF Time 0.5000(0.5000)
Iter 0514 | Time 0.1292(0.1274) | Loss 3.176658(3.181076) | NFE Forward 26(26.0) | NFE Backward 20(20.0) | CNF Time 0.5000(0.5000)
Iter 0515 | Time 0.1262(0.1274) | Loss 3.176025(3.180722) | NFE Forward 26(26.0) | NFE Backward 20(20.0) | CNF Time 0.5000(0.5000)
Iter 0516 | Time 0.1268(0.1273) | Loss 3.178678(3.180579) | NFE Forward 26(26.0) | NFE Backward 20(20.0) | CNF Time 0.5000(0.5000)
Iter 0517 | Time 0.1280(0.1274) | Loss 3.174474(3.180152) | NFE Forward 26(26.0) | NFE Backward 20(20.0) | CNF Time 0.5000(0.5000)
Iter 0518 | Time 0.1272(0.1274) | Loss 3.177708(3.179981) | NFE Forward 26(26.0) | NFE Backward 20(20.0) | CNF Time 0.5000(0.5000)
Iter 0519 | Time 0.1282(0.1274) | Loss 3.181723(3.180103) | NFE Forward 26(26.0) | NFE Backward 20(20.0) | CNF Time 0.5000(0.5000)
Iter 0520 | Time 0.1311(0.1277) | Loss 3.181946(3.180232) | NFE Forward 26(26.0) | NFE Backward 20(20.0) | CNF Time 0.5000(0.5000)
Iter 0521 | Time 0.1304(0.1279) | Loss 3.177747(3.180058) | NFE Forward 26(26.0) | NFE Backward 20(20.0) | CNF Time 0.5000(0.5000)
Iter 0522 | Time 0.1342(0.1283) | Loss 3.180145(3.180064) | NFE Forward 26(26.0) | NFE Backward 20(20.0) | CNF Time 0.5000(0.5000)
Iter 0523 | Time 0.1310(0.1285) | Loss 3.181061(3.180134) | NFE Forward 26(26.0) | NFE Backward 20(20.0) | CNF Time 0.5000(0.5000)
Iter 0524 | Time 0.1261(0.1283) | Loss 3.175074(3.179779) | NFE Forward 26(26.0) | NFE Backward 20(20.0) | CNF Time 0.5000(0.5000)
Iter 0525 | Time 0.1227(0.1279) | Loss 3.179649(3.179770) | NFE Forward 26(26.0) | NFE Backward 20(20.0) | CNF Time 0.5000(0.5000)
Iter 0526 | Time 0.1258(0.1278) | Loss 3.177104(3.179584) | NFE Forward 26(26.0) | NFE Backward 20(20.0) | CNF Time 0.5000(0.5000)
Iter 0527 | Time 0.1260(0.1277) | Loss 3.174307(3.179214) | NFE Forward 26(26.0) | NFE Backward 20(20.0) | CNF Time 0.5000(0.5000)
Iter 0528 | Time 0.1314(0.1279) | Loss 3.180753(3.179322) | NFE Forward 26(26.0) | NFE Backward 20(20.0) | CNF Time 0.5000(0.5000)
Iter 0529 | Time 0.1302(0.1281) | Loss 3.172533(3.178847) | NFE Forward 26(26.0) | NFE Backward 20(20.0) | CNF Time 0.5000(0.5000)
Iter 0530 | Time 0.1239(0.1278) | Loss 3.172126(3.178376) | NFE Forward 26(26.0) | NFE Backward 20(20.0) | CNF Time 0.5000(0.5000)
